#
# There is insufficient memory for the Java Runtime Environment to continue.
# Native memory allocation (malloc) failed to allocate 984656 bytes. Error detail: Chunk::new
# Possible reasons:
#   The system is out of physical RAM or swap space
#   This process is running with CompressedOops enabled, and the Java Heap may be blocking the growth of the native heap
# Possible solutions:
#   Reduce memory load on the system
#   Increase physical memory or swap space
#   Check if swap backing store is full
#   Decrease Java heap size (-Xmx/-Xms)
#   Decrease number of Java threads
#   Decrease Java thread stack sizes (-Xss)
#   Set larger code cache with -XX:ReservedCodeCacheSize=
#   JVM is running with Unscaled Compressed Oops mode in which the Java heap is
#     placed in the first 4GB address space. The Java Heap base address is the
#     maximum limit for the native heap growth. Please use -XX:HeapBaseMinAddress
#     to set the Java Heap base and to place the Java Heap above 4GB virtual address.
# This output file may be truncated or incomplete.
#
#  Out of Memory Error (arena.cpp:191), pid=21164, tid=12632
#
# JRE version: OpenJDK Runtime Environment (17.0.11) (build 17.0.11+0--11852314)
# Java VM: OpenJDK 64-Bit Server VM (17.0.11+0--11852314, mixed mode, tiered, compressed oops, compressed class ptrs, g1 gc, windows-amd64)
# No core dump will be written. Minidumps are not enabled by default on client versions of Windows
#

---------------  S U M M A R Y ------------

Command Line: --add-opens=java.base/java.lang=ALL-UNNAMED --add-opens=java.base/java.lang.invoke=ALL-UNNAMED --add-opens=java.base/java.util=ALL-UNNAMED --add-opens=java.prefs/java.util.prefs=ALL-UNNAMED --add-exports=jdk.compiler/com.sun.tools.javac.api=ALL-UNNAMED --add-exports=jdk.compiler/com.sun.tools.javac.util=ALL-UNNAMED --add-opens=java.base/java.util=ALL-UNNAMED --add-opens=java.prefs/java.util.prefs=ALL-UNNAMED --add-opens=java.base/java.nio.charset=ALL-UNNAMED --add-opens=java.base/java.net=ALL-UNNAMED --add-opens=java.base/java.util.concurrent.atomic=ALL-UNNAMED --add-opens=java.xml/javax.xml.namespace=ALL-UNNAMED -Xmx2048m -Dfile.encoding=UTF-8 -Duser.country=US -Duser.language=en -Duser.variant -javaagent:C:\Users\lenovo\.gradle\wrapper\dists\gradle-8.11.1-all\2qik7nd48slq1ooc2496ixf4i\gradle-8.11.1\lib\agents\gradle-instrumentation-agent-8.11.1.jar org.gradle.launcher.daemon.bootstrap.GradleDaemon 8.11.1

Host: Intel(R) Core(TM) i5-7300U CPU @ 2.60GHz, 4 cores, 7G,  Windows 10 , 64 bit Build 19041 (10.0.19041.5915)
Time: Fri Oct 31 12:31:39 2025 E. Africa Standard Time elapsed time: 44.174014 seconds (0d 0h 0m 44s)

---------------  T H R E A D  ---------------

Current thread (0x00000140d88b75d0):  JavaThread "C2 CompilerThread0" daemon [_thread_in_native, id=12632, stack(0x000000352b700000,0x000000352b800000)]


Current CompileTask:
C2:  44174 7368       4       org.objectweb.asm.ClassReader::readMethod (1070 bytes)

Stack: [0x000000352b700000,0x000000352b800000]
Native frames: (J=compiled Java code, j=interpreted, Vv=VM code, C=native code)
V  [jvm.dll+0x687bb9]
V  [jvm.dll+0x84142a]
V  [jvm.dll+0x8430ae]
V  [jvm.dll+0x843713]
V  [jvm.dll+0x24a35f]
V  [jvm.dll+0xac544]
V  [jvm.dll+0xacb8c]
V  [jvm.dll+0x369be2]
V  [jvm.dll+0x1be312]
V  [jvm.dll+0x21c029]
V  [jvm.dll+0x21b311]
V  [jvm.dll+0x1a63ed]
V  [jvm.dll+0x22b1ee]
V  [jvm.dll+0x229375]
V  [jvm.dll+0x7f5647]
V  [jvm.dll+0x7efa4a]
V  [jvm.dll+0x686a35]
C  [ucrtbase.dll+0x21bb2]
C  [KERNEL32.DLL+0x17374]
C  [ntdll.dll+0x4cc91]


---------------  P R O C E S S  ---------------

Threads class SMR info:
_java_thread_list=0x00000140df1d2ef0, length=41, elements={
0x00000140bd1db870, 0x00000140d8721f30, 0x00000140d875e9c0, 0x00000140d88a44c0,
0x00000140d88a6ea0, 0x00000140d88a8410, 0x00000140d88ad460, 0x00000140d88b75d0,
0x00000140d88ba690, 0x00000140d88bb740, 0x00000140d88ac530, 0x00000140d88abb10,
0x00000140d88ad970, 0x00000140d88acf50, 0x00000140d88aedb0, 0x00000140d88ae390,
0x00000140d88ab600, 0x00000140d88ac020, 0x00000140d88ade80, 0x00000140debcec40,
0x00000140debcb9a0, 0x00000140debcdd10, 0x00000140debc9630, 0x00000140debc81f0,
0x00000140debcf660, 0x00000140debcc3c0, 0x00000140debcd2f0, 0x00000140debca050,
0x00000140debcf150, 0x00000140debcaf80, 0x00000140debca560, 0x00000140debcd800,
0x00000140debc8700, 0x00000140debcaa70, 0x00000140debc9b40, 0x00000140debc8c10,
0x00000140debcbeb0, 0x00000140df96fc60, 0x00000140df973410, 0x00000140df96ed30,
0x00000140df970170
}

Java Threads: ( => current thread )
  0x00000140bd1db870 JavaThread "main" [_thread_blocked, id=12316, stack(0x000000352aa00000,0x000000352ab00000)]
  0x00000140d8721f30 JavaThread "Reference Handler" daemon [_thread_blocked, id=20428, stack(0x000000352b100000,0x000000352b200000)]
  0x00000140d875e9c0 JavaThread "Finalizer" daemon [_thread_blocked, id=20780, stack(0x000000352b200000,0x000000352b300000)]
  0x00000140d88a44c0 JavaThread "Signal Dispatcher" daemon [_thread_blocked, id=19664, stack(0x000000352b300000,0x000000352b400000)]
  0x00000140d88a6ea0 JavaThread "Attach Listener" daemon [_thread_blocked, id=5360, stack(0x000000352b400000,0x000000352b500000)]
  0x00000140d88a8410 JavaThread "Service Thread" daemon [_thread_blocked, id=19968, stack(0x000000352b500000,0x000000352b600000)]
  0x00000140d88ad460 JavaThread "Monitor Deflation Thread" daemon [_thread_blocked, id=17520, stack(0x000000352b600000,0x000000352b700000)]
=>0x00000140d88b75d0 JavaThread "C2 CompilerThread0" daemon [_thread_in_native, id=12632, stack(0x000000352b700000,0x000000352b800000)]
  0x00000140d88ba690 JavaThread "C1 CompilerThread0" daemon [_thread_blocked, id=8456, stack(0x000000352b800000,0x000000352b900000)]
  0x00000140d88bb740 JavaThread "Sweeper thread" daemon [_thread_blocked, id=4176, stack(0x000000352b900000,0x000000352ba00000)]
  0x00000140d88ac530 JavaThread "Common-Cleaner" daemon [_thread_blocked, id=18764, stack(0x000000352ba00000,0x000000352bb00000)]
  0x00000140d88abb10 JavaThread "Notification Thread" daemon [_thread_blocked, id=3580, stack(0x000000352bb00000,0x000000352bc00000)]
  0x00000140d88ad970 JavaThread "Daemon health stats" [_thread_blocked, id=8080, stack(0x000000352bf00000,0x000000352c000000)]
  0x00000140d88acf50 JavaThread "Incoming local TCP Connector on port 49456" [_thread_in_native, id=7696, stack(0x000000352c100000,0x000000352c200000)]
  0x00000140d88aedb0 JavaThread "Daemon periodic checks" [_thread_blocked, id=932, stack(0x000000352c200000,0x000000352c300000)]
  0x00000140d88ae390 JavaThread "Daemon" [_thread_blocked, id=19376, stack(0x000000352c400000,0x000000352c500000)]
  0x00000140d88ab600 JavaThread "Handler for socket connection from /127.0.0.1:49456 to /127.0.0.1:49457" [_thread_in_native, id=1584, stack(0x000000352c500000,0x000000352c600000)]
  0x00000140d88ac020 JavaThread "Cancel handler" [_thread_blocked, id=13688, stack(0x000000352c600000,0x000000352c700000)]
  0x00000140d88ade80 JavaThread "Daemon worker" [_thread_blocked, id=18936, stack(0x000000352c700000,0x000000352c800000)]
  0x00000140debcec40 JavaThread "Asynchronous log dispatcher for DefaultDaemonConnection: socket connection from /127.0.0.1:49456 to /127.0.0.1:49457" [_thread_blocked, id=20572, stack(0x000000352c800000,0x000000352c900000)]
  0x00000140debcb9a0 JavaThread "Stdin handler" [_thread_blocked, id=19604, stack(0x000000352c900000,0x000000352ca00000)]
  0x00000140debcdd10 JavaThread "Daemon client event forwarder" [_thread_blocked, id=16452, stack(0x000000352ca00000,0x000000352cb00000)]
  0x00000140debc9630 JavaThread "Cache worker for journal cache (C:\Users\lenovo\.gradle\caches\journal-1)" [_thread_blocked, id=400, stack(0x000000352cb00000,0x000000352cc00000)]
  0x00000140debc81f0 JavaThread "File lock request listener" [_thread_in_native, id=13996, stack(0x000000352cc00000,0x000000352cd00000)]
  0x00000140debcf660 JavaThread "Cache worker for file hash cache (C:\Users\lenovo\.gradle\caches\8.11.1\fileHashes)" [_thread_blocked, id=10056, stack(0x000000352c300000,0x000000352c400000)]
  0x00000140debcc3c0 JavaThread "Cache worker for file content cache (C:\Users\lenovo\.gradle\caches\8.11.1\fileContent)" [_thread_blocked, id=19380, stack(0x000000352ce00000,0x000000352cf00000)]
  0x00000140debcd2f0 JavaThread "Cache worker for file hash cache (C:\Users\lenovo\StudioProjects\GiphySearchApp\.gradle\8.11.1\fileHashes)" [_thread_blocked, id=11352, stack(0x000000352cf00000,0x000000352d000000)]
  0x00000140debca050 JavaThread "Cache worker for Build Output Cleanup Cache (C:\Users\lenovo\StudioProjects\GiphySearchApp\.gradle\buildOutputCleanup)" [_thread_blocked, id=9840, stack(0x000000352d000000,0x000000352d100000)]
  0x00000140debcf150 JavaThread "File watcher server" daemon [_thread_in_native, id=15556, stack(0x000000352d100000,0x000000352d200000)]
  0x00000140debcaf80 JavaThread "File watcher consumer" daemon [_thread_blocked, id=3816, stack(0x000000352d200000,0x000000352d300000)]
  0x00000140debca560 JavaThread "jar transforms" [_thread_blocked, id=19336, stack(0x000000352cd00000,0x000000352ce00000)]
  0x00000140debcd800 JavaThread "jar transforms Thread 2" [_thread_blocked, id=20776, stack(0x000000352d300000,0x000000352d400000)]
  0x00000140debc8700 JavaThread "jar transforms Thread 3" [_thread_blocked, id=9404, stack(0x000000352d400000,0x000000352d500000)]
  0x00000140debcaa70 JavaThread "jar transforms Thread 4" [_thread_blocked, id=19112, stack(0x000000352d500000,0x000000352d600000)]
  0x00000140debc9b40 JavaThread "Cache worker for checksums cache (C:\Users\lenovo\StudioProjects\GiphySearchApp\.gradle\8.11.1\checksums)" [_thread_blocked, id=20132, stack(0x000000352d700000,0x000000352d800000)]
  0x00000140debc8c10 JavaThread "Cache worker for cache directory md-rule (C:\Users\lenovo\.gradle\caches\8.11.1\md-rule)" [_thread_blocked, id=7820, stack(0x000000352d800000,0x000000352d900000)]
  0x00000140debcbeb0 JavaThread "Cache worker for cache directory md-supplier (C:\Users\lenovo\.gradle\caches\8.11.1\md-supplier)" [_thread_blocked, id=20172, stack(0x000000352d900000,0x000000352da00000)]
  0x00000140df96fc60 JavaThread "Unconstrained build operations" [_thread_blocked, id=17344, stack(0x000000352d600000,0x000000352d700000)]
  0x00000140df973410 JavaThread "Unconstrained build operations Thread 2" [_thread_blocked, id=6888, stack(0x000000352da00000,0x000000352db00000)]
  0x00000140df96ed30 JavaThread "Unconstrained build operations Thread 3" [_thread_in_Java, id=3740, stack(0x000000352db00000,0x000000352dc00000)]
  0x00000140df970170 JavaThread "Unconstrained build operations Thread 4" [_thread_blocked, id=13600, stack(0x000000352dc00000,0x000000352dd00000)]

Other Threads:
  0x00000140d871caf0 VMThread "VM Thread" [stack: 0x000000352b000000,0x000000352b100000] [id=14032]
  0x00000140bd1dc570 WatcherThread [stack: 0x000000352bc00000,0x000000352bd00000] [id=16596]
  0x00000140bd235110 GCTaskThread "GC Thread#0" [stack: 0x000000352ab00000,0x000000352ac00000] [id=1736]
  0x00000140d8bb1060 GCTaskThread "GC Thread#1" [stack: 0x000000352bd00000,0x000000352be00000] [id=16972]
  0x00000140d8b353a0 GCTaskThread "GC Thread#2" [stack: 0x000000352be00000,0x000000352bf00000] [id=20684]
  0x00000140dd54b7a0 GCTaskThread "GC Thread#3" [stack: 0x000000352c000000,0x000000352c100000] [id=5500]
  0x00000140bd245fd0 ConcurrentGCThread "G1 Main Marker" [stack: 0x000000352ac00000,0x000000352ad00000] [id=17984]
  0x00000140bd247030 ConcurrentGCThread "G1 Conc#0" [stack: 0x000000352ad00000,0x000000352ae00000] [id=3476]
  0x00000140d85824b0 ConcurrentGCThread "G1 Refine#0" [stack: 0x000000352ae00000,0x000000352af00000] [id=10392]
  0x00000140e1a56270 ConcurrentGCThread "G1 Refine#1" [stack: 0x000000352de00000,0x000000352df00000] [id=18584]
  0x00000140bd28c560 ConcurrentGCThread "G1 Service" [stack: 0x000000352af00000,0x000000352b000000] [id=15652]

Threads with active compile tasks:
C2 CompilerThread0    44250 7368       4       org.objectweb.asm.ClassReader::readMethod (1070 bytes)

VM state: not at safepoint (normal execution)

VM Mutex/Monitor currently owned by a thread: None

Heap address: 0x0000000080000000, size: 2048 MB, Compressed Oops mode: 32-bit

CDS archive(s) not mapped
Compressed class space mapped at: 0x0000000100000000-0x0000000140000000, reserved size: 1073741824
Narrow klass base: 0x0000000000000000, Narrow klass shift: 3, Narrow klass range: 0x140000000

GC Precious Log:
 CPUs: 4 total, 4 available
 Memory: 7794M
 Large Page Support: Disabled
 NUMA Support: Disabled
 Compressed Oops: Enabled (32-bit)
 Heap Region Size: 1M
 Heap Min Capacity: 8M
 Heap Initial Capacity: 122M
 Heap Max Capacity: 2G
 Pre-touch: Disabled
 Parallel Workers: 4
 Concurrent Workers: 1
 Concurrent Refinement Workers: 4
 Periodic GC: Disabled

Heap:
 garbage-first heap   total 200704K, used 125275K [0x0000000080000000, 0x0000000100000000)
  region size 1024K, 45 young (46080K), 3 survivors (3072K)
 Metaspace       used 60623K, committed 61120K, reserved 1114112K
  class space    used 8245K, committed 8512K, reserved 1048576K

Heap Regions: E=young(eden), S=young(survivor), O=old, HS=humongous(starts), HC=humongous(continues), CS=collection set, F=free, OA=open archive, CA=closed archive, TAMS=top-at-mark-start (previous, next)
|   0|0x0000000080000000, 0x0000000080100000, 0x0000000080100000|100%|HS|  |TAMS 0x0000000080100000, 0x0000000080000000| Complete 
|   1|0x0000000080100000, 0x0000000080200000, 0x0000000080200000|100%|HC|  |TAMS 0x0000000080200000, 0x0000000080100000| Complete 
|   2|0x0000000080200000, 0x0000000080300000, 0x0000000080300000|100%|HC|  |TAMS 0x0000000080300000, 0x0000000080200000| Complete 
|   3|0x0000000080300000, 0x0000000080400000, 0x0000000080400000|100%| O|  |TAMS 0x0000000080400000, 0x0000000080300000| Untracked 
|   4|0x0000000080400000, 0x0000000080500000, 0x0000000080500000|100%| O|  |TAMS 0x0000000080500000, 0x0000000080400000| Untracked 
|   5|0x0000000080500000, 0x0000000080600000, 0x0000000080600000|100%| O|  |TAMS 0x0000000080600000, 0x0000000080500000| Untracked 
|   6|0x0000000080600000, 0x0000000080700000, 0x0000000080700000|100%| O|  |TAMS 0x0000000080700000, 0x0000000080600000| Untracked 
|   7|0x0000000080700000, 0x0000000080800000, 0x0000000080800000|100%|HS|  |TAMS 0x0000000080800000, 0x0000000080700000| Complete 
|   8|0x0000000080800000, 0x0000000080900000, 0x0000000080900000|100%| O|  |TAMS 0x0000000080900000, 0x0000000080800000| Untracked 
|   9|0x0000000080900000, 0x0000000080a00000, 0x0000000080a00000|100%| O|  |TAMS 0x0000000080a00000, 0x0000000080900000| Untracked 
|  10|0x0000000080a00000, 0x0000000080b00000, 0x0000000080b00000|100%| O|  |TAMS 0x0000000080b00000, 0x0000000080a00000| Untracked 
|  11|0x0000000080b00000, 0x0000000080c00000, 0x0000000080c00000|100%| O|  |TAMS 0x0000000080c00000, 0x0000000080b00000| Untracked 
|  12|0x0000000080c00000, 0x0000000080d00000, 0x0000000080d00000|100%| O|  |TAMS 0x0000000080d00000, 0x0000000080c00000| Untracked 
|  13|0x0000000080d00000, 0x0000000080e00000, 0x0000000080e00000|100%| O|  |TAMS 0x0000000080e00000, 0x0000000080d00000| Untracked 
|  14|0x0000000080e00000, 0x0000000080f00000, 0x0000000080f00000|100%| O|  |TAMS 0x0000000080f00000, 0x0000000080e00000| Untracked 
|  15|0x0000000080f00000, 0x0000000080fcc200, 0x0000000081000000| 79%| O|  |TAMS 0x0000000080fcc200, 0x0000000080f00000| Untracked 
|  16|0x0000000081000000, 0x0000000081100000, 0x0000000081100000|100%| O|  |TAMS 0x0000000081100000, 0x0000000081000000| Untracked 
|  17|0x0000000081100000, 0x0000000081200000, 0x0000000081200000|100%| O|  |TAMS 0x0000000081200000, 0x0000000081100000| Untracked 
|  18|0x0000000081200000, 0x0000000081300000, 0x0000000081300000|100%| O|  |TAMS 0x0000000081300000, 0x0000000081200000| Untracked 
|  19|0x0000000081300000, 0x0000000081400000, 0x0000000081400000|100%| O|  |TAMS 0x0000000081400000, 0x0000000081300000| Untracked 
|  20|0x0000000081400000, 0x0000000081500000, 0x0000000081500000|100%|HS|  |TAMS 0x0000000081500000, 0x0000000081400000| Complete 
|  21|0x0000000081500000, 0x0000000081600000, 0x0000000081600000|100%|HC|  |TAMS 0x0000000081600000, 0x0000000081500000| Complete 
|  22|0x0000000081600000, 0x0000000081700000, 0x0000000081700000|100%|HC|  |TAMS 0x0000000081700000, 0x0000000081600000| Complete 
|  23|0x0000000081700000, 0x0000000081800000, 0x0000000081800000|100%|HC|  |TAMS 0x0000000081800000, 0x0000000081700000| Complete 
|  24|0x0000000081800000, 0x0000000081900000, 0x0000000081900000|100%|HC|  |TAMS 0x0000000081900000, 0x0000000081800000| Complete 
|  25|0x0000000081900000, 0x0000000081a00000, 0x0000000081a00000|100%|HS|  |TAMS 0x0000000081a00000, 0x0000000081900000| Complete 
|  26|0x0000000081a00000, 0x0000000081b00000, 0x0000000081b00000|100%|HC|  |TAMS 0x0000000081b00000, 0x0000000081a00000| Complete 
|  27|0x0000000081b00000, 0x0000000081c00000, 0x0000000081c00000|100%|HC|  |TAMS 0x0000000081c00000, 0x0000000081b00000| Complete 
|  28|0x0000000081c00000, 0x0000000081d00000, 0x0000000081d00000|100%|HS|  |TAMS 0x0000000081d00000, 0x0000000081c00000| Complete 
|  29|0x0000000081d00000, 0x0000000081e00000, 0x0000000081e00000|100%|HC|  |TAMS 0x0000000081e00000, 0x0000000081d00000| Complete 
|  30|0x0000000081e00000, 0x0000000081f00000, 0x0000000081f00000|100%|HC|  |TAMS 0x0000000081f00000, 0x0000000081e00000| Complete 
|  31|0x0000000081f00000, 0x0000000082000000, 0x0000000082000000|100%| O|  |TAMS 0x0000000082000000, 0x0000000081f00000| Untracked 
|  32|0x0000000082000000, 0x0000000082100000, 0x0000000082100000|100%| O|  |TAMS 0x0000000082100000, 0x0000000082000000| Untracked 
|  33|0x0000000082100000, 0x0000000082200000, 0x0000000082200000|100%| O|  |TAMS 0x0000000082200000, 0x0000000082100000| Untracked 
|  34|0x0000000082200000, 0x0000000082300000, 0x0000000082300000|100%|HS|  |TAMS 0x0000000082300000, 0x0000000082200000| Complete 
|  35|0x0000000082300000, 0x0000000082300000, 0x0000000082400000|  0%| F|  |TAMS 0x0000000082300000, 0x0000000082300000| Untracked 
|  36|0x0000000082400000, 0x0000000082500000, 0x0000000082500000|100%| O|  |TAMS 0x0000000082500000, 0x0000000082400000| Untracked 
|  37|0x0000000082500000, 0x0000000082600000, 0x0000000082600000|100%| O|  |TAMS 0x0000000082600000, 0x0000000082500000| Untracked 
|  38|0x0000000082600000, 0x0000000082700000, 0x0000000082700000|100%| O|  |TAMS 0x0000000082700000, 0x0000000082600000| Untracked 
|  39|0x0000000082700000, 0x0000000082800000, 0x0000000082800000|100%| O|  |TAMS 0x0000000082800000, 0x0000000082700000| Untracked 
|  40|0x0000000082800000, 0x0000000082900000, 0x0000000082900000|100%| O|  |TAMS 0x0000000082900000, 0x0000000082800000| Untracked 
|  41|0x0000000082900000, 0x0000000082a00000, 0x0000000082a00000|100%| O|  |TAMS 0x0000000082a00000, 0x0000000082900000| Untracked 
|  42|0x0000000082a00000, 0x0000000082b00000, 0x0000000082b00000|100%| O|  |TAMS 0x0000000082b00000, 0x0000000082a00000| Untracked 
|  43|0x0000000082b00000, 0x0000000082c00000, 0x0000000082c00000|100%| O|  |TAMS 0x0000000082c00000, 0x0000000082b00000| Untracked 
|  44|0x0000000082c00000, 0x0000000082d00000, 0x0000000082d00000|100%| O|  |TAMS 0x0000000082d00000, 0x0000000082c00000| Untracked 
|  45|0x0000000082d00000, 0x0000000082e00000, 0x0000000082e00000|100%| O|  |TAMS 0x0000000082e00000, 0x0000000082d00000| Untracked 
|  46|0x0000000082e00000, 0x0000000082f00000, 0x0000000082f00000|100%| O|  |TAMS 0x0000000082f00000, 0x0000000082e00000| Untracked 
|  47|0x0000000082f00000, 0x0000000083000000, 0x0000000083000000|100%| O|  |TAMS 0x0000000083000000, 0x0000000082f00000| Untracked 
|  48|0x0000000083000000, 0x0000000083100000, 0x0000000083100000|100%| O|  |TAMS 0x0000000083100000, 0x0000000083000000| Untracked 
|  49|0x0000000083100000, 0x0000000083200000, 0x0000000083200000|100%| O|  |TAMS 0x0000000083200000, 0x0000000083100000| Untracked 
|  50|0x0000000083200000, 0x0000000083300000, 0x0000000083300000|100%| O|  |TAMS 0x0000000083300000, 0x0000000083200000| Untracked 
|  51|0x0000000083300000, 0x0000000083400000, 0x0000000083400000|100%| O|  |TAMS 0x0000000083400000, 0x0000000083300000| Untracked 
|  52|0x0000000083400000, 0x0000000083500000, 0x0000000083500000|100%| O|  |TAMS 0x0000000083500000, 0x0000000083400000| Untracked 
|  53|0x0000000083500000, 0x0000000083600000, 0x0000000083600000|100%| O|  |TAMS 0x0000000083600000, 0x0000000083500000| Untracked 
|  54|0x0000000083600000, 0x0000000083700000, 0x0000000083700000|100%| O|  |TAMS 0x0000000083700000, 0x0000000083600000| Untracked 
|  55|0x0000000083700000, 0x0000000083800000, 0x0000000083800000|100%| O|  |TAMS 0x0000000083800000, 0x0000000083700000| Untracked 
|  56|0x0000000083800000, 0x0000000083900000, 0x0000000083900000|100%| O|  |TAMS 0x0000000083900000, 0x0000000083800000| Untracked 
|  57|0x0000000083900000, 0x0000000083a00000, 0x0000000083a00000|100%| O|  |TAMS 0x0000000083a00000, 0x0000000083900000| Untracked 
|  58|0x0000000083a00000, 0x0000000083b00000, 0x0000000083b00000|100%| O|  |TAMS 0x0000000083b00000, 0x0000000083a00000| Untracked 
|  59|0x0000000083b00000, 0x0000000083c00000, 0x0000000083c00000|100%| O|  |TAMS 0x0000000083c00000, 0x0000000083b00000| Untracked 
|  60|0x0000000083c00000, 0x0000000083d00000, 0x0000000083d00000|100%| O|  |TAMS 0x0000000083d00000, 0x0000000083c00000| Untracked 
|  61|0x0000000083d00000, 0x0000000083e00000, 0x0000000083e00000|100%| O|  |TAMS 0x0000000083e00000, 0x0000000083d00000| Untracked 
|  62|0x0000000083e00000, 0x0000000083e00000, 0x0000000083f00000|  0%| F|  |TAMS 0x0000000083e00000, 0x0000000083e00000| Untracked 
|  63|0x0000000083f00000, 0x0000000084000000, 0x0000000084000000|100%| O|  |TAMS 0x0000000084000000, 0x0000000083f00000| Untracked 
|  64|0x0000000084000000, 0x0000000084100000, 0x0000000084100000|100%| O|  |TAMS 0x0000000084100000, 0x0000000084000000| Untracked 
|  65|0x0000000084100000, 0x0000000084200000, 0x0000000084200000|100%| O|  |TAMS 0x0000000084200000, 0x0000000084100000| Untracked 
|  66|0x0000000084200000, 0x0000000084300000, 0x0000000084300000|100%| O|  |TAMS 0x0000000084300000, 0x0000000084200000| Untracked 
|  67|0x0000000084300000, 0x0000000084400000, 0x0000000084400000|100%| O|  |TAMS 0x0000000084400000, 0x0000000084300000| Untracked 
|  68|0x0000000084400000, 0x0000000084500000, 0x0000000084500000|100%| O|  |TAMS 0x0000000084500000, 0x0000000084400000| Untracked 
|  69|0x0000000084500000, 0x0000000084600000, 0x0000000084600000|100%| O|  |TAMS 0x0000000084600000, 0x0000000084500000| Untracked 
|  70|0x0000000084600000, 0x0000000084700000, 0x0000000084700000|100%| O|  |TAMS 0x0000000084700000, 0x0000000084600000| Untracked 
|  71|0x0000000084700000, 0x0000000084800000, 0x0000000084800000|100%| O|  |TAMS 0x0000000084800000, 0x0000000084700000| Untracked 
|  72|0x0000000084800000, 0x0000000084900000, 0x0000000084900000|100%| O|  |TAMS 0x0000000084900000, 0x0000000084800000| Untracked 
|  73|0x0000000084900000, 0x0000000084a00000, 0x0000000084a00000|100%| O|  |TAMS 0x0000000084a00000, 0x0000000084900000| Untracked 
|  74|0x0000000084a00000, 0x0000000084b00000, 0x0000000084b00000|100%| O|  |TAMS 0x0000000084b00000, 0x0000000084a00000| Untracked 
|  75|0x0000000084b00000, 0x0000000084b00000, 0x0000000084c00000|  0%| F|  |TAMS 0x0000000084b00000, 0x0000000084b00000| Untracked 
|  76|0x0000000084c00000, 0x0000000084d00000, 0x0000000084d00000|100%|HS|  |TAMS 0x0000000084d00000, 0x0000000084c00000| Complete 
|  77|0x0000000084d00000, 0x0000000084e00000, 0x0000000084e00000|100%|HC|  |TAMS 0x0000000084e00000, 0x0000000084d00000| Complete 
|  78|0x0000000084e00000, 0x0000000084f00000, 0x0000000084f00000|100%|HC|  |TAMS 0x0000000084f00000, 0x0000000084e00000| Complete 
|  79|0x0000000084f00000, 0x0000000085000000, 0x0000000085000000|100%| O|  |TAMS 0x0000000085000000, 0x0000000084f00000| Untracked 
|  80|0x0000000085000000, 0x0000000085100000, 0x0000000085100000|100%| O|  |TAMS 0x0000000085100000, 0x0000000085000000| Untracked 
|  81|0x0000000085100000, 0x00000000851b3000, 0x0000000085200000| 69%| O|  |TAMS 0x000000008516d200, 0x0000000085100000| Untracked 
|  82|0x0000000085200000, 0x0000000085200000, 0x0000000085300000|  0%| F|  |TAMS 0x0000000085200000, 0x0000000085200000| Untracked 
|  83|0x0000000085300000, 0x0000000085300000, 0x0000000085400000|  0%| F|  |TAMS 0x0000000085300000, 0x0000000085300000| Untracked 
|  84|0x0000000085400000, 0x0000000085400000, 0x0000000085500000|  0%| F|  |TAMS 0x0000000085400000, 0x0000000085400000| Untracked 
|  85|0x0000000085500000, 0x0000000085500000, 0x0000000085600000|  0%| F|  |TAMS 0x0000000085500000, 0x0000000085500000| Untracked 
|  86|0x0000000085600000, 0x0000000085600000, 0x0000000085700000|  0%| F|  |TAMS 0x0000000085600000, 0x0000000085600000| Untracked 
|  87|0x0000000085700000, 0x0000000085700000, 0x0000000085800000|  0%| F|  |TAMS 0x0000000085700000, 0x0000000085700000| Untracked 
|  88|0x0000000085800000, 0x0000000085800000, 0x0000000085900000|  0%| F|  |TAMS 0x0000000085800000, 0x0000000085800000| Untracked 
|  89|0x0000000085900000, 0x0000000085900000, 0x0000000085a00000|  0%| F|  |TAMS 0x0000000085900000, 0x0000000085900000| Untracked 
|  90|0x0000000085a00000, 0x0000000085a00000, 0x0000000085b00000|  0%| F|  |TAMS 0x0000000085a00000, 0x0000000085a00000| Untracked 
|  91|0x0000000085b00000, 0x0000000085b00000, 0x0000000085c00000|  0%| F|  |TAMS 0x0000000085b00000, 0x0000000085b00000| Untracked 
|  92|0x0000000085c00000, 0x0000000085c00000, 0x0000000085d00000|  0%| F|  |TAMS 0x0000000085c00000, 0x0000000085c00000| Untracked 
|  93|0x0000000085d00000, 0x0000000085d00000, 0x0000000085e00000|  0%| F|  |TAMS 0x0000000085d00000, 0x0000000085d00000| Untracked 
|  94|0x0000000085e00000, 0x0000000085e00000, 0x0000000085f00000|  0%| F|  |TAMS 0x0000000085e00000, 0x0000000085e00000| Untracked 
|  95|0x0000000085f00000, 0x0000000085f00000, 0x0000000086000000|  0%| F|  |TAMS 0x0000000085f00000, 0x0000000085f00000| Untracked 
|  96|0x0000000086000000, 0x0000000086000000, 0x0000000086100000|  0%| F|  |TAMS 0x0000000086000000, 0x0000000086000000| Untracked 
|  97|0x0000000086100000, 0x0000000086100000, 0x0000000086200000|  0%| F|  |TAMS 0x0000000086100000, 0x0000000086100000| Untracked 
|  98|0x0000000086200000, 0x0000000086200000, 0x0000000086300000|  0%| F|  |TAMS 0x0000000086200000, 0x0000000086200000| Untracked 
|  99|0x0000000086300000, 0x0000000086300000, 0x0000000086400000|  0%| F|  |TAMS 0x0000000086300000, 0x0000000086300000| Untracked 
| 100|0x0000000086400000, 0x0000000086400000, 0x0000000086500000|  0%| F|  |TAMS 0x0000000086400000, 0x0000000086400000| Untracked 
| 101|0x0000000086500000, 0x0000000086500000, 0x0000000086600000|  0%| F|  |TAMS 0x0000000086500000, 0x0000000086500000| Untracked 
| 102|0x0000000086600000, 0x0000000086600000, 0x0000000086700000|  0%| F|  |TAMS 0x0000000086600000, 0x0000000086600000| Untracked 
| 103|0x0000000086700000, 0x0000000086700000, 0x0000000086800000|  0%| F|  |TAMS 0x0000000086700000, 0x0000000086700000| Untracked 
| 104|0x0000000086800000, 0x0000000086800000, 0x0000000086900000|  0%| F|  |TAMS 0x0000000086800000, 0x0000000086800000| Untracked 
| 105|0x0000000086900000, 0x0000000086900000, 0x0000000086a00000|  0%| F|  |TAMS 0x0000000086900000, 0x0000000086900000| Untracked 
| 106|0x0000000086a00000, 0x0000000086a00000, 0x0000000086b00000|  0%| F|  |TAMS 0x0000000086a00000, 0x0000000086a00000| Untracked 
| 107|0x0000000086b00000, 0x0000000086b00000, 0x0000000086c00000|  0%| F|  |TAMS 0x0000000086b00000, 0x0000000086b00000| Untracked 
| 108|0x0000000086c00000, 0x0000000086c00000, 0x0000000086d00000|  0%| F|  |TAMS 0x0000000086c00000, 0x0000000086c00000| Untracked 
| 109|0x0000000086d00000, 0x0000000086d00000, 0x0000000086e00000|  0%| F|  |TAMS 0x0000000086d00000, 0x0000000086d00000| Untracked 
| 110|0x0000000086e00000, 0x0000000086ed7cd0, 0x0000000086f00000| 84%| S|CS|TAMS 0x0000000086e00000, 0x0000000086e00000| Complete 
| 111|0x0000000086f00000, 0x0000000087000000, 0x0000000087000000|100%| S|CS|TAMS 0x0000000086f00000, 0x0000000086f00000| Complete 
| 112|0x0000000087000000, 0x0000000087100000, 0x0000000087100000|100%| S|CS|TAMS 0x0000000087000000, 0x0000000087000000| Complete 
| 113|0x0000000087100000, 0x0000000087100000, 0x0000000087200000|  0%| F|  |TAMS 0x0000000087100000, 0x0000000087100000| Untracked 
| 114|0x0000000087200000, 0x0000000087200000, 0x0000000087300000|  0%| F|  |TAMS 0x0000000087200000, 0x0000000087200000| Untracked 
| 115|0x0000000087300000, 0x0000000087300000, 0x0000000087400000|  0%| F|  |TAMS 0x0000000087300000, 0x0000000087300000| Untracked 
| 116|0x0000000087400000, 0x0000000087400000, 0x0000000087500000|  0%| F|  |TAMS 0x0000000087400000, 0x0000000087400000| Untracked 
| 117|0x0000000087500000, 0x0000000087500000, 0x0000000087600000|  0%| F|  |TAMS 0x0000000087500000, 0x0000000087500000| Untracked 
| 118|0x0000000087600000, 0x0000000087600000, 0x0000000087700000|  0%| F|  |TAMS 0x0000000087600000, 0x0000000087600000| Untracked 
| 119|0x0000000087700000, 0x0000000087700000, 0x0000000087800000|  0%| F|  |TAMS 0x0000000087700000, 0x0000000087700000| Untracked 
| 120|0x0000000087800000, 0x0000000087800000, 0x0000000087900000|  0%| F|  |TAMS 0x0000000087800000, 0x0000000087800000| Untracked 
| 121|0x0000000087900000, 0x0000000087900000, 0x0000000087a00000|  0%| F|  |TAMS 0x0000000087900000, 0x0000000087900000| Untracked 
| 122|0x0000000087a00000, 0x0000000087a00000, 0x0000000087b00000|  0%| F|  |TAMS 0x0000000087a00000, 0x0000000087a00000| Untracked 
| 123|0x0000000087b00000, 0x0000000087b00000, 0x0000000087c00000|  0%| F|  |TAMS 0x0000000087b00000, 0x0000000087b00000| Untracked 
| 124|0x0000000087c00000, 0x0000000087c00000, 0x0000000087d00000|  0%| F|  |TAMS 0x0000000087c00000, 0x0000000087c00000| Untracked 
| 125|0x0000000087d00000, 0x0000000087d00000, 0x0000000087e00000|  0%| F|  |TAMS 0x0000000087d00000, 0x0000000087d00000| Untracked 
| 126|0x0000000087e00000, 0x0000000087e00000, 0x0000000087f00000|  0%| F|  |TAMS 0x0000000087e00000, 0x0000000087e00000| Untracked 
| 127|0x0000000087f00000, 0x0000000087f00000, 0x0000000088000000|  0%| F|  |TAMS 0x0000000087f00000, 0x0000000087f00000| Untracked 
| 128|0x0000000088000000, 0x0000000088000000, 0x0000000088100000|  0%| F|  |TAMS 0x0000000088000000, 0x0000000088000000| Untracked 
| 129|0x0000000088100000, 0x0000000088100000, 0x0000000088200000|  0%| F|  |TAMS 0x0000000088100000, 0x0000000088100000| Untracked 
| 130|0x0000000088200000, 0x0000000088200000, 0x0000000088300000|  0%| F|  |TAMS 0x0000000088200000, 0x0000000088200000| Untracked 
| 131|0x0000000088300000, 0x0000000088300000, 0x0000000088400000|  0%| F|  |TAMS 0x0000000088300000, 0x0000000088300000| Untracked 
| 132|0x0000000088400000, 0x0000000088400000, 0x0000000088500000|  0%| F|  |TAMS 0x0000000088400000, 0x0000000088400000| Untracked 
| 133|0x0000000088500000, 0x0000000088500000, 0x0000000088600000|  0%| F|  |TAMS 0x0000000088500000, 0x0000000088500000| Untracked 
| 134|0x0000000088600000, 0x0000000088600000, 0x0000000088700000|  0%| F|  |TAMS 0x0000000088600000, 0x0000000088600000| Untracked 
| 135|0x0000000088700000, 0x0000000088700000, 0x0000000088800000|  0%| F|  |TAMS 0x0000000088700000, 0x0000000088700000| Untracked 
| 136|0x0000000088800000, 0x0000000088800000, 0x0000000088900000|  0%| F|  |TAMS 0x0000000088800000, 0x0000000088800000| Untracked 
| 137|0x0000000088900000, 0x0000000088900000, 0x0000000088a00000|  0%| F|  |TAMS 0x0000000088900000, 0x0000000088900000| Untracked 
| 138|0x0000000088a00000, 0x0000000088a00000, 0x0000000088b00000|  0%| F|  |TAMS 0x0000000088a00000, 0x0000000088a00000| Untracked 
| 139|0x0000000088b00000, 0x0000000088b00000, 0x0000000088c00000|  0%| F|  |TAMS 0x0000000088b00000, 0x0000000088b00000| Untracked 
| 140|0x0000000088c00000, 0x0000000088c00000, 0x0000000088d00000|  0%| F|  |TAMS 0x0000000088c00000, 0x0000000088c00000| Untracked 
| 141|0x0000000088d00000, 0x0000000088d00000, 0x0000000088e00000|  0%| F|  |TAMS 0x0000000088d00000, 0x0000000088d00000| Untracked 
| 142|0x0000000088e00000, 0x0000000088e00000, 0x0000000088f00000|  0%| F|  |TAMS 0x0000000088e00000, 0x0000000088e00000| Untracked 
| 143|0x0000000088f00000, 0x0000000088f00000, 0x0000000089000000|  0%| F|  |TAMS 0x0000000088f00000, 0x0000000088f00000| Untracked 
| 144|0x0000000089000000, 0x0000000089000000, 0x0000000089100000|  0%| F|  |TAMS 0x0000000089000000, 0x0000000089000000| Untracked 
| 145|0x0000000089100000, 0x0000000089100000, 0x0000000089200000|  0%| F|  |TAMS 0x0000000089100000, 0x0000000089100000| Untracked 
| 146|0x0000000089200000, 0x0000000089200000, 0x0000000089300000|  0%| F|  |TAMS 0x0000000089200000, 0x0000000089200000| Untracked 
| 147|0x0000000089300000, 0x0000000089300000, 0x0000000089400000|  0%| F|  |TAMS 0x0000000089300000, 0x0000000089300000| Untracked 
| 148|0x0000000089400000, 0x0000000089400000, 0x0000000089500000|  0%| F|  |TAMS 0x0000000089400000, 0x0000000089400000| Untracked 
| 149|0x0000000089500000, 0x0000000089500000, 0x0000000089600000|  0%| F|  |TAMS 0x0000000089500000, 0x0000000089500000| Untracked 
| 150|0x0000000089600000, 0x0000000089600000, 0x0000000089700000|  0%| F|  |TAMS 0x0000000089600000, 0x0000000089600000| Untracked 
| 151|0x0000000089700000, 0x0000000089700000, 0x0000000089800000|  0%| F|  |TAMS 0x0000000089700000, 0x0000000089700000| Untracked 
| 152|0x0000000089800000, 0x0000000089880800, 0x0000000089900000| 50%| E|  |TAMS 0x0000000089800000, 0x0000000089800000| Complete 
| 153|0x0000000089900000, 0x0000000089a00000, 0x0000000089a00000|100%| E|CS|TAMS 0x0000000089900000, 0x0000000089900000| Complete 
| 154|0x0000000089a00000, 0x0000000089b00000, 0x0000000089b00000|100%| E|CS|TAMS 0x0000000089a00000, 0x0000000089a00000| Complete 
| 155|0x0000000089b00000, 0x0000000089c00000, 0x0000000089c00000|100%| E|CS|TAMS 0x0000000089b00000, 0x0000000089b00000| Complete 
| 156|0x0000000089c00000, 0x0000000089d00000, 0x0000000089d00000|100%| E|CS|TAMS 0x0000000089c00000, 0x0000000089c00000| Complete 
| 157|0x0000000089d00000, 0x0000000089e00000, 0x0000000089e00000|100%| E|CS|TAMS 0x0000000089d00000, 0x0000000089d00000| Complete 
| 158|0x0000000089e00000, 0x0000000089f00000, 0x0000000089f00000|100%| E|CS|TAMS 0x0000000089e00000, 0x0000000089e00000| Complete 
| 159|0x0000000089f00000, 0x000000008a000000, 0x000000008a000000|100%| E|CS|TAMS 0x0000000089f00000, 0x0000000089f00000| Complete 
| 160|0x000000008a000000, 0x000000008a100000, 0x000000008a100000|100%| E|CS|TAMS 0x000000008a000000, 0x000000008a000000| Complete 
| 161|0x000000008a100000, 0x000000008a200000, 0x000000008a200000|100%| E|CS|TAMS 0x000000008a100000, 0x000000008a100000| Complete 
| 162|0x000000008a200000, 0x000000008a300000, 0x000000008a300000|100%| E|CS|TAMS 0x000000008a200000, 0x000000008a200000| Complete 
| 163|0x000000008a300000, 0x000000008a400000, 0x000000008a400000|100%| E|CS|TAMS 0x000000008a300000, 0x000000008a300000| Complete 
| 164|0x000000008a400000, 0x000000008a500000, 0x000000008a500000|100%| E|CS|TAMS 0x000000008a400000, 0x000000008a400000| Complete 
| 165|0x000000008a500000, 0x000000008a600000, 0x000000008a600000|100%| E|CS|TAMS 0x000000008a500000, 0x000000008a500000| Complete 
| 166|0x000000008a600000, 0x000000008a700000, 0x000000008a700000|100%| E|CS|TAMS 0x000000008a600000, 0x000000008a600000| Complete 
| 167|0x000000008a700000, 0x000000008a800000, 0x000000008a800000|100%| E|CS|TAMS 0x000000008a700000, 0x000000008a700000| Complete 
| 168|0x000000008a800000, 0x000000008a900000, 0x000000008a900000|100%| E|CS|TAMS 0x000000008a800000, 0x000000008a800000| Complete 
| 169|0x000000008a900000, 0x000000008aa00000, 0x000000008aa00000|100%| E|CS|TAMS 0x000000008a900000, 0x000000008a900000| Complete 
| 170|0x000000008aa00000, 0x000000008ab00000, 0x000000008ab00000|100%| E|CS|TAMS 0x000000008aa00000, 0x000000008aa00000| Complete 
| 171|0x000000008ab00000, 0x000000008ac00000, 0x000000008ac00000|100%| E|CS|TAMS 0x000000008ab00000, 0x000000008ab00000| Complete 
| 172|0x000000008ac00000, 0x000000008ad00000, 0x000000008ad00000|100%| E|CS|TAMS 0x000000008ac00000, 0x000000008ac00000| Complete 
| 173|0x000000008ad00000, 0x000000008ae00000, 0x000000008ae00000|100%| E|CS|TAMS 0x000000008ad00000, 0x000000008ad00000| Complete 
| 174|0x000000008ae00000, 0x000000008af00000, 0x000000008af00000|100%| E|CS|TAMS 0x000000008ae00000, 0x000000008ae00000| Complete 
| 175|0x000000008af00000, 0x000000008b000000, 0x000000008b000000|100%| E|CS|TAMS 0x000000008af00000, 0x000000008af00000| Complete 
| 176|0x000000008b000000, 0x000000008b100000, 0x000000008b100000|100%| E|CS|TAMS 0x000000008b000000, 0x000000008b000000| Complete 
| 177|0x000000008b100000, 0x000000008b200000, 0x000000008b200000|100%| E|CS|TAMS 0x000000008b100000, 0x000000008b100000| Complete 
| 178|0x000000008b200000, 0x000000008b300000, 0x000000008b300000|100%| E|CS|TAMS 0x000000008b200000, 0x000000008b200000| Complete 
| 179|0x000000008b300000, 0x000000008b400000, 0x000000008b400000|100%| E|CS|TAMS 0x000000008b300000, 0x000000008b300000| Complete 
| 180|0x000000008b400000, 0x000000008b500000, 0x000000008b500000|100%| E|CS|TAMS 0x000000008b400000, 0x000000008b400000| Complete 
| 181|0x000000008b500000, 0x000000008b600000, 0x000000008b600000|100%| E|CS|TAMS 0x000000008b500000, 0x000000008b500000| Complete 
| 182|0x000000008b600000, 0x000000008b700000, 0x000000008b700000|100%| E|CS|TAMS 0x000000008b600000, 0x000000008b600000| Complete 
| 183|0x000000008b700000, 0x000000008b800000, 0x000000008b800000|100%| E|CS|TAMS 0x000000008b700000, 0x000000008b700000| Complete 
| 184|0x000000008b800000, 0x000000008b900000, 0x000000008b900000|100%| E|CS|TAMS 0x000000008b800000, 0x000000008b800000| Complete 
| 185|0x000000008b900000, 0x000000008ba00000, 0x000000008ba00000|100%| E|CS|TAMS 0x000000008b900000, 0x000000008b900000| Complete 
| 186|0x000000008ba00000, 0x000000008bb00000, 0x000000008bb00000|100%| E|CS|TAMS 0x000000008ba00000, 0x000000008ba00000| Complete 
| 187|0x000000008bb00000, 0x000000008bc00000, 0x000000008bc00000|100%| E|CS|TAMS 0x000000008bb00000, 0x000000008bb00000| Complete 
| 188|0x000000008bc00000, 0x000000008bd00000, 0x000000008bd00000|100%| E|CS|TAMS 0x000000008bc00000, 0x000000008bc00000| Complete 
| 189|0x000000008bd00000, 0x000000008be00000, 0x000000008be00000|100%| E|CS|TAMS 0x000000008bd00000, 0x000000008bd00000| Complete 
| 190|0x000000008be00000, 0x000000008bf00000, 0x000000008bf00000|100%| E|CS|TAMS 0x000000008be00000, 0x000000008be00000| Complete 
| 191|0x000000008bf00000, 0x000000008c000000, 0x000000008c000000|100%| E|CS|TAMS 0x000000008bf00000, 0x000000008bf00000| Complete 
| 192|0x000000008c000000, 0x000000008c100000, 0x000000008c100000|100%| E|CS|TAMS 0x000000008c000000, 0x000000008c000000| Complete 
| 193|0x000000008c100000, 0x000000008c200000, 0x000000008c200000|100%| E|CS|TAMS 0x000000008c100000, 0x000000008c100000| Complete 
| 194|0x000000008c200000, 0x000000008c300000, 0x000000008c300000|100%| E|CS|TAMS 0x000000008c200000, 0x000000008c200000| Complete 
| 195|0x000000008c300000, 0x000000008c400000, 0x000000008c400000|100%| E|CS|TAMS 0x000000008c300000, 0x000000008c300000| Complete 

Card table byte_map: [0x00000140d18e0000,0x00000140d1ce0000] _byte_map_base: 0x00000140d14e0000

Marking Bits (Prev, Next): (CMBitMap*) 0x00000140bd2355d0, (CMBitMap*) 0x00000140bd235610
 Prev Bits: [0x00000140d20e0000, 0x00000140d40e0000)
 Next Bits: [0x00000140d40e0000, 0x00000140d60e0000)

Polling page: 0x00000140bd000000

Metaspace:

Usage:
  Non-class:     51.15 MB used.
      Class:      8.05 MB used.
       Both:     59.20 MB used.

Virtual space:
  Non-class space:       64.00 MB reserved,      51.38 MB ( 80%) committed,  1 nodes.
      Class space:        1.00 GB reserved,       8.31 MB ( <1%) committed,  1 nodes.
             Both:        1.06 GB reserved,      59.69 MB (  5%) committed. 

Chunk freelists:
   Non-Class:  12.27 MB
       Class:  7.61 MB
        Both:  19.88 MB

MaxMetaspaceSize: unlimited
CompressedClassSpaceSize: 1.00 GB
Initial GC threshold: 21.00 MB
Current GC threshold: 99.06 MB
CDS: off
MetaspaceReclaimPolicy: balanced
 - commit_granule_bytes: 65536.
 - commit_granule_words: 8192.
 - virtual_space_node_default_size: 8388608.
 - enlarge_chunks_in_place: 1.
 - new_chunks_are_fully_committed: 0.
 - uncommit_free_chunks: 1.
 - use_allocation_guard: 0.
 - handle_deallocations: 1.


Internal statistics:

num_allocs_failed_limit: 3.
num_arena_births: 622.
num_arena_deaths: 4.
num_vsnodes_births: 2.
num_vsnodes_deaths: 0.
num_space_committed: 955.
num_space_uncommitted: 0.
num_chunks_returned_to_freelist: 10.
num_chunks_taken_from_freelist: 2672.
num_chunk_merges: 3.
num_chunk_splits: 1739.
num_chunks_enlarged: 1208.
num_inconsistent_stats: 0.

CodeHeap 'non-profiled nmethods': size=120000Kb used=5209Kb max_used=5209Kb free=114790Kb
 bounds [0x00000140c9980000, 0x00000140c9ea0000, 0x00000140d0eb0000]
CodeHeap 'profiled nmethods': size=120000Kb used=12019Kb max_used=12019Kb free=107980Kb
 bounds [0x00000140c1eb0000, 0x00000140c2ae0000, 0x00000140c93e0000]
CodeHeap 'non-nmethods': size=5760Kb used=2332Kb max_used=2444Kb free=3427Kb
 bounds [0x00000140c93e0000, 0x00000140c9650000, 0x00000140c9980000]
 total_blobs=6860 nmethods=6009 adapters=763
 compilation: enabled
              stopped_count=0, restarted_count=0
 full_count=0

Compilation events (20 events):
Event: 43.991 Thread 0x00000140d88b75d0 nmethod 7360 0x00000140c9c22090 code [0x00000140c9c22220, 0x00000140c9c222f8]
Event: 43.992 Thread 0x00000140d88ba690 7361       3       org.objectweb.asm.ClassWriter::toByteArray (1535 bytes)
Event: 43.999 Thread 0x00000140d88ba690 nmethod 7361 0x00000140c28fa710 code [0x00000140c28fafe0, 0x00000140c28fed38]
Event: 43.999 Thread 0x00000140d88ba690 7365       3       org.objectweb.asm.MethodWriter::putMethodInfo (1274 bytes)
Event: 44.003 Thread 0x00000140d88b75d0 7368       4       org.objectweb.asm.ClassReader::readMethod (1070 bytes)
Event: 44.005 Thread 0x00000140d88ba690 nmethod 7365 0x00000140c26abe90 code [0x00000140c26ac520, 0x00000140c26aea88]
Event: 44.005 Thread 0x00000140d88ba690 7363       3       org.objectweb.asm.ClassReader::readField (675 bytes)
Event: 44.008 Thread 0x00000140d88ba690 nmethod 7363 0x00000140c23e7490 code [0x00000140c23e79e0, 0x00000140c23ea008]
Event: 44.008 Thread 0x00000140d88ba690 7362       3       org.objectweb.asm.Attribute::putAttributes (78 bytes)
Event: 44.008 Thread 0x00000140d88ba690 nmethod 7362 0x00000140c26a7a10 code [0x00000140c26a7c40, 0x00000140c26a80f8]
Event: 44.008 Thread 0x00000140d88ba690 7364       3       org.objectweb.asm.Attribute::computeAttributesSize (62 bytes)
Event: 44.009 Thread 0x00000140d88ba690 nmethod 7364 0x00000140c2050e90 code [0x00000140c2051060, 0x00000140c2051388]
Event: 44.009 Thread 0x00000140d88ba690 7366       3       org.objectweb.asm.FieldWriter::computeFieldInfoSize (86 bytes)
Event: 44.009 Thread 0x00000140d88ba690 nmethod 7366 0x00000140c2050890 code [0x00000140c2050a60, 0x00000140c2050d38]
Event: 44.009 Thread 0x00000140d88ba690 7367       3       org.objectweb.asm.FieldWriter::putFieldInfo (269 bytes)
Event: 44.010 Thread 0x00000140d88ba690 nmethod 7367 0x00000140c24a7190 code [0x00000140c24a7400, 0x00000140c24a7d08]
Event: 44.147 Thread 0x00000140d88ba690 7373       3       org.objectweb.asm.commons.CodeSizeEvaluator::visitVarInsn (92 bytes)
Event: 44.147 Thread 0x00000140d88ba690 nmethod 7373 0x00000140c24a6b90 code [0x00000140c24a6d40, 0x00000140c24a70a8]
Event: 44.147 Thread 0x00000140d88ba690 7374       3       org.objectweb.asm.commons.CodeSizeEvaluator::visitLdcInsn (81 bytes)
Event: 44.148 Thread 0x00000140d88ba690 nmethod 7374 0x00000140c204fd10 code [0x00000140c204fee0, 0x00000140c20505d8]

GC Heap History (20 events):
Event: 36.063 GC heap before
{Heap before GC invocations=37 (full 0):
 garbage-first heap   total 133120K, used 105966K [0x0000000080000000, 0x0000000100000000)
  region size 1024K, 44 young (45056K), 6 survivors (6144K)
 Metaspace       used 59372K, committed 59904K, reserved 1114112K
  class space    used 8136K, committed 8384K, reserved 1048576K
}
Event: 36.081 GC heap after
{Heap after GC invocations=38 (full 0):
 garbage-first heap   total 133120K, used 76884K [0x0000000080000000, 0x0000000100000000)
  region size 1024K, 6 young (6144K), 6 survivors (6144K)
 Metaspace       used 59372K, committed 59904K, reserved 1114112K
  class space    used 8136K, committed 8384K, reserved 1048576K
}
Event: 36.384 GC heap before
{Heap before GC invocations=38 (full 0):
 garbage-first heap   total 133120K, used 86100K [0x0000000080000000, 0x0000000100000000)
  region size 1024K, 16 young (16384K), 6 survivors (6144K)
 Metaspace       used 59602K, committed 60096K, reserved 1114112K
  class space    used 8161K, committed 8448K, reserved 1048576K
}
Event: 36.394 GC heap after
{Heap after GC invocations=39 (full 0):
 garbage-first heap   total 133120K, used 79511K [0x0000000080000000, 0x0000000100000000)
  region size 1024K, 2 young (2048K), 2 survivors (2048K)
 Metaspace       used 59602K, committed 60096K, reserved 1114112K
  class space    used 8161K, committed 8448K, reserved 1048576K
}
Event: 37.186 GC heap before
{Heap before GC invocations=40 (full 0):
 garbage-first heap   total 147456K, used 112279K [0x0000000080000000, 0x0000000100000000)
  region size 1024K, 29 young (29696K), 2 survivors (2048K)
 Metaspace       used 60183K, committed 60672K, reserved 1114112K
  class space    used 8217K, committed 8448K, reserved 1048576K
}
Event: 37.190 GC heap after
{Heap after GC invocations=41 (full 0):
 garbage-first heap   total 147456K, used 83006K [0x0000000080000000, 0x0000000100000000)
  region size 1024K, 3 young (3072K), 3 survivors (3072K)
 Metaspace       used 60183K, committed 60672K, reserved 1114112K
  class space    used 8217K, committed 8448K, reserved 1048576K
}
Event: 37.325 GC heap before
{Heap before GC invocations=41 (full 0):
 garbage-first heap   total 147456K, used 87102K [0x0000000080000000, 0x0000000100000000)
  region size 1024K, 7 young (7168K), 3 survivors (3072K)
 Metaspace       used 60191K, committed 60672K, reserved 1114112K
  class space    used 8217K, committed 8448K, reserved 1048576K
}
Event: 37.329 GC heap after
{Heap after GC invocations=42 (full 0):
 garbage-first heap   total 147456K, used 82538K [0x0000000080000000, 0x0000000100000000)
  region size 1024K, 1 young (1024K), 1 survivors (1024K)
 Metaspace       used 60191K, committed 60672K, reserved 1114112K
  class space    used 8217K, committed 8448K, reserved 1048576K
}
Event: 38.186 GC heap before
{Heap before GC invocations=42 (full 0):
 garbage-first heap   total 147456K, used 116330K [0x0000000080000000, 0x0000000100000000)
  region size 1024K, 34 young (34816K), 1 survivors (1024K)
 Metaspace       used 60350K, committed 60864K, reserved 1114112K
  class space    used 8221K, committed 8448K, reserved 1048576K
}
Event: 38.188 GC heap after
{Heap after GC invocations=43 (full 0):
 garbage-first heap   total 200704K, used 82397K [0x0000000080000000, 0x0000000100000000)
  region size 1024K, 1 young (1024K), 1 survivors (1024K)
 Metaspace       used 60350K, committed 60864K, reserved 1114112K
  class space    used 8221K, committed 8448K, reserved 1048576K
}
Event: 40.228 GC heap before
{Heap before GC invocations=44 (full 0):
 garbage-first heap   total 200704K, used 151005K [0x0000000080000000, 0x0000000100000000)
  region size 1024K, 68 young (69632K), 1 survivors (1024K)
 Metaspace       used 60518K, committed 61056K, reserved 1114112K
  class space    used 8244K, committed 8512K, reserved 1048576K
}
Event: 40.230 GC heap after
{Heap after GC invocations=45 (full 0):
 garbage-first heap   total 200704K, used 82932K [0x0000000080000000, 0x0000000100000000)
  region size 1024K, 1 young (1024K), 1 survivors (1024K)
 Metaspace       used 60518K, committed 61056K, reserved 1114112K
  class space    used 8244K, committed 8512K, reserved 1048576K
}
Event: 40.465 GC heap before
{Heap before GC invocations=45 (full 0):
 garbage-first heap   total 200704K, used 91124K [0x0000000080000000, 0x0000000100000000)
  region size 1024K, 9 young (9216K), 1 survivors (1024K)
 Metaspace       used 60520K, committed 61056K, reserved 1114112K
  class space    used 8244K, committed 8512K, reserved 1048576K
}
Event: 40.466 GC heap after
{Heap after GC invocations=46 (full 0):
 garbage-first heap   total 200704K, used 81349K [0x0000000080000000, 0x0000000100000000)
  region size 1024K, 1 young (1024K), 1 survivors (1024K)
 Metaspace       used 60520K, committed 61056K, reserved 1114112K
  class space    used 8244K, committed 8512K, reserved 1048576K
}
Event: 41.551 GC heap before
{Heap before GC invocations=46 (full 0):
 garbage-first heap   total 200704K, used 156101K [0x0000000080000000, 0x0000000100000000)
  region size 1024K, 74 young (75776K), 1 survivors (1024K)
 Metaspace       used 60566K, committed 61120K, reserved 1114112K
  class space    used 8244K, committed 8512K, reserved 1048576K
}
Event: 41.555 GC heap after
{Heap after GC invocations=47 (full 0):
 garbage-first heap   total 200704K, used 81785K [0x0000000080000000, 0x0000000100000000)
  region size 1024K, 2 young (2048K), 2 survivors (2048K)
 Metaspace       used 60566K, committed 61120K, reserved 1114112K
  class space    used 8244K, committed 8512K, reserved 1048576K
}
Event: 42.972 GC heap before
{Heap before GC invocations=47 (full 0):
 garbage-first heap   total 200704K, used 160633K [0x0000000080000000, 0x0000000100000000)
  region size 1024K, 79 young (80896K), 2 survivors (2048K)
 Metaspace       used 60598K, committed 61120K, reserved 1114112K
  class space    used 8244K, committed 8512K, reserved 1048576K
}
Event: 42.975 GC heap after
{Heap after GC invocations=48 (full 0):
 garbage-first heap   total 200704K, used 82412K [0x0000000080000000, 0x0000000100000000)
  region size 1024K, 2 young (2048K), 2 survivors (2048K)
 Metaspace       used 60598K, committed 61120K, reserved 1114112K
  class space    used 8244K, committed 8512K, reserved 1048576K
}
Event: 43.983 GC heap before
{Heap before GC invocations=48 (full 0):
 garbage-first heap   total 200704K, used 165356K [0x0000000080000000, 0x0000000100000000)
  region size 1024K, 83 young (84992K), 2 survivors (2048K)
 Metaspace       used 60619K, committed 61120K, reserved 1114112K
  class space    used 8245K, committed 8512K, reserved 1048576K
}
Event: 43.986 GC heap after
{Heap after GC invocations=49 (full 0):
 garbage-first heap   total 200704K, used 83291K [0x0000000080000000, 0x0000000100000000)
  region size 1024K, 3 young (3072K), 3 survivors (3072K)
 Metaspace       used 60619K, committed 61120K, reserved 1114112K
  class space    used 8245K, committed 8512K, reserved 1048576K
}

Dll operation events (3 events):
Event: 0.018 Loaded shared library C:\Program Files\Android\Android Studio\jbr\bin\java.dll
Event: 0.148 Loaded shared library C:\Program Files\Android\Android Studio\jbr\bin\zip.dll
Event: 7.183 Loaded shared library C:\Program Files\Android\Android Studio\jbr\bin\verify.dll

Deoptimization events (20 events):
Event: 43.991 Thread 0x00000140df96ed30 Uncommon trap: trap_request=0xffffff45 fr.pc=0x00000140c9cebc38 relative=0x0000000000000098
Event: 43.991 Thread 0x00000140df96ed30 Uncommon trap: reason=unstable_if action=reinterpret pc=0x00000140c9cebc38 method=org.objectweb.asm.Attribute.computeAttributesSize(Lorg/objectweb/asm/SymbolTable;II)I @ 16 c2
Event: 43.991 Thread 0x00000140df96ed30 DEOPT PACKING pc=0x00000140c9cebc38 sp=0x000000352dbfae30
Event: 43.991 Thread 0x00000140df96ed30 DEOPT UNPACKING pc=0x00000140c94369a3 sp=0x000000352dbfada8 mode 2
Event: 43.991 Thread 0x00000140df96ed30 Uncommon trap: trap_request=0xffffff45 fr.pc=0x00000140c9d08af8 relative=0x0000000000000438
Event: 43.991 Thread 0x00000140df96ed30 Uncommon trap: reason=unstable_if action=reinterpret pc=0x00000140c9d08af8 method=org.objectweb.asm.FieldWriter.putFieldInfo(Lorg/objectweb/asm/ByteVector;)V @ 82 c2
Event: 43.991 Thread 0x00000140df96ed30 DEOPT PACKING pc=0x00000140c9d08af8 sp=0x000000352dbfaed0
Event: 43.991 Thread 0x00000140df96ed30 DEOPT UNPACKING pc=0x00000140c94369a3 sp=0x000000352dbfae98 mode 2
Event: 43.991 Thread 0x00000140df96ed30 Uncommon trap: trap_request=0xffffff45 fr.pc=0x00000140c9cd641c relative=0x000000000000019c
Event: 43.991 Thread 0x00000140df96ed30 Uncommon trap: reason=unstable_if action=reinterpret pc=0x00000140c9cd641c method=org.objectweb.asm.Attribute.putAttributes(Lorg/objectweb/asm/SymbolTable;IILorg/objectweb/asm/ByteVector;)V @ 14 c2
Event: 43.991 Thread 0x00000140df96ed30 DEOPT PACKING pc=0x00000140c9cd641c sp=0x000000352dbfae40
Event: 43.991 Thread 0x00000140df96ed30 DEOPT UNPACKING pc=0x00000140c94369a3 sp=0x000000352dbfae08 mode 2
Event: 43.991 Thread 0x00000140df96ed30 Uncommon trap: trap_request=0xffffff45 fr.pc=0x00000140c9d17648 relative=0x0000000000001788
Event: 43.991 Thread 0x00000140df96ed30 Uncommon trap: reason=unstable_if action=reinterpret pc=0x00000140c9d17648 method=org.objectweb.asm.MethodWriter.putMethodInfo(Lorg/objectweb/asm/ByteVector;)V @ 126 c2
Event: 43.991 Thread 0x00000140df96ed30 DEOPT PACKING pc=0x00000140c9d17648 sp=0x000000352dbfaea0
Event: 43.991 Thread 0x00000140df96ed30 DEOPT UNPACKING pc=0x00000140c94369a3 sp=0x000000352dbfae78 mode 2
Event: 43.992 Thread 0x00000140df96ed30 Uncommon trap: trap_request=0xffffff45 fr.pc=0x00000140c9d07c7c relative=0x00000000000001fc
Event: 43.992 Thread 0x00000140df96ed30 Uncommon trap: reason=unstable_if action=reinterpret pc=0x00000140c9d07c7c method=org.objectweb.asm.Attribute.computeAttributesSize(Lorg/objectweb/asm/SymbolTable;II)I @ 16 c2
Event: 43.993 Thread 0x00000140df96ed30 DEOPT PACKING pc=0x00000140c9d07c7c sp=0x000000352dbfaf00
Event: 43.993 Thread 0x00000140df96ed30 DEOPT UNPACKING pc=0x00000140c94369a3 sp=0x000000352dbfae20 mode 2

Classes unloaded (5 events):
Event: 29.964 Thread 0x00000140d871caf0 Unloading class 0x00000001006c4000 '_BuildScript_$_run_closure1'
Event: 29.964 Thread 0x00000140d871caf0 Unloading class 0x00000001006bc000 '_BuildScript_'
Event: 31.705 Thread 0x00000140d871caf0 Unloading class 0x000000010077a968 '_BuildScript_$_run_closure1$_closure2'
Event: 31.705 Thread 0x00000140d871caf0 Unloading class 0x000000010077a558 '_BuildScript_$_run_closure1'
Event: 31.705 Thread 0x00000140d871caf0 Unloading class 0x000000010077a000 '_BuildScript_'

Classes redefined (0 events):
No events

Internal exceptions (20 events):
Event: 28.381 Thread 0x00000140d88ade80 Exception <a 'java/lang/NoSuchMethodError'{0x000000008561fb68}: 'java.lang.Object java.lang.invoke.DirectMethodHandle$Holder.invokeSpecial(java.lang.Object, java.lang.Object, java.lang.Object, java.lang.Object, long, java.lang.Object)'> (0x000000008561fb68) 
thrown [s\src\hotspot\share\interpreter\linkResolver.cpp, line 771]
Event: 28.382 Thread 0x00000140d88ade80 Exception <a 'java/lang/NoSuchMethodError'{0x00000000856245f8}: 'java.lang.Object java.lang.invoke.Invokers$Holder.linkToTargetMethod(java.lang.Object, java.lang.Object, long, java.lang.Object, java.lang.Object)'> (0x00000000856245f8) 
thrown [s\src\hotspot\share\interpreter\linkResolver.cpp, line 771]
Event: 28.522 Thread 0x00000140d88ade80 Implicit null exception at 0x00000140c9b8586c to 0x00000140c9b85910
Event: 28.548 Thread 0x00000140d88ade80 Exception <a 'java/lang/ClassNotFoundException'{0x00000000851e8498}: org/gradle/api/internal/artifacts/dsl/dependencies/DefaultDependencyHandler_DecoratedBeanInfo> (0x00000000851e8498) 
thrown [s\src\hotspot\share\classfile\systemDictionary.cpp, line 256]
Event: 28.550 Thread 0x00000140d88ade80 Exception <a 'java/lang/ClassNotFoundException'{0x0000000085000500}: org/gradle/api/internal/artifacts/dsl/dependencies/DefaultDependencyHandlerBeanInfo> (0x0000000085000500) 
thrown [s\src\hotspot\share\classfile\systemDictionary.cpp, line 256]
Event: 28.551 Thread 0x00000140d88ade80 Exception <a 'java/lang/ClassNotFoundException'{0x00000000850187d0}: org/gradle/api/internal/artifacts/dsl/dependencies/DefaultDependencyHandlerCustomizer> (0x00000000850187d0) 
thrown [s\src\hotspot\share\classfile\systemDictionary.cpp, line 256]
Event: 28.555 Thread 0x00000140d88ade80 Exception <a 'java/lang/ClassNotFoundException'{0x000000008505a150}: org/gradle/api/internal/artifacts/dsl/dependencies/DefaultDependencyHandler_DecoratedCustomizer> (0x000000008505a150) 
thrown [s\src\hotspot\share\classfile\systemDictionary.cpp, line 256]
Event: 28.564 Thread 0x00000140d88ade80 Exception <a 'java/lang/ClassNotFoundException'{0x0000000085098d00}: sync_studio_tooling2737_12745zt7zwj06x7h0kbvpyliy$_run_closure1BeanInfo> (0x0000000085098d00) 
thrown [s\src\hotspot\share\classfile\systemDictionary.cpp, line 256]
Event: 28.564 Thread 0x00000140d88ade80 Exception <a 'java/lang/ClassNotFoundException'{0x00000000850a0500}: sync_studio_tooling2737_12745zt7zwj06x7h0kbvpyliy$_run_closure1Customizer> (0x00000000850a0500) 
thrown [s\src\hotspot\share\classfile\systemDictionary.cpp, line 256]
Event: 28.717 Thread 0x00000140d88ade80 Exception <a 'java/lang/NoSuchMethodError'{0x0000000084d601b8}: 'java.lang.Object java.lang.invoke.DirectMethodHandle$Holder.newInvokeSpecial(java.lang.Object, int, java.lang.Object)'> (0x0000000084d601b8) 
thrown [s\src\hotspot\share\interpreter\linkResolver.cpp, line 771]
Event: 29.889 Thread 0x00000140d88ade80 Exception <a 'java/lang/NoSuchMethodError'{0x00000000879226a8}: 'java.lang.Object java.lang.invoke.DirectMethodHandle$Holder.invokeSpecial(java.lang.Object, java.lang.Object, long, java.lang.Object, java.lang.Object)'> (0x00000000879226a8) 
thrown [s\src\hotspot\share\interpreter\linkResolver.cpp, line 771]
Event: 30.214 Thread 0x00000140d88ade80 Exception <a 'java/lang/NoSuchMethodError'{0x0000000085c51ef8}: 'int java.lang.invoke.DirectMethodHandle$Holder.invokeInterface(java.lang.Object, java.lang.Object, java.lang.Object, java.lang.Object, java.lang.Object)'> (0x0000000085c51ef8) 
thrown [s\src\hotspot\share\interpreter\linkResolver.cpp, line 771]
Event: 30.280 Thread 0x00000140d88ade80 Exception <a 'java/lang/NoSuchMethodError'{0x0000000085b90380}: 'java.lang.Object java.lang.invoke.DirectMethodHandle$Holder.newInvokeSpecial(java.lang.Object, java.lang.Object, java.lang.Object, java.lang.Object, int, java.lang.Object)'> (0x0000000085b90380) 
thrown [s\src\hotspot\share\interpreter\linkResolver.cpp, line 771]
Event: 30.282 Thread 0x00000140d88ade80 Exception <a 'java/lang/NoSuchMethodError'{0x0000000085b99180}: 'java.lang.Object java.lang.invoke.Invokers$Holder.linkToTargetMethod(java.lang.Object, java.lang.Object, java.lang.Object, int, java.lang.Object, java.lang.Object)'> (0x0000000085b99180) 
thrown [s\src\hotspot\share\interpreter\linkResolver.cpp, line 771]
Event: 33.151 Thread 0x00000140d88ade80 Implicit null exception at 0x00000140c9cd3863 to 0x00000140c9cd3ccf
Event: 34.483 Thread 0x00000140d88ade80 Exception <a 'java/lang/NoSuchMethodError'{0x0000000085ee1648}: 'java.lang.Object java.lang.invoke.DirectMethodHandle$Holder.invokeSpecialIFC(java.lang.Object, java.lang.Object, java.lang.Object)'> (0x0000000085ee1648) 
thrown [s\src\hotspot\share\interpreter\linkResolver.cpp, line 771]
Event: 36.340 Thread 0x00000140d88ade80 Exception <a 'sun/nio/fs/WindowsException'{0x0000000087959608}> (0x0000000087959608) 
thrown [s\src\hotspot\share\prims\jni.cpp, line 531]
Event: 36.341 Thread 0x00000140df96ed30 Exception <a 'sun/nio/fs/WindowsException'{0x0000000087a95ec0}> (0x0000000087a95ec0) 
thrown [s\src\hotspot\share\prims\jni.cpp, line 531]
Event: 38.690 Thread 0x00000140df96ed30 Implicit null exception at 0x00000140c9e1d577 to 0x00000140c9e1d744
Event: 39.345 Thread 0x00000140d88ade80 Exception <a 'sun/nio/fs/WindowsException'{0x000000008c128390}> (0x000000008c128390) 
thrown [s\src\hotspot\share\prims\jni.cpp, line 531]

VM Operations (20 events):
Event: 39.150 Executing VM operation: HandshakeAllThreads
Event: 39.150 Executing VM operation: HandshakeAllThreads done
Event: 40.155 Executing VM operation: Cleanup
Event: 40.202 Executing VM operation: Cleanup done
Event: 40.228 Executing VM operation: G1CollectForAllocation
Event: 40.230 Executing VM operation: G1CollectForAllocation done
Event: 40.465 Executing VM operation: G1CollectForAllocation
Event: 40.466 Executing VM operation: G1CollectForAllocation done
Event: 41.550 Executing VM operation: G1CollectForAllocation
Event: 41.555 Executing VM operation: G1CollectForAllocation done
Event: 41.576 Executing VM operation: HandshakeAllThreads
Event: 41.606 Executing VM operation: HandshakeAllThreads done
Event: 42.617 Executing VM operation: Cleanup
Event: 42.632 Executing VM operation: Cleanup done
Event: 42.972 Executing VM operation: G1CollectForAllocation
Event: 42.975 Executing VM operation: G1CollectForAllocation done
Event: 43.976 Executing VM operation: Cleanup
Event: 43.977 Executing VM operation: Cleanup done
Event: 43.983 Executing VM operation: G1CollectForAllocation
Event: 43.986 Executing VM operation: G1CollectForAllocation done

Events (20 events):
Event: 38.829 Thread 0x00000140d88bb740 flushing nmethod 0x00000140c2936d10
Event: 38.829 Thread 0x00000140d88bb740 flushing nmethod 0x00000140c293a210
Event: 38.829 Thread 0x00000140d88bb740 flushing nmethod 0x00000140c293ad90
Event: 38.829 Thread 0x00000140d88bb740 flushing nmethod 0x00000140c293b210
Event: 38.829 Thread 0x00000140d88bb740 flushing nmethod 0x00000140c293d310
Event: 38.829 Thread 0x00000140d88bb740 flushing nmethod 0x00000140c2955a90
Event: 38.829 Thread 0x00000140d88bb740 flushing nmethod 0x00000140c2960390
Event: 38.829 Thread 0x00000140d88bb740 flushing nmethod 0x00000140c2962990
Event: 38.829 Thread 0x00000140d88bb740 flushing nmethod 0x00000140c29a2210
Event: 38.829 Thread 0x00000140d88bb740 flushing nmethod 0x00000140c29cab90
Event: 38.829 Thread 0x00000140d88bb740 flushing nmethod 0x00000140c29cb490
Event: 38.829 Thread 0x00000140d88bb740 flushing nmethod 0x00000140c29cc010
Event: 38.829 Thread 0x00000140d88bb740 flushing nmethod 0x00000140c29cce90
Event: 38.829 Thread 0x00000140d88bb740 flushing nmethod 0x00000140c29cfa90
Event: 38.829 Thread 0x00000140d88bb740 flushing nmethod 0x00000140c29d9210
Event: 38.830 Thread 0x00000140d88bb740 flushing nmethod 0x00000140c2a1fe10
Event: 38.830 Thread 0x00000140d88bb740 flushing nmethod 0x00000140c2a21110
Event: 39.140 loading class jdk/internal/access/foreign/MemorySegmentProxy
Event: 39.141 loading class jdk/internal/access/foreign/MemorySegmentProxy done
Event: 42.975 Thread 0x00000140df829bc0 Thread exited: 0x00000140df829bc0


Dynamic libraries:
0x00007ff6ba0e0000 - 0x00007ff6ba0ea000 	C:\Program Files\Android\Android Studio\jbr\bin\java.exe
0x00007ffbf0010000 - 0x00007ffbf0208000 	C:\WINDOWS\SYSTEM32\ntdll.dll
0x00007ffbc2d60000 - 0x00007ffbc2d80000 	C:\Program Files\Avast Software\Avast\aswhook.dll
0x00007ffbeedf0000 - 0x00007ffbeeeb2000 	C:\WINDOWS\System32\KERNEL32.DLL
0x00007ffbed8d0000 - 0x00007ffbedbc6000 	C:\WINDOWS\System32\KERNELBASE.dll
0x00007ffbedbd0000 - 0x00007ffbedcd0000 	C:\WINDOWS\System32\ucrtbase.dll
0x00007ffbdb250000 - 0x00007ffbdb267000 	C:\Program Files\Android\Android Studio\jbr\bin\jli.dll
0x00007ffbef1d0000 - 0x00007ffbef371000 	C:\WINDOWS\System32\USER32.dll
0x00007ffbedf60000 - 0x00007ffbedf82000 	C:\WINDOWS\System32\win32u.dll
0x00007ffbd2800000 - 0x00007ffbd2a9b000 	C:\WINDOWS\WinSxS\amd64_microsoft.windows.common-controls_6595b64144ccf1df_6.0.19041.6456_none_60b8a6cb71f64256\COMCTL32.dll
0x00007ffbee950000 - 0x00007ffbee97b000 	C:\WINDOWS\System32\GDI32.dll
0x00007ffbedcd0000 - 0x00007ffbedde9000 	C:\WINDOWS\System32\gdi32full.dll
0x00007ffbee5c0000 - 0x00007ffbee65e000 	C:\WINDOWS\System32\msvcrt.dll
0x00007ffbedf90000 - 0x00007ffbee02d000 	C:\WINDOWS\System32\msvcp_win.dll
0x00007ffbdda60000 - 0x00007ffbdda7b000 	C:\Program Files\Android\Android Studio\jbr\bin\VCRUNTIME140.dll
0x00007ffbef1a0000 - 0x00007ffbef1cf000 	C:\WINDOWS\System32\IMM32.DLL
0x00007ffbdda50000 - 0x00007ffbdda5c000 	C:\Program Files\Android\Android Studio\jbr\bin\vcruntime140_1.dll
0x00007ffbdd9c0000 - 0x00007ffbdda4d000 	C:\Program Files\Android\Android Studio\jbr\bin\msvcp140.dll
0x00007ffb465b0000 - 0x00007ffb47233000 	C:\Program Files\Android\Android Studio\jbr\bin\server\jvm.dll
0x00007ffbee030000 - 0x00007ffbee0e1000 	C:\WINDOWS\System32\ADVAPI32.dll
0x00007ffbee660000 - 0x00007ffbee6ff000 	C:\WINDOWS\System32\sechost.dll
0x00007ffbee830000 - 0x00007ffbee950000 	C:\WINDOWS\System32\RPCRT4.dll
0x00007ffbeddf0000 - 0x00007ffbede17000 	C:\WINDOWS\System32\bcrypt.dll
0x00007ffbecbe0000 - 0x00007ffbecc2b000 	C:\WINDOWS\SYSTEM32\POWRPROF.dll
0x00007ffbdcdf0000 - 0x00007ffbdcdf9000 	C:\WINDOWS\SYSTEM32\WSOCK32.dll
0x00007ffbe5aa0000 - 0x00007ffbe5aaa000 	C:\WINDOWS\SYSTEM32\VERSION.dll
0x00007ffbd2ea0000 - 0x00007ffbd2ec7000 	C:\WINDOWS\SYSTEM32\WINMM.dll
0x00007ffbee4f0000 - 0x00007ffbee55b000 	C:\WINDOWS\System32\WS2_32.dll
0x00007ffbecaa0000 - 0x00007ffbecab2000 	C:\WINDOWS\SYSTEM32\UMPDC.dll
0x00007ffbebeb0000 - 0x00007ffbebec2000 	C:\WINDOWS\SYSTEM32\kernel.appcore.dll
0x00007ffbe9d30000 - 0x00007ffbe9d3a000 	C:\Program Files\Android\Android Studio\jbr\bin\jimage.dll
0x00007ffbea3e0000 - 0x00007ffbea5e1000 	C:\WINDOWS\SYSTEM32\DBGHELP.DLL
0x00007ffbe4ac0000 - 0x00007ffbe4af4000 	C:\WINDOWS\SYSTEM32\dbgcore.DLL
0x00007ffbede20000 - 0x00007ffbedea2000 	C:\WINDOWS\System32\bcryptPrimitives.dll
0x00007ffbdb270000 - 0x00007ffbdb27e000 	C:\Program Files\Android\Android Studio\jbr\bin\instrument.dll
0x00007ffbdd8a0000 - 0x00007ffbdd8c5000 	C:\Program Files\Android\Android Studio\jbr\bin\java.dll
0x00007ffbdd880000 - 0x00007ffbdd898000 	C:\Program Files\Android\Android Studio\jbr\bin\zip.dll
0x00007ffbef460000 - 0x00007ffbefbd0000 	C:\WINDOWS\System32\SHELL32.dll
0x00007ffbeb6e0000 - 0x00007ffbebe85000 	C:\WINDOWS\SYSTEM32\windows.storage.dll
0x00007ffbefbe0000 - 0x00007ffbeff34000 	C:\WINDOWS\System32\combase.dll
0x00007ffbed0d0000 - 0x00007ffbed0fb000 	C:\WINDOWS\SYSTEM32\Wldp.dll
0x00007ffbeeec0000 - 0x00007ffbeef8d000 	C:\WINDOWS\System32\OLEAUT32.dll
0x00007ffbeefb0000 - 0x00007ffbef05d000 	C:\WINDOWS\System32\SHCORE.dll
0x00007ffbee490000 - 0x00007ffbee4eb000 	C:\WINDOWS\System32\shlwapi.dll
0x00007ffbed5d0000 - 0x00007ffbed5f4000 	C:\WINDOWS\SYSTEM32\profapi.dll
0x00007ffbdd7b0000 - 0x00007ffbdd7c9000 	C:\Program Files\Android\Android Studio\jbr\bin\net.dll
0x00007ffbea780000 - 0x00007ffbea88a000 	C:\WINDOWS\SYSTEM32\WINHTTP.dll
0x00007ffbece30000 - 0x00007ffbece9a000 	C:\WINDOWS\system32\mswsock.dll
0x00007ffbdc8b0000 - 0x00007ffbdc8c6000 	C:\Program Files\Android\Android Studio\jbr\bin\nio.dll
0x00007ffbdc430000 - 0x00007ffbdc440000 	C:\Program Files\Android\Android Studio\jbr\bin\verify.dll
0x00007ffbdda80000 - 0x00007ffbddaa7000 	C:\Users\lenovo\.gradle\native\c067742578af261105cb4f569cf0c3c89f3d7b1fecec35dd04571415982c5e48\windows-amd64\native-platform.dll
0x00007ffb871b0000 - 0x00007ffb872f4000 	C:\Users\lenovo\.gradle\native\100fb08df4bc3b14c8652ba06237920a3bd2aa13389f12d3474272988ae205f9\windows-amd64\native-platform-file-events.dll
0x00007ffbdc8a0000 - 0x00007ffbdc8a9000 	C:\Program Files\Android\Android Studio\jbr\bin\management.dll
0x00007ffbdc460000 - 0x00007ffbdc46b000 	C:\Program Files\Android\Android Studio\jbr\bin\management_ext.dll
0x00007ffbef060000 - 0x00007ffbef068000 	C:\WINDOWS\System32\PSAPI.DLL
0x00007ffbed030000 - 0x00007ffbed048000 	C:\WINDOWS\SYSTEM32\CRYPTSP.dll
0x00007ffbec6e0000 - 0x00007ffbec718000 	C:\WINDOWS\system32\rsaenh.dll
0x00007ffbed590000 - 0x00007ffbed5be000 	C:\WINDOWS\SYSTEM32\USERENV.dll
0x00007ffbed020000 - 0x00007ffbed02c000 	C:\WINDOWS\SYSTEM32\CRYPTBASE.dll
0x00007ffbecac0000 - 0x00007ffbecafb000 	C:\WINDOWS\SYSTEM32\IPHLPAPI.DLL
0x00007ffbefbd0000 - 0x00007ffbefbd8000 	C:\WINDOWS\System32\NSI.dll
0x00007ffbe3190000 - 0x00007ffbe31a7000 	C:\WINDOWS\SYSTEM32\dhcpcsvc6.DLL
0x00007ffbe3eb0000 - 0x00007ffbe3ecd000 	C:\WINDOWS\SYSTEM32\dhcpcsvc.DLL
0x00007ffbecb10000 - 0x00007ffbecbda000 	C:\WINDOWS\SYSTEM32\DNSAPI.dll
0x00007ffbdd780000 - 0x00007ffbdd789000 	C:\Program Files\Android\Android Studio\jbr\bin\extnet.dll
0x00007ffb7e6d0000 - 0x00007ffb7e6d7000 	C:\WINDOWS\system32\wshunix.dll
0x00007ffbec930000 - 0x00007ffbec963000 	C:\WINDOWS\SYSTEM32\ntmarta.dll

dbghelp: loaded successfully - version: 4.0.5 - missing functions: none
symbol engine: initialized successfully - sym options: 0x614 - pdb path: .;C:\Program Files\Android\Android Studio\jbr\bin;C:\WINDOWS\SYSTEM32;C:\Program Files\Avast Software\Avast;C:\WINDOWS\WinSxS\amd64_microsoft.windows.common-controls_6595b64144ccf1df_6.0.19041.6456_none_60b8a6cb71f64256;C:\Program Files\Android\Android Studio\jbr\bin\server;C:\Users\lenovo\.gradle\native\c067742578af261105cb4f569cf0c3c89f3d7b1fecec35dd04571415982c5e48\windows-amd64;C:\Users\lenovo\.gradle\native\100fb08df4bc3b14c8652ba06237920a3bd2aa13389f12d3474272988ae205f9\windows-amd64

VM Arguments:
jvm_args: --add-opens=java.base/java.lang=ALL-UNNAMED --add-opens=java.base/java.lang.invoke=ALL-UNNAMED --add-opens=java.base/java.util=ALL-UNNAMED --add-opens=java.prefs/java.util.prefs=ALL-UNNAMED --add-exports=jdk.compiler/com.sun.tools.javac.api=ALL-UNNAMED --add-exports=jdk.compiler/com.sun.tools.javac.util=ALL-UNNAMED --add-opens=java.base/java.util=ALL-UNNAMED --add-opens=java.prefs/java.util.prefs=ALL-UNNAMED --add-opens=java.base/java.nio.charset=ALL-UNNAMED --add-opens=java.base/java.net=ALL-UNNAMED --add-opens=java.base/java.util.concurrent.atomic=ALL-UNNAMED --add-opens=java.xml/javax.xml.namespace=ALL-UNNAMED -Xmx2048m -Dfile.encoding=UTF-8 -Duser.country=US -Duser.language=en -Duser.variant -javaagent:C:\Users\lenovo\.gradle\wrapper\dists\gradle-8.11.1-all\2qik7nd48slq1ooc2496ixf4i\gradle-8.11.1\lib\agents\gradle-instrumentation-agent-8.11.1.jar 
java_command: org.gradle.launcher.daemon.bootstrap.GradleDaemon 8.11.1
java_class_path (initial): C:\Users\lenovo\.gradle\wrapper\dists\gradle-8.11.1-all\2qik7nd48slq1ooc2496ixf4i\gradle-8.11.1\lib\gradle-daemon-main-8.11.1.jar
Launcher Type: SUN_STANDARD

[Global flags]
     intx CICompilerCount                          = 3                                         {product} {ergonomic}
     uint ConcGCThreads                            = 1                                         {product} {ergonomic}
     uint G1ConcRefinementThreads                  = 4                                         {product} {ergonomic}
   size_t G1HeapRegionSize                         = 1048576                                   {product} {ergonomic}
    uintx GCDrainStackTargetSize                   = 64                                        {product} {ergonomic}
   size_t InitialHeapSize                          = 127926272                                 {product} {ergonomic}
   size_t MarkStackSize                            = 4194304                                   {product} {ergonomic}
   size_t MaxHeapSize                              = 2147483648                                {product} {command line}
   size_t MaxNewSize                               = 1287651328                                {product} {ergonomic}
   size_t MinHeapDeltaBytes                        = 1048576                                   {product} {ergonomic}
   size_t MinHeapSize                              = 8388608                                   {product} {ergonomic}
    uintx NonNMethodCodeHeapSize                   = 5832780                                {pd product} {ergonomic}
    uintx NonProfiledCodeHeapSize                  = 122912730                              {pd product} {ergonomic}
    uintx ProfiledCodeHeapSize                     = 122912730                              {pd product} {ergonomic}
    uintx ReservedCodeCacheSize                    = 251658240                              {pd product} {ergonomic}
     bool SegmentedCodeCache                       = true                                      {product} {ergonomic}
   size_t SoftMaxHeapSize                          = 2147483648                             {manageable} {ergonomic}
     bool UseCompressedClassPointers               = true                           {product lp64_product} {ergonomic}
     bool UseCompressedOops                        = true                           {product lp64_product} {ergonomic}
     bool UseG1GC                                  = true                                      {product} {ergonomic}
     bool UseLargePagesIndividualAllocation        = false                                  {pd product} {ergonomic}

Logging:
Log output configuration:
 #0: stdout all=warning uptime,level,tags
 #1: stderr all=off uptime,level,tags

Environment Variables:
JAVA_HOME=C:\Program Files\Android\Android Studio\jbr
PATH=C:\Program Files\Eclipse Adoptium\jdk-17.0.16.8-hotspot\bin;C:\flutter\flutter\bin;C:\Program Files (x86)\Common Files\Oracle\Java\java8path;C:\Program Files (x86)\Common Files\Oracle\Java\javapath;C:\Program Files\OpenLogic\jdk-21.0.3.9-hotspot\bin;C:\Windows\system32;C:\Windows;C:\Windows\System32\Wbem;C:\Windows\System32\WindowsPowerShell\v1.0\;C:\Windows\System32\OpenSSH\;C:\Program Files\dotnet\;C:\flutter\bin;C:\Program Files\Git\cmd;C:\Users\lenovo\AppData\Local\Programs\Python\Python313\Scripts\;C:\Users\lenovo\AppData\Local\Programs\Python\Python313\;C:\Program Files\Common Files\Oracle\Java\javapath;C:\Users\lenovo\AppData\Local\Microsoft\WindowsApps;C:\Program Files\JetBrains\PyCharm 2024.2\bin;C:\flutter_windows_3.29.1-stable\bin;C:\Users\lenovo\AppData\Local\Muse Hub\lib;C:\Program Files\PostgreSQL\17\bin;C:\WINDOWS\system32;C:\WINDOWS;C:\WINDOWS\System32\Wbem;C:\WINDOWS\System32\WindowsPowerShell\v1.0\;C:\WINDOWS\System32\OpenSSH\;C:\Program Files\nodejs\;C:\ProgramData\chocolatey\bin;C:\Users\lenovo\AppData\Local\Pub\Cache\bin;C:\Program Files\Eclipse Adoptium\jdk-17.0.16.8-hotspot\bin;C:\flutter\flutter\bin;C:\Program Files (x86)\Common Files\Oracle\Java\java8path;C:\Program Files (x86)\Common Files\Oracle\Java\javapath;C:\Program Files\OpenLogic\jdk-21.0.3.9-hotspot\bin;C:\Windows\system32;C:\Windows;C:\Windows\System32\Wbem;C:\Windows\System32\WindowsPowerShell\v1.0\;C:\Windows\System32\OpenSSH\;C:\Program Files\dotnet\;C:\flutter\bin;C:\Program Files\Git\cmd;C:\Users\lenovo\AppData\Local\Programs\Python\Python313\Scripts\;C:\Users\lenovo\AppData\Local\Programs\Python\Python313\;C:\Program Files\Common Files\Oracle\Java\javapath;C:\Users\lenovo\AppData\Local\Microsoft\WindowsApps;C:\Program Files\JetBrains\PyCharm 2024.2\bin;C:\flutter_windows_3.29.1-stable\bin;C:\Users\lenovo\AppData\Local\Muse Hub\lib;C:\Program Files\PostgreSQL\17\bin;C:\WINDOWS\system32;C:\WINDOWS;C:\WINDOWS\System32\Wbem;C:\WINDOWS\System32\WindowsPowerShell\v1.0\;C:\WINDOWS
USERNAME=lenovo
OS=Windows_NT
PROCESSOR_IDENTIFIER=Intel64 Family 6 Model 142 Stepping 9, GenuineIntel
TMP=C:\Users\lenovo\AppData\Local\Temp
TEMP=C:\Users\lenovo\AppData\Local\Temp



Periodic native trim disabled

JNI global refs:
JNI global refs: 26, weak refs: 5

JNI global refs memory usage: 843, weak refs: 841

Process memory usage:
Resident Set Size: 397420K (4% of 7981676K total physical memory with 377444K free physical memory)

OOME stack traces (most recent first):
Classloader memory used:
Loader org.gradle.internal.classloader.VisitableURLClassLoader                         : 4055K
Loader bootstrap                                                                       : 2491K
Loader org.gradle.initialization.MixInLegacyTypesClassLoader                           : 820K
Loader org.gradle.internal.classloader.VisitableURLClassLoader                         : 87660B
Loader jdk.internal.loader.ClassLoaders$PlatformClassLoader                            : 66077B
Loader jdk.internal.loader.ClassLoaders$AppClassLoader                                 : 29230B
Loader jdk.internal.reflect.DelegatingClassLoader                                      : 27454B
Loader org.gradle.groovy.scripts.internal.DefaultScriptCompilationHandler$ScriptClassLoader: 4306B
Loader org.codehaus.groovy.runtime.callsite.CallSiteClassLoader                        : 876B

Classes loaded by more than one classloader:
Class org.gradle.api.GradleException                                                  : loaded 3 times (x 80B)
Class org.gradle.util.GradleVersion                                                   : loaded 2 times (x 81B)
Class kotlin.collections.AbstractList                                                 : loaded 2 times (x 157B)
Class kotlin.collections.AbstractCollection                                           : loaded 2 times (x 115B)
Class org.gradle.internal.classpath.ClassPath                                         : loaded 2 times (x 68B)
Class org.gradle.api.internal.classpath.DefaultModuleRegistry                         : loaded 2 times (x 84B)
Class org.gradle.internal.exceptions.NonGradleCauseExceptionsHolder                   : loaded 2 times (x 68B)
Class kotlin.enums.EnumEntries                                                        : loaded 2 times (x 68B)
Class org.gradle.api.Action                                                           : loaded 2 times (x 68B)
Class kotlin.enums.EnumEntriesKt                                                      : loaded 2 times (x 69B)
Class org.gradle.api.internal.DefaultClassPathProvider                                : loaded 2 times (x 74B)
Class org.gradle.internal.installation.GradleInstallation$1                           : loaded 2 times (x 73B)
Class org.gradle.internal.exceptions.DefaultMultiCauseException                       : loaded 2 times (x 93B)
Class org.gradle.internal.time.MonotonicClock                                         : loaded 2 times (x 75B)
Class org.gradle.internal.classloader.FilteringClassLoader                            : loaded 2 times (x 103B)
Class org.gradle.internal.classpath.DefaultClassPath$ImmutableUniqueList$Builder      : loaded 2 times (x 73B)
Class kotlin.UninitializedPropertyAccessException                                     : loaded 2 times (x 80B)
Class org.gradle.internal.classloader.ClassLoaderVisitor                              : loaded 2 times (x 74B)
Class org.gradle.internal.time.DefaultCountdownTimer                                  : loaded 2 times (x 86B)
Class org.gradle.internal.service.DefaultServiceLocator                               : loaded 2 times (x 81B)
Class org.gradle.internal.service.UnknownServiceException                             : loaded 2 times (x 81B)
Class org.gradle.internal.classloader.DefaultClassLoaderFactory                       : loaded 2 times (x 80B)
Class org.gradle.internal.classloader.VisitableURLClassLoader$Spec                    : loaded 2 times (x 72B)
Class org.gradle.tooling.model.ProjectModel                                           : loaded 2 times (x 68B)
Class org.gradle.internal.installation.GradleInstallation                             : loaded 2 times (x 73B)
Class org.gradle.api.internal.classpath.ModuleRegistry                                : loaded 2 times (x 68B)
Class kotlin.jvm.internal.markers.KMappedMarker                                       : loaded 2 times (x 68B)
Class org.gradle.api.internal.ClassPathProvider                                       : loaded 2 times (x 68B)
Class org.gradle.internal.classloader.ClasspathUtil$1                                 : loaded 2 times (x 74B)
Class org.gradle.internal.classloader.ClassLoaderFactory                              : loaded 2 times (x 68B)
Class org.gradle.api.internal.classpath.ManifestUtil                                  : loaded 2 times (x 69B)
Class org.gradle.api.specs.Spec                                                       : loaded 2 times (x 68B)
Class kotlin.jvm.internal.Intrinsics                                                  : loaded 2 times (x 69B)
Class org.gradle.internal.IoActions                                                   : loaded 2 times (x 69B)
Class org.gradle.api.internal.classpath.EffectiveClassPath                            : loaded 2 times (x 88B)
Class org.gradle.internal.exceptions.ResolutionProvider                               : loaded 2 times (x 68B)
Class org.gradle.internal.installation.CurrentGradleInstallation                      : loaded 2 times (x 71B)
Class org.gradle.internal.installation.CurrentGradleInstallationLocator               : loaded 2 times (x 69B)
Class org.gradle.api.internal.classpath.Module                                        : loaded 2 times (x 68B)
Class org.gradle.internal.service.CachingServiceLocator                               : loaded 2 times (x 80B)
Class org.gradle.internal.time.Timer                                                  : loaded 2 times (x 68B)
Class org.gradle.internal.classpath.DefaultClassPath                                  : loaded 2 times (x 88B)
Class kotlin.enums.EnumEntriesList                                                    : loaded 2 times (x 183B)
Class kotlin.jvm.functions.Function1                                                  : loaded 2 times (x 68B)
Class org.gradle.internal.time.Time                                                   : loaded 2 times (x 69B)
Class org.gradle.internal.time.TimeSource$1                                           : loaded 2 times (x 75B)
Class kotlin.KotlinNullPointerException                                               : loaded 2 times (x 81B)
Class org.gradle.internal.classloader.SystemClassLoaderSpec                           : loaded 2 times (x 69B)
Class kotlin.Function                                                                 : loaded 2 times (x 68B)
Class org.gradle.api.UncheckedIOException                                             : loaded 2 times (x 80B)
Class org.gradle.api.internal.classpath.GlobalCacheRootsProvider                      : loaded 2 times (x 68B)
Class org.gradle.internal.time.CountdownTimer                                         : loaded 2 times (x 68B)
Class org.gradle.internal.time.Clock                                                  : loaded 2 times (x 68B)
Class org.gradle.internal.classloader.ClasspathUtil                                   : loaded 2 times (x 69B)
Class org.gradle.api.internal.DefaultClassPathRegistry                                : loaded 2 times (x 74B)
Class org.gradle.api.internal.classpath.DefaultModuleRegistry$DefaultModule           : loaded 2 times (x 84B)
Class org.gradle.internal.time.TimeSource                                             : loaded 2 times (x 68B)
Class org.gradle.api.internal.classpath.UnknownModuleException                        : loaded 2 times (x 80B)
Class org.gradle.internal.service.ServiceLookupException                              : loaded 2 times (x 80B)
Class [Lorg.gradle.api.internal.ClassPathProvider;                                    : loaded 2 times (x 67B)
Class org.gradle.internal.operations.MultipleBuildOperationFailures                   : loaded 2 times (x 93B)
Class org.gradle.util.internal.GUtil                                                  : loaded 2 times (x 69B)
Class org.gradle.internal.classloader.ClassLoaderSpec                                 : loaded 2 times (x 69B)
Class org.gradle.internal.classloader.InstrumentingClassLoader                        : loaded 2 times (x 68B)
Class org.gradle.internal.classloader.VisitableURLClassLoader                         : loaded 2 times (x 115B)
Class org.gradle.internal.Cast                                                        : loaded 2 times (x 69B)
Class org.gradle.api.internal.ClassPathRegistry                                       : loaded 2 times (x 68B)
Class org.gradle.internal.classloader.VisitableURLClassLoader$InstrumentingVisitableURLClassLoader: loaded 2 times (x 121B)
Class org.gradle.internal.classloader.ClassLoaderHierarchy                            : loaded 2 times (x 68B)
Class org.gradle.internal.exceptions.MultiCauseException                              : loaded 2 times (x 68B)
Class org.gradle.internal.InternalTransformer                                         : loaded 2 times (x 68B)
Class org.gradle.internal.service.ServiceLocator                                      : loaded 2 times (x 68B)
Class org.gradle.internal.classpath.DefaultClassPath$ImmutableUniqueList              : loaded 2 times (x 159B)
Class org.gradle.internal.time.DefaultTimer                                           : loaded 2 times (x 78B)
Class org.gradle.internal.classpath.TransformedClassPath                              : loaded 2 times (x 94B)
Class kotlin.collections.AbstractList$Companion                                       : loaded 2 times (x 69B)


---------------  S Y S T E M  ---------------

OS:
 Windows 10 , 64 bit Build 19041 (10.0.19041.5915)
OS uptime: 0 days 3:57 hours

CPU: total 4 (initial active 4) (2 cores per cpu, 2 threads per core) family 6 model 142 stepping 9 microcode 0xb4, cx8, cmov, fxsr, ht, mmx, 3dnowpref, sse, sse2, sse3, ssse3, sse4.1, sse4.2, popcnt, lzcnt, tsc, tscinvbit, avx, avx2, aes, erms, clmul, bmi1, bmi2, rtm, adx, fma, vzeroupper, clflush, clflushopt
Processor Information for all 4 processors :
  Max Mhz: 2712, Current Mhz: 803, Mhz Limit: 786

Memory: 4k page, system-wide physical 7794M (364M free)
TotalPageFile size 15986M (AvailPageFile size 4M)
current process WorkingSet (physical memory assigned to process): 388M, peak: 399M
current process commit charge ("private bytes"): 428M, peak: 437M

vm_info: OpenJDK 64-Bit Server VM (17.0.11+0--11852314) for windows-amd64 JRE (17.0.11+0--11852314), built on May 16 2024 21:29:20 by "androidbuild" with MS VC++ 16.10 / 16.11 (VS2019)

END.
