#
# There is insufficient memory for the Java Runtime Environment to continue.
# Native memory allocation (malloc) failed to allocate 1496544 bytes. Error detail: Chunk::new
# Possible reasons:
#   The system is out of physical RAM or swap space
#   This process is running with CompressedOops enabled, and the Java Heap may be blocking the growth of the native heap
# Possible solutions:
#   Reduce memory load on the system
#   Increase physical memory or swap space
#   Check if swap backing store is full
#   Decrease Java heap size (-Xmx/-Xms)
#   Decrease number of Java threads
#   Decrease Java thread stack sizes (-Xss)
#   Set larger code cache with -XX:ReservedCodeCacheSize=
#   JVM is running with Unscaled Compressed Oops mode in which the Java heap is
#     placed in the first 4GB address space. The Java Heap base address is the
#     maximum limit for the native heap growth. Please use -XX:HeapBaseMinAddress
#     to set the Java Heap base and to place the Java Heap above 4GB virtual address.
# This output file may be truncated or incomplete.
#
#  Out of Memory Error (arena.cpp:191), pid=1584, tid=18552
#
# JRE version: OpenJDK Runtime Environment (17.0.11) (build 17.0.11+0--11852314)
# Java VM: OpenJDK 64-Bit Server VM (17.0.11+0--11852314, mixed mode, tiered, compressed oops, compressed class ptrs, g1 gc, windows-amd64)
# No core dump will be written. Minidumps are not enabled by default on client versions of Windows
#

---------------  S U M M A R Y ------------

Command Line: --add-opens=java.base/java.lang=ALL-UNNAMED --add-opens=java.base/java.lang.invoke=ALL-UNNAMED --add-opens=java.base/java.util=ALL-UNNAMED --add-opens=java.prefs/java.util.prefs=ALL-UNNAMED --add-exports=jdk.compiler/com.sun.tools.javac.api=ALL-UNNAMED --add-exports=jdk.compiler/com.sun.tools.javac.util=ALL-UNNAMED --add-opens=java.base/java.util=ALL-UNNAMED --add-opens=java.prefs/java.util.prefs=ALL-UNNAMED --add-opens=java.base/java.nio.charset=ALL-UNNAMED --add-opens=java.base/java.net=ALL-UNNAMED --add-opens=java.base/java.util.concurrent.atomic=ALL-UNNAMED --add-opens=java.xml/javax.xml.namespace=ALL-UNNAMED -Xmx2048m -Dfile.encoding=UTF-8 -Duser.country=US -Duser.language=en -Duser.variant -javaagent:C:\Users\lenovo\.gradle\wrapper\dists\gradle-8.13-all\54h0s9kvb6g2sinako7ub77ku\gradle-8.13\lib\agents\gradle-instrumentation-agent-8.13.jar org.gradle.launcher.daemon.bootstrap.GradleDaemon 8.13

Host: Intel(R) Core(TM) i5-7300U CPU @ 2.60GHz, 4 cores, 7G,  Windows 10 , 64 bit Build 19041 (10.0.19041.5915)
Time: Fri Oct 31 15:39:50 2025 E. Africa Standard Time elapsed time: 116.678609 seconds (0d 0h 1m 56s)

---------------  T H R E A D  ---------------

Current thread (0x0000017541f89890):  JavaThread "C2 CompilerThread0" daemon [_thread_in_native, id=18552, stack(0x00000038dea00000,0x00000038deb00000)]


Current CompileTask:
C2: 116679 9045       4       org.gradle.internal.classpath.InPlaceClasspathBuilder$ZipEntryBuilder::maybeAddParent (50 bytes)

Stack: [0x00000038dea00000,0x00000038deb00000]
Native frames: (J=compiled Java code, j=interpreted, Vv=VM code, C=native code)
V  [jvm.dll+0x687bb9]
V  [jvm.dll+0x84142a]
V  [jvm.dll+0x8430ae]
V  [jvm.dll+0x843713]
V  [jvm.dll+0x24a35f]
V  [jvm.dll+0xac544]
V  [jvm.dll+0xacb8c]
V  [jvm.dll+0x369c37]
V  [jvm.dll+0x33416a]
V  [jvm.dll+0x33360a]
V  [jvm.dll+0x21bed1]
V  [jvm.dll+0x21b311]
V  [jvm.dll+0x1a63ed]
V  [jvm.dll+0x22b1ee]
V  [jvm.dll+0x229375]
V  [jvm.dll+0x7f5647]
V  [jvm.dll+0x7efa4a]
V  [jvm.dll+0x686a35]
C  [ucrtbase.dll+0x21bb2]
C  [KERNEL32.DLL+0x17374]
C  [ntdll.dll+0x4cc91]


---------------  P R O C E S S  ---------------

Threads class SMR info:
_java_thread_list=0x00000175493ef400, length=46, elements={
0x000001752899cac0, 0x0000017541f6f500, 0x0000017541f70190, 0x0000017541f84c90,
0x0000017541f85760, 0x0000017541f88130, 0x0000017541f88af0, 0x0000017541f89890,
0x0000017541fa9a10, 0x000001754217fc60, 0x0000017541f15580, 0x0000017542326450,
0x0000017542a1fed0, 0x000001754705f960, 0x000001754751f1d0, 0x00000175471a89e0,
0x00000175471a9910, 0x00000175471aa330, 0x00000175471a8ef0, 0x00000175471a7fc0,
0x00000175471a7090, 0x00000175471a84d0, 0x00000175471a9400, 0x00000175471a9e20,
0x00000175471aa840, 0x00000175471a7ab0, 0x0000017548792690, 0x0000017548792ba0,
0x0000017548791760, 0x00000175487930b0, 0x00000175487935c0, 0x0000017548793ad0,
0x0000017548d4bb80, 0x0000017548d46a80, 0x0000017548d48df0, 0x0000017548d4cab0,
0x0000017548d46f90, 0x0000017548d4b160, 0x0000017548d49d20, 0x0000017548d479b0,
0x0000017548d4b670, 0x0000017548d4cfc0, 0x0000017548d4d9e0, 0x0000017548d47ec0,
0x0000017548d474a0, 0x0000017548d483d0
}

Java Threads: ( => current thread )
  0x000001752899cac0 JavaThread "main" [_thread_blocked, id=11772, stack(0x00000038ddd00000,0x00000038dde00000)]
  0x0000017541f6f500 JavaThread "Reference Handler" daemon [_thread_blocked, id=15616, stack(0x00000038de400000,0x00000038de500000)]
  0x0000017541f70190 JavaThread "Finalizer" daemon [_thread_blocked, id=4772, stack(0x00000038de500000,0x00000038de600000)]
  0x0000017541f84c90 JavaThread "Signal Dispatcher" daemon [_thread_blocked, id=7616, stack(0x00000038de600000,0x00000038de700000)]
  0x0000017541f85760 JavaThread "Attach Listener" daemon [_thread_blocked, id=18544, stack(0x00000038de700000,0x00000038de800000)]
  0x0000017541f88130 JavaThread "Service Thread" daemon [_thread_blocked, id=9404, stack(0x00000038de800000,0x00000038de900000)]
  0x0000017541f88af0 JavaThread "Monitor Deflation Thread" daemon [_thread_blocked, id=6508, stack(0x00000038de900000,0x00000038dea00000)]
=>0x0000017541f89890 JavaThread "C2 CompilerThread0" daemon [_thread_in_native, id=18552, stack(0x00000038dea00000,0x00000038deb00000)]
  0x0000017541fa9a10 JavaThread "C1 CompilerThread0" daemon [_thread_blocked, id=16496, stack(0x00000038deb00000,0x00000038dec00000)]
  0x000001754217fc60 JavaThread "Sweeper thread" daemon [_thread_blocked, id=7248, stack(0x00000038dec00000,0x00000038ded00000)]
  0x0000017541f15580 JavaThread "Common-Cleaner" daemon [_thread_blocked, id=18056, stack(0x00000038ded00000,0x00000038dee00000)]
  0x0000017542326450 JavaThread "Notification Thread" daemon [_thread_blocked, id=17708, stack(0x00000038dee00000,0x00000038def00000)]
  0x0000017542a1fed0 JavaThread "Daemon health stats" [_thread_blocked, id=18780, stack(0x00000038ddb00000,0x00000038ddc00000)]
  0x000001754705f960 JavaThread "Incoming local TCP Connector on port 50505" [_thread_in_native, id=18720, stack(0x00000038df300000,0x00000038df400000)]
  0x000001754751f1d0 JavaThread "Daemon periodic checks" [_thread_blocked, id=11172, stack(0x00000038df400000,0x00000038df500000)]
  0x00000175471a89e0 JavaThread "Daemon" [_thread_blocked, id=6540, stack(0x00000038df500000,0x00000038df600000)]
  0x00000175471a9910 JavaThread "Handler for socket connection from /127.0.0.1:50505 to /127.0.0.1:50506" [_thread_in_native, id=9300, stack(0x00000038df600000,0x00000038df700000)]
  0x00000175471aa330 JavaThread "Cancel handler" [_thread_blocked, id=16136, stack(0x00000038df700000,0x00000038df800000)]
  0x00000175471a8ef0 JavaThread "Daemon worker" [_thread_in_Java, id=12340, stack(0x00000038df800000,0x00000038df900000)]
  0x00000175471a7fc0 JavaThread "Asynchronous log dispatcher for DefaultDaemonConnection: socket connection from /127.0.0.1:50505 to /127.0.0.1:50506" [_thread_blocked, id=13844, stack(0x00000038df900000,0x00000038dfa00000)]
  0x00000175471a7090 JavaThread "Stdin handler" [_thread_blocked, id=19152, stack(0x00000038dfa00000,0x00000038dfb00000)]
  0x00000175471a84d0 JavaThread "Daemon client event forwarder" [_thread_blocked, id=6704, stack(0x00000038dfb00000,0x00000038dfc00000)]
  0x00000175471a9400 JavaThread "Cache worker for journal cache (C:\Users\lenovo\.gradle\caches\journal-1)" [_thread_blocked, id=16976, stack(0x00000038dfc00000,0x00000038dfd00000)]
  0x00000175471a9e20 JavaThread "File lock request listener" [_thread_in_native, id=5056, stack(0x00000038dfd00000,0x00000038dfe00000)]
  0x00000175471aa840 JavaThread "Cache worker for file hash cache (C:\Users\lenovo\.gradle\caches\8.13\fileHashes)" [_thread_blocked, id=4168, stack(0x00000038dfe00000,0x00000038dff00000)]
  0x00000175471a7ab0 JavaThread "Cache worker for file hash cache (C:\Users\lenovo\StudioProjects\GiphySearchApp\.gradle\8.13\fileHashes)" [_thread_blocked, id=7396, stack(0x00000038dff00000,0x00000038e0000000)]
  0x0000017548792690 JavaThread "Cache worker for Build Output Cleanup Cache (C:\Users\lenovo\StudioProjects\GiphySearchApp\.gradle\buildOutputCleanup)" [_thread_blocked, id=19060, stack(0x00000038e0000000,0x00000038e0100000)]
  0x0000017548792ba0 JavaThread "File watcher server" daemon [_thread_in_native, id=17908, stack(0x00000038e0100000,0x00000038e0200000)]
  0x0000017548791760 JavaThread "File watcher consumer" daemon [_thread_blocked, id=13776, stack(0x00000038e0200000,0x00000038e0300000)]
  0x00000175487930b0 JavaThread "jar transforms" [_thread_blocked, id=2212, stack(0x00000038e0400000,0x00000038e0500000)]
  0x00000175487935c0 JavaThread "jar transforms Thread 2" [_thread_blocked, id=10256, stack(0x00000038e0500000,0x00000038e0600000)]
  0x0000017548793ad0 JavaThread "Cache worker for checksums cache (C:\Users\lenovo\StudioProjects\GiphySearchApp\.gradle\8.13\checksums)" [_thread_blocked, id=12084, stack(0x00000038e0600000,0x00000038e0700000)]
  0x0000017548d4bb80 JavaThread "Cache worker for file content cache (C:\Users\lenovo\.gradle\caches\8.13\fileContent)" [_thread_blocked, id=6512, stack(0x00000038e0700000,0x00000038e0800000)]
  0x0000017548d46a80 JavaThread "jar transforms Thread 3" [_thread_blocked, id=10200, stack(0x00000038e0800000,0x00000038e0900000)]
  0x0000017548d48df0 JavaThread "Cache worker for cache directory md-supplier (C:\Users\lenovo\.gradle\caches\8.13\md-supplier)" [_thread_blocked, id=7480, stack(0x00000038e0900000,0x00000038e0a00000)]
  0x0000017548d4cab0 JavaThread "Cache worker for cache directory md-rule (C:\Users\lenovo\.gradle\caches\8.13\md-rule)" [_thread_blocked, id=5684, stack(0x00000038e0a00000,0x00000038e0b00000)]
  0x0000017548d46f90 JavaThread "Unconstrained build operations" [_thread_blocked, id=11564, stack(0x00000038e0b00000,0x00000038e0c00000)]
  0x0000017548d4b160 JavaThread "Unconstrained build operations Thread 2" [_thread_blocked, id=1216, stack(0x00000038e0c00000,0x00000038e0d00000)]
  0x0000017548d49d20 JavaThread "Unconstrained build operations Thread 3" [_thread_blocked, id=19420, stack(0x00000038e0d00000,0x00000038e0e00000)]
  0x0000017548d479b0 JavaThread "Unconstrained build operations Thread 4" [_thread_blocked, id=8468, stack(0x00000038e0e00000,0x00000038e0f00000)]
  0x0000017548d4b670 JavaThread "Unconstrained build operations Thread 5" [_thread_blocked, id=18620, stack(0x00000038e0f00000,0x00000038e1000000)]
  0x0000017548d4cfc0 JavaThread "Unconstrained build operations Thread 6" [_thread_blocked, id=16264, stack(0x00000038e1000000,0x00000038e1100000)]
  0x0000017548d4d9e0 JavaThread "jar transforms Thread 4" [_thread_blocked, id=8644, stack(0x00000038e1400000,0x00000038e1500000)]
  0x0000017548d47ec0 JavaThread "Unconstrained build operations Thread 7" [_thread_blocked, id=11332, stack(0x00000038ddc00000,0x00000038ddd00000)]
  0x0000017548d474a0 JavaThread "Unconstrained build operations Thread 8" [_thread_blocked, id=18460, stack(0x00000038e1500000,0x00000038e1600000)]
  0x0000017548d483d0 JavaThread "Unconstrained build operations Thread 9" [_thread_blocked, id=18820, stack(0x00000038e1600000,0x00000038e1700000)]

Other Threads:
  0x00000175420f31c0 VMThread "VM Thread" [stack: 0x00000038de300000,0x00000038de400000] [id=16016]
  0x000001752899d7c0 WatcherThread [stack: 0x00000038def00000,0x00000038df000000] [id=1572]
  0x00000175289f6930 GCTaskThread "GC Thread#0" [stack: 0x00000038dde00000,0x00000038ddf00000] [id=5624]
  0x000001754246ef10 GCTaskThread "GC Thread#1" [stack: 0x00000038df000000,0x00000038df100000] [id=2180]
  0x0000017542453420 GCTaskThread "GC Thread#2" [stack: 0x00000038df100000,0x00000038df200000] [id=17716]
  0x00000175426e4d40 GCTaskThread "GC Thread#3" [stack: 0x00000038df200000,0x00000038df300000] [id=13280]
  0x0000017528a07720 ConcurrentGCThread "G1 Main Marker" [stack: 0x00000038ddf00000,0x00000038de000000] [id=10828]
  0x0000017528a080b0 ConcurrentGCThread "G1 Conc#0" [stack: 0x00000038de000000,0x00000038de100000] [id=2252]
  0x0000017541dd20b0 ConcurrentGCThread "G1 Refine#0" [stack: 0x00000038de100000,0x00000038de200000] [id=12196]
  0x00000175486e8280 ConcurrentGCThread "G1 Refine#1" [stack: 0x00000038e0300000,0x00000038e0400000] [id=14952]
  0x0000017549c0f850 ConcurrentGCThread "G1 Refine#2" [stack: 0x00000038e1100000,0x00000038e1200000] [id=13288]
  0x0000017541dd2980 ConcurrentGCThread "G1 Service" [stack: 0x00000038de200000,0x00000038de300000] [id=11024]

Threads with active compile tasks:
C2 CompilerThread0   116777 9045       4       org.gradle.internal.classpath.InPlaceClasspathBuilder$ZipEntryBuilder::maybeAddParent (50 bytes)

VM state: not at safepoint (normal execution)

VM Mutex/Monitor currently owned by a thread: None

Heap address: 0x0000000080000000, size: 2048 MB, Compressed Oops mode: 32-bit

CDS archive(s) not mapped
Compressed class space mapped at: 0x0000000100000000-0x0000000140000000, reserved size: 1073741824
Narrow klass base: 0x0000000000000000, Narrow klass shift: 3, Narrow klass range: 0x140000000

GC Precious Log:
 CPUs: 4 total, 4 available
 Memory: 7794M
 Large Page Support: Disabled
 NUMA Support: Disabled
 Compressed Oops: Enabled (32-bit)
 Heap Region Size: 1M
 Heap Min Capacity: 8M
 Heap Initial Capacity: 122M
 Heap Max Capacity: 2G
 Pre-touch: Disabled
 Parallel Workers: 4
 Concurrent Workers: 1
 Concurrent Refinement Workers: 4
 Periodic GC: Disabled

Heap:
 garbage-first heap   total 283648K, used 214642K [0x0000000080000000, 0x0000000100000000)
  region size 1024K, 139 young (142336K), 13 survivors (13312K)
 Metaspace       used 63045K, committed 63616K, reserved 1114112K
  class space    used 8347K, committed 8576K, reserved 1048576K

Heap Regions: E=young(eden), S=young(survivor), O=old, HS=humongous(starts), HC=humongous(continues), CS=collection set, F=free, OA=open archive, CA=closed archive, TAMS=top-at-mark-start (previous, next)
|   0|0x0000000080000000, 0x0000000080100000, 0x0000000080100000|100%|HS|  |TAMS 0x0000000080100000, 0x0000000080000000| Complete 
|   1|0x0000000080100000, 0x0000000080200000, 0x0000000080200000|100%|HC|  |TAMS 0x0000000080200000, 0x0000000080100000| Complete 
|   2|0x0000000080200000, 0x0000000080300000, 0x0000000080300000|100%|HC|  |TAMS 0x0000000080300000, 0x0000000080200000| Complete 
|   3|0x0000000080300000, 0x0000000080400000, 0x0000000080400000|100%| O|  |TAMS 0x0000000080400000, 0x0000000080300000| Untracked 
|   4|0x0000000080400000, 0x0000000080500000, 0x0000000080500000|100%| O|  |TAMS 0x0000000080500000, 0x0000000080400000| Untracked 
|   5|0x0000000080500000, 0x0000000080600000, 0x0000000080600000|100%| O|  |TAMS 0x0000000080600000, 0x0000000080500000| Untracked 
|   6|0x0000000080600000, 0x0000000080700000, 0x0000000080700000|100%| O|  |TAMS 0x0000000080700000, 0x0000000080600000| Untracked 
|   7|0x0000000080700000, 0x0000000080800000, 0x0000000080800000|100%|HS|  |TAMS 0x0000000080800000, 0x0000000080700000| Complete 
|   8|0x0000000080800000, 0x0000000080900000, 0x0000000080900000|100%| O|  |TAMS 0x0000000080900000, 0x0000000080800000| Untracked 
|   9|0x0000000080900000, 0x0000000080a00000, 0x0000000080a00000|100%| O|  |TAMS 0x0000000080a00000, 0x0000000080900000| Untracked 
|  10|0x0000000080a00000, 0x0000000080b00000, 0x0000000080b00000|100%| O|  |TAMS 0x0000000080b00000, 0x0000000080a00000| Untracked 
|  11|0x0000000080b00000, 0x0000000080c00000, 0x0000000080c00000|100%| O|  |TAMS 0x0000000080c00000, 0x0000000080b00000| Untracked 
|  12|0x0000000080c00000, 0x0000000080d00000, 0x0000000080d00000|100%| O|  |TAMS 0x0000000080d00000, 0x0000000080c00000| Untracked 
|  13|0x0000000080d00000, 0x0000000080e00000, 0x0000000080e00000|100%| O|  |TAMS 0x0000000080e00000, 0x0000000080d00000| Untracked 
|  14|0x0000000080e00000, 0x0000000080f00000, 0x0000000080f00000|100%| O|  |TAMS 0x0000000080f00000, 0x0000000080e00000| Untracked 
|  15|0x0000000080f00000, 0x0000000080f82400, 0x0000000081000000| 50%| O|  |TAMS 0x0000000080f82400, 0x0000000080f00000| Untracked 
|  16|0x0000000081000000, 0x0000000081100000, 0x0000000081100000|100%| O|  |TAMS 0x0000000081100000, 0x0000000081000000| Untracked 
|  17|0x0000000081100000, 0x0000000081200000, 0x0000000081200000|100%| O|  |TAMS 0x0000000081200000, 0x0000000081100000| Untracked 
|  18|0x0000000081200000, 0x0000000081300000, 0x0000000081300000|100%| O|  |TAMS 0x0000000081300000, 0x0000000081200000| Untracked 
|  19|0x0000000081300000, 0x0000000081400000, 0x0000000081400000|100%| O|  |TAMS 0x0000000081400000, 0x0000000081300000| Untracked 
|  20|0x0000000081400000, 0x0000000081500000, 0x0000000081500000|100%| O|  |TAMS 0x0000000081500000, 0x0000000081400000| Untracked 
|  21|0x0000000081500000, 0x0000000081600000, 0x0000000081600000|100%| O|  |TAMS 0x0000000081600000, 0x0000000081500000| Untracked 
|  22|0x0000000081600000, 0x0000000081700000, 0x0000000081700000|100%| O|  |TAMS 0x0000000081700000, 0x0000000081600000| Untracked 
|  23|0x0000000081700000, 0x0000000081800000, 0x0000000081800000|100%| O|  |TAMS 0x0000000081800000, 0x0000000081700000| Untracked 
|  24|0x0000000081800000, 0x0000000081900000, 0x0000000081900000|100%| O|  |TAMS 0x0000000081900000, 0x0000000081800000| Untracked 
|  25|0x0000000081900000, 0x0000000081a00000, 0x0000000081a00000|100%| O|  |TAMS 0x0000000081a00000, 0x0000000081900000| Untracked 
|  26|0x0000000081a00000, 0x0000000081b00000, 0x0000000081b00000|100%| O|  |TAMS 0x0000000081b00000, 0x0000000081a00000| Untracked 
|  27|0x0000000081b00000, 0x0000000081c00000, 0x0000000081c00000|100%| O|  |TAMS 0x0000000081c00000, 0x0000000081b00000| Untracked 
|  28|0x0000000081c00000, 0x0000000081d00000, 0x0000000081d00000|100%| O|  |TAMS 0x0000000081d00000, 0x0000000081c00000| Untracked 
|  29|0x0000000081d00000, 0x0000000081e00000, 0x0000000081e00000|100%| O|  |TAMS 0x0000000081e00000, 0x0000000081d00000| Untracked 
|  30|0x0000000081e00000, 0x0000000081f00000, 0x0000000081f00000|100%| O|  |TAMS 0x0000000081f00000, 0x0000000081e00000| Untracked 
|  31|0x0000000081f00000, 0x0000000082000000, 0x0000000082000000|100%| O|  |TAMS 0x0000000082000000, 0x0000000081f00000| Untracked 
|  32|0x0000000082000000, 0x0000000082100000, 0x0000000082100000|100%| O|  |TAMS 0x0000000082100000, 0x0000000082000000| Untracked 
|  33|0x0000000082100000, 0x0000000082200000, 0x0000000082200000|100%| O|  |TAMS 0x0000000082200000, 0x0000000082100000| Untracked 
|  34|0x0000000082200000, 0x0000000082300000, 0x0000000082300000|100%| O|  |TAMS 0x0000000082300000, 0x0000000082200000| Untracked 
|  35|0x0000000082300000, 0x0000000082400000, 0x0000000082400000|100%| O|  |TAMS 0x0000000082400000, 0x0000000082300000| Untracked 
|  36|0x0000000082400000, 0x0000000082500000, 0x0000000082500000|100%| O|  |TAMS 0x0000000082500000, 0x0000000082400000| Untracked 
|  37|0x0000000082500000, 0x0000000082600000, 0x0000000082600000|100%| O|  |TAMS 0x0000000082600000, 0x0000000082500000| Untracked 
|  38|0x0000000082600000, 0x0000000082700000, 0x0000000082700000|100%| O|  |TAMS 0x0000000082700000, 0x0000000082600000| Untracked 
|  39|0x0000000082700000, 0x0000000082800000, 0x0000000082800000|100%| O|  |TAMS 0x0000000082800000, 0x0000000082700000| Untracked 
|  40|0x0000000082800000, 0x0000000082900000, 0x0000000082900000|100%| O|  |TAMS 0x0000000082900000, 0x0000000082800000| Untracked 
|  41|0x0000000082900000, 0x0000000082a00000, 0x0000000082a00000|100%| O|  |TAMS 0x0000000082a00000, 0x0000000082900000| Untracked 
|  42|0x0000000082a00000, 0x0000000082b00000, 0x0000000082b00000|100%| O|  |TAMS 0x0000000082b00000, 0x0000000082a00000| Untracked 
|  43|0x0000000082b00000, 0x0000000082c00000, 0x0000000082c00000|100%| O|  |TAMS 0x0000000082c00000, 0x0000000082b00000| Untracked 
|  44|0x0000000082c00000, 0x0000000082d00000, 0x0000000082d00000|100%| O|  |TAMS 0x0000000082c00000, 0x0000000082c00000| Untracked 
|  45|0x0000000082d00000, 0x0000000082e00000, 0x0000000082e00000|100%| O|  |TAMS 0x0000000082d00000, 0x0000000082d00000| Untracked 
|  46|0x0000000082e00000, 0x0000000082f00000, 0x0000000082f00000|100%| O|  |TAMS 0x0000000082f00000, 0x0000000082e00000| Untracked 
|  47|0x0000000082f00000, 0x0000000083000000, 0x0000000083000000|100%| O|  |TAMS 0x0000000083000000, 0x0000000082f00000| Untracked 
|  48|0x0000000083000000, 0x0000000083100000, 0x0000000083100000|100%| O|  |TAMS 0x0000000083000000, 0x0000000083000000| Untracked 
|  49|0x0000000083100000, 0x0000000083200000, 0x0000000083200000|100%| O|  |TAMS 0x0000000083100000, 0x0000000083100000| Untracked 
|  50|0x0000000083200000, 0x0000000083300000, 0x0000000083300000|100%| O|  |TAMS 0x0000000083200000, 0x0000000083200000| Untracked 
|  51|0x0000000083300000, 0x0000000083400000, 0x0000000083400000|100%| O|  |TAMS 0x0000000083400000, 0x0000000083300000| Untracked 
|  52|0x0000000083400000, 0x0000000083500000, 0x0000000083500000|100%| O|  |TAMS 0x0000000083500000, 0x0000000083400000| Untracked 
|  53|0x0000000083500000, 0x0000000083600000, 0x0000000083600000|100%|HS|  |TAMS 0x0000000083500000, 0x0000000083500000| Complete 
|  54|0x0000000083600000, 0x0000000083700000, 0x0000000083700000|100%|HC|  |TAMS 0x0000000083600000, 0x0000000083600000| Complete 
|  55|0x0000000083700000, 0x0000000083800000, 0x0000000083800000|100%| O|  |TAMS 0x0000000083800000, 0x0000000083700000| Untracked 
|  56|0x0000000083800000, 0x0000000083900000, 0x0000000083900000|100%| O|  |TAMS 0x0000000083900000, 0x0000000083800000| Untracked 
|  57|0x0000000083900000, 0x0000000083a00000, 0x0000000083a00000|100%| O|  |TAMS 0x0000000083a00000, 0x0000000083900000| Untracked 
|  58|0x0000000083a00000, 0x0000000083b00000, 0x0000000083b00000|100%| O|  |TAMS 0x0000000083b00000, 0x0000000083a00000| Untracked 
|  59|0x0000000083b00000, 0x0000000083c00000, 0x0000000083c00000|100%| O|  |TAMS 0x0000000083c00000, 0x0000000083b00000| Untracked 
|  60|0x0000000083c00000, 0x0000000083d00000, 0x0000000083d00000|100%| O|  |TAMS 0x0000000083d00000, 0x0000000083c00000| Untracked 
|  61|0x0000000083d00000, 0x0000000083e00000, 0x0000000083e00000|100%| O|  |TAMS 0x0000000083d00000, 0x0000000083d00000| Untracked 
|  62|0x0000000083e00000, 0x0000000083f00000, 0x0000000083f00000|100%| O|  |TAMS 0x0000000083f00000, 0x0000000083e00000| Untracked 
|  63|0x0000000083f00000, 0x0000000084000000, 0x0000000084000000|100%| O|  |TAMS 0x0000000083f00000, 0x0000000083f00000| Untracked 
|  64|0x0000000084000000, 0x0000000084100000, 0x0000000084100000|100%| O|  |TAMS 0x0000000084100000, 0x0000000084000000| Untracked 
|  65|0x0000000084100000, 0x0000000084200000, 0x0000000084200000|100%| O|  |TAMS 0x0000000084200000, 0x0000000084100000| Untracked 
|  66|0x0000000084200000, 0x0000000084300000, 0x0000000084300000|100%| O|  |TAMS 0x0000000084300000, 0x0000000084200000| Untracked 
|  67|0x0000000084300000, 0x0000000084400000, 0x0000000084400000|100%| O|  |TAMS 0x0000000084300000, 0x0000000084300000| Untracked 
|  68|0x0000000084400000, 0x0000000084500000, 0x0000000084500000|100%| O|  |TAMS 0x0000000084500000, 0x0000000084400000| Untracked 
|  69|0x0000000084500000, 0x0000000084600000, 0x0000000084600000|100%| O|  |TAMS 0x0000000084600000, 0x0000000084500000| Untracked 
|  70|0x0000000084600000, 0x0000000084700000, 0x0000000084700000|100%| O|  |TAMS 0x0000000084600000, 0x0000000084600000| Untracked 
|  71|0x0000000084700000, 0x0000000084800000, 0x0000000084800000|100%| O|  |TAMS 0x0000000084700000, 0x0000000084700000| Untracked 
|  72|0x0000000084800000, 0x000000008489a600, 0x0000000084900000| 60%| O|  |TAMS 0x0000000084800000, 0x0000000084800000| Untracked 
|  73|0x0000000084900000, 0x0000000084900000, 0x0000000084a00000|  0%| F|  |TAMS 0x0000000084900000, 0x0000000084900000| Untracked 
|  74|0x0000000084a00000, 0x0000000084a00000, 0x0000000084b00000|  0%| F|  |TAMS 0x0000000084a00000, 0x0000000084a00000| Untracked 
|  75|0x0000000084b00000, 0x0000000084b00000, 0x0000000084c00000|  0%| F|  |TAMS 0x0000000084b00000, 0x0000000084b00000| Untracked 
|  76|0x0000000084c00000, 0x0000000084c00000, 0x0000000084d00000|  0%| F|  |TAMS 0x0000000084c00000, 0x0000000084c00000| Untracked 
|  77|0x0000000084d00000, 0x0000000084d00000, 0x0000000084e00000|  0%| F|  |TAMS 0x0000000084d00000, 0x0000000084d00000| Untracked 
|  78|0x0000000084e00000, 0x0000000084e00000, 0x0000000084f00000|  0%| F|  |TAMS 0x0000000084e00000, 0x0000000084e00000| Untracked 
|  79|0x0000000084f00000, 0x0000000084f00000, 0x0000000085000000|  0%| F|  |TAMS 0x0000000084f00000, 0x0000000084f00000| Untracked 
|  80|0x0000000085000000, 0x0000000085000000, 0x0000000085100000|  0%| F|  |TAMS 0x0000000085000000, 0x0000000085000000| Untracked 
|  81|0x0000000085100000, 0x0000000085100000, 0x0000000085200000|  0%| F|  |TAMS 0x0000000085100000, 0x0000000085100000| Untracked 
|  82|0x0000000085200000, 0x0000000085200000, 0x0000000085300000|  0%| F|  |TAMS 0x0000000085200000, 0x0000000085200000| Untracked 
|  83|0x0000000085300000, 0x0000000085300000, 0x0000000085400000|  0%| F|  |TAMS 0x0000000085300000, 0x0000000085300000| Untracked 
|  84|0x0000000085400000, 0x0000000085400000, 0x0000000085500000|  0%| F|  |TAMS 0x0000000085400000, 0x0000000085400000| Untracked 
|  85|0x0000000085500000, 0x0000000085500000, 0x0000000085600000|  0%| F|  |TAMS 0x0000000085500000, 0x0000000085500000| Untracked 
|  86|0x0000000085600000, 0x0000000085600000, 0x0000000085700000|  0%| F|  |TAMS 0x0000000085600000, 0x0000000085600000| Untracked 
|  87|0x0000000085700000, 0x0000000085700000, 0x0000000085800000|  0%| F|  |TAMS 0x0000000085700000, 0x0000000085700000| Untracked 
|  88|0x0000000085800000, 0x0000000085800000, 0x0000000085900000|  0%| F|  |TAMS 0x0000000085800000, 0x0000000085800000| Untracked 
|  89|0x0000000085900000, 0x0000000085900000, 0x0000000085a00000|  0%| F|  |TAMS 0x0000000085900000, 0x0000000085900000| Untracked 
|  90|0x0000000085a00000, 0x0000000085a00000, 0x0000000085b00000|  0%| F|  |TAMS 0x0000000085a00000, 0x0000000085a00000| Untracked 
|  91|0x0000000085b00000, 0x0000000085b00000, 0x0000000085c00000|  0%| F|  |TAMS 0x0000000085b00000, 0x0000000085b00000| Untracked 
|  92|0x0000000085c00000, 0x0000000085c00000, 0x0000000085d00000|  0%| F|  |TAMS 0x0000000085c00000, 0x0000000085c00000| Untracked 
|  93|0x0000000085d00000, 0x0000000085d00000, 0x0000000085e00000|  0%| F|  |TAMS 0x0000000085d00000, 0x0000000085d00000| Untracked 
|  94|0x0000000085e00000, 0x0000000085e00000, 0x0000000085f00000|  0%| F|  |TAMS 0x0000000085e00000, 0x0000000085e00000| Untracked 
|  95|0x0000000085f00000, 0x0000000085f00000, 0x0000000086000000|  0%| F|  |TAMS 0x0000000085f00000, 0x0000000085f00000| Untracked 
|  96|0x0000000086000000, 0x0000000086000000, 0x0000000086100000|  0%| F|  |TAMS 0x0000000086000000, 0x0000000086000000| Untracked 
|  97|0x0000000086100000, 0x0000000086100000, 0x0000000086200000|  0%| F|  |TAMS 0x0000000086100000, 0x0000000086100000| Untracked 
|  98|0x0000000086200000, 0x0000000086200000, 0x0000000086300000|  0%| F|  |TAMS 0x0000000086200000, 0x0000000086200000| Untracked 
|  99|0x0000000086300000, 0x0000000086300000, 0x0000000086400000|  0%| F|  |TAMS 0x0000000086300000, 0x0000000086300000| Untracked 
| 100|0x0000000086400000, 0x0000000086400000, 0x0000000086500000|  0%| F|  |TAMS 0x0000000086400000, 0x0000000086400000| Untracked 
| 101|0x0000000086500000, 0x0000000086580000, 0x0000000086600000| 50%| S|CS|TAMS 0x0000000086500000, 0x0000000086500000| Complete 
| 102|0x0000000086600000, 0x0000000086700000, 0x0000000086700000|100%| S|CS|TAMS 0x0000000086600000, 0x0000000086600000| Complete 
| 103|0x0000000086700000, 0x0000000086800000, 0x0000000086800000|100%| S|CS|TAMS 0x0000000086700000, 0x0000000086700000| Complete 
| 104|0x0000000086800000, 0x0000000086900000, 0x0000000086900000|100%| S|CS|TAMS 0x0000000086800000, 0x0000000086800000| Complete 
| 105|0x0000000086900000, 0x0000000086a00000, 0x0000000086a00000|100%| S|CS|TAMS 0x0000000086900000, 0x0000000086900000| Complete 
| 106|0x0000000086a00000, 0x0000000086b00000, 0x0000000086b00000|100%| S|CS|TAMS 0x0000000086a00000, 0x0000000086a00000| Complete 
| 107|0x0000000086b00000, 0x0000000086c00000, 0x0000000086c00000|100%| S|CS|TAMS 0x0000000086b00000, 0x0000000086b00000| Complete 
| 108|0x0000000086c00000, 0x0000000086d00000, 0x0000000086d00000|100%| S|CS|TAMS 0x0000000086c00000, 0x0000000086c00000| Complete 
| 109|0x0000000086d00000, 0x0000000086e00000, 0x0000000086e00000|100%| S|CS|TAMS 0x0000000086d00000, 0x0000000086d00000| Complete 
| 110|0x0000000086e00000, 0x0000000086e00000, 0x0000000086f00000|  0%| F|  |TAMS 0x0000000086e00000, 0x0000000086e00000| Untracked 
| 111|0x0000000086f00000, 0x0000000086f00000, 0x0000000087000000|  0%| F|  |TAMS 0x0000000086f00000, 0x0000000086f00000| Untracked 
| 112|0x0000000087000000, 0x0000000087000000, 0x0000000087100000|  0%| F|  |TAMS 0x0000000087000000, 0x0000000087000000| Untracked 
| 113|0x0000000087100000, 0x0000000087100000, 0x0000000087200000|  0%| F|  |TAMS 0x0000000087100000, 0x0000000087100000| Untracked 
| 114|0x0000000087200000, 0x0000000087200000, 0x0000000087300000|  0%| F|  |TAMS 0x0000000087200000, 0x0000000087200000| Untracked 
| 115|0x0000000087300000, 0x0000000087300000, 0x0000000087400000|  0%| F|  |TAMS 0x0000000087300000, 0x0000000087300000| Untracked 
| 116|0x0000000087400000, 0x0000000087400000, 0x0000000087500000|  0%| F|  |TAMS 0x0000000087400000, 0x0000000087400000| Untracked 
| 117|0x0000000087500000, 0x0000000087500000, 0x0000000087600000|  0%| F|  |TAMS 0x0000000087500000, 0x0000000087500000| Untracked 
| 118|0x0000000087600000, 0x0000000087700000, 0x0000000087700000|100%| S|CS|TAMS 0x0000000087600000, 0x0000000087600000| Complete 
| 119|0x0000000087700000, 0x0000000087700000, 0x0000000087800000|  0%| F|  |TAMS 0x0000000087700000, 0x0000000087700000| Untracked 
| 120|0x0000000087800000, 0x0000000087800000, 0x0000000087900000|  0%| F|  |TAMS 0x0000000087800000, 0x0000000087800000| Untracked 
| 121|0x0000000087900000, 0x0000000087900000, 0x0000000087a00000|  0%| F|  |TAMS 0x0000000087900000, 0x0000000087900000| Untracked 
| 122|0x0000000087a00000, 0x0000000087b00000, 0x0000000087b00000|100%| S|CS|TAMS 0x0000000087a00000, 0x0000000087a00000| Complete 
| 123|0x0000000087b00000, 0x0000000087c00000, 0x0000000087c00000|100%| S|CS|TAMS 0x0000000087b00000, 0x0000000087b00000| Complete 
| 124|0x0000000087c00000, 0x0000000087d00000, 0x0000000087d00000|100%| S|CS|TAMS 0x0000000087c00000, 0x0000000087c00000| Complete 
| 125|0x0000000087d00000, 0x0000000087d00000, 0x0000000087e00000|  0%| F|  |TAMS 0x0000000087d00000, 0x0000000087d00000| Untracked 
| 126|0x0000000087e00000, 0x0000000087e00000, 0x0000000087f00000|  0%| F|  |TAMS 0x0000000087e00000, 0x0000000087e00000| Untracked 
| 127|0x0000000087f00000, 0x0000000087f00000, 0x0000000088000000|  0%| F|  |TAMS 0x0000000087f00000, 0x0000000087f00000| Untracked 
| 128|0x0000000088000000, 0x0000000088000000, 0x0000000088100000|  0%| F|  |TAMS 0x0000000088000000, 0x0000000088000000| Untracked 
| 129|0x0000000088100000, 0x0000000088100000, 0x0000000088200000|  0%| F|  |TAMS 0x0000000088100000, 0x0000000088100000| Untracked 
| 130|0x0000000088200000, 0x0000000088200000, 0x0000000088300000|  0%| F|  |TAMS 0x0000000088200000, 0x0000000088200000| Untracked 
| 131|0x0000000088300000, 0x0000000088300000, 0x0000000088400000|  0%| F|  |TAMS 0x0000000088300000, 0x0000000088300000| Untracked 
| 132|0x0000000088400000, 0x0000000088400000, 0x0000000088500000|  0%| F|  |TAMS 0x0000000088400000, 0x0000000088400000| Untracked 
| 133|0x0000000088500000, 0x0000000088500000, 0x0000000088600000|  0%| F|  |TAMS 0x0000000088500000, 0x0000000088500000| Untracked 
| 134|0x0000000088600000, 0x0000000088600000, 0x0000000088700000|  0%| F|  |TAMS 0x0000000088600000, 0x0000000088600000| Untracked 
| 135|0x0000000088700000, 0x0000000088700000, 0x0000000088800000|  0%| F|  |TAMS 0x0000000088700000, 0x0000000088700000| Untracked 
| 136|0x0000000088800000, 0x0000000088800000, 0x0000000088900000|  0%| F|  |TAMS 0x0000000088800000, 0x0000000088800000| Untracked 
| 137|0x0000000088900000, 0x0000000088900000, 0x0000000088a00000|  0%| F|  |TAMS 0x0000000088900000, 0x0000000088900000| Untracked 
| 138|0x0000000088a00000, 0x0000000088a00000, 0x0000000088b00000|  0%| F|  |TAMS 0x0000000088a00000, 0x0000000088a00000| Untracked 
| 139|0x0000000088b00000, 0x0000000088b00000, 0x0000000088c00000|  0%| F|  |TAMS 0x0000000088b00000, 0x0000000088b00000| Untracked 
| 140|0x0000000088c00000, 0x0000000088c00000, 0x0000000088d00000|  0%| F|  |TAMS 0x0000000088c00000, 0x0000000088c00000| Untracked 
| 141|0x0000000088d00000, 0x0000000088d00000, 0x0000000088e00000|  0%| F|  |TAMS 0x0000000088d00000, 0x0000000088d00000| Untracked 
| 142|0x0000000088e00000, 0x0000000088e00000, 0x0000000088f00000|  0%| F|  |TAMS 0x0000000088e00000, 0x0000000088e00000| Untracked 
| 143|0x0000000088f00000, 0x0000000088f00000, 0x0000000089000000|  0%| F|  |TAMS 0x0000000088f00000, 0x0000000088f00000| Untracked 
| 144|0x0000000089000000, 0x0000000089000000, 0x0000000089100000|  0%| F|  |TAMS 0x0000000089000000, 0x0000000089000000| Untracked 
| 145|0x0000000089100000, 0x0000000089100000, 0x0000000089200000|  0%| F|  |TAMS 0x0000000089100000, 0x0000000089100000| Untracked 
| 146|0x0000000089200000, 0x0000000089200000, 0x0000000089300000|  0%| F|  |TAMS 0x0000000089200000, 0x0000000089200000| Untracked 
| 147|0x0000000089300000, 0x0000000089300000, 0x0000000089400000|  0%| F|  |TAMS 0x0000000089300000, 0x0000000089300000| Untracked 
| 148|0x0000000089400000, 0x0000000089480800, 0x0000000089500000| 50%| E|  |TAMS 0x0000000089400000, 0x0000000089400000| Complete 
| 149|0x0000000089500000, 0x0000000089600000, 0x0000000089600000|100%| E|CS|TAMS 0x0000000089500000, 0x0000000089500000| Complete 
| 150|0x0000000089600000, 0x0000000089700000, 0x0000000089700000|100%| E|CS|TAMS 0x0000000089600000, 0x0000000089600000| Complete 
| 151|0x0000000089700000, 0x0000000089800000, 0x0000000089800000|100%| E|CS|TAMS 0x0000000089700000, 0x0000000089700000| Complete 
| 152|0x0000000089800000, 0x0000000089900000, 0x0000000089900000|100%| E|CS|TAMS 0x0000000089800000, 0x0000000089800000| Complete 
| 153|0x0000000089900000, 0x0000000089a00000, 0x0000000089a00000|100%| E|CS|TAMS 0x0000000089900000, 0x0000000089900000| Complete 
| 154|0x0000000089a00000, 0x0000000089b00000, 0x0000000089b00000|100%| E|CS|TAMS 0x0000000089a00000, 0x0000000089a00000| Complete 
| 155|0x0000000089b00000, 0x0000000089c00000, 0x0000000089c00000|100%| E|CS|TAMS 0x0000000089b00000, 0x0000000089b00000| Complete 
| 156|0x0000000089c00000, 0x0000000089d00000, 0x0000000089d00000|100%| E|CS|TAMS 0x0000000089c00000, 0x0000000089c00000| Complete 
| 157|0x0000000089d00000, 0x0000000089e00000, 0x0000000089e00000|100%| E|CS|TAMS 0x0000000089d00000, 0x0000000089d00000| Complete 
| 158|0x0000000089e00000, 0x0000000089f00000, 0x0000000089f00000|100%| E|CS|TAMS 0x0000000089e00000, 0x0000000089e00000| Complete 
| 159|0x0000000089f00000, 0x000000008a000000, 0x000000008a000000|100%| E|CS|TAMS 0x0000000089f00000, 0x0000000089f00000| Complete 
| 160|0x000000008a000000, 0x000000008a100000, 0x000000008a100000|100%| E|CS|TAMS 0x000000008a000000, 0x000000008a000000| Complete 
| 161|0x000000008a100000, 0x000000008a200000, 0x000000008a200000|100%| E|CS|TAMS 0x000000008a100000, 0x000000008a100000| Complete 
| 162|0x000000008a200000, 0x000000008a300000, 0x000000008a300000|100%| E|CS|TAMS 0x000000008a200000, 0x000000008a200000| Complete 
| 163|0x000000008a300000, 0x000000008a400000, 0x000000008a400000|100%| E|CS|TAMS 0x000000008a300000, 0x000000008a300000| Complete 
| 164|0x000000008a400000, 0x000000008a500000, 0x000000008a500000|100%| E|CS|TAMS 0x000000008a400000, 0x000000008a400000| Complete 
| 165|0x000000008a500000, 0x000000008a600000, 0x000000008a600000|100%| E|CS|TAMS 0x000000008a500000, 0x000000008a500000| Complete 
| 166|0x000000008a600000, 0x000000008a700000, 0x000000008a700000|100%| E|CS|TAMS 0x000000008a600000, 0x000000008a600000| Complete 
| 167|0x000000008a700000, 0x000000008a800000, 0x000000008a800000|100%| E|CS|TAMS 0x000000008a700000, 0x000000008a700000| Complete 
| 168|0x000000008a800000, 0x000000008a900000, 0x000000008a900000|100%| E|CS|TAMS 0x000000008a800000, 0x000000008a800000| Complete 
| 169|0x000000008a900000, 0x000000008aa00000, 0x000000008aa00000|100%| E|CS|TAMS 0x000000008a900000, 0x000000008a900000| Complete 
| 170|0x000000008aa00000, 0x000000008ab00000, 0x000000008ab00000|100%| E|CS|TAMS 0x000000008aa00000, 0x000000008aa00000| Complete 
| 171|0x000000008ab00000, 0x000000008ac00000, 0x000000008ac00000|100%| E|CS|TAMS 0x000000008ab00000, 0x000000008ab00000| Complete 
| 172|0x000000008ac00000, 0x000000008ad00000, 0x000000008ad00000|100%| E|CS|TAMS 0x000000008ac00000, 0x000000008ac00000| Complete 
| 173|0x000000008ad00000, 0x000000008ae00000, 0x000000008ae00000|100%| E|CS|TAMS 0x000000008ad00000, 0x000000008ad00000| Complete 
| 174|0x000000008ae00000, 0x000000008af00000, 0x000000008af00000|100%| E|CS|TAMS 0x000000008ae00000, 0x000000008ae00000| Complete 
| 175|0x000000008af00000, 0x000000008b000000, 0x000000008b000000|100%| E|CS|TAMS 0x000000008af00000, 0x000000008af00000| Complete 
| 176|0x000000008b000000, 0x000000008b100000, 0x000000008b100000|100%| E|CS|TAMS 0x000000008b000000, 0x000000008b000000| Complete 
| 177|0x000000008b100000, 0x000000008b200000, 0x000000008b200000|100%| E|CS|TAMS 0x000000008b100000, 0x000000008b100000| Complete 
| 178|0x000000008b200000, 0x000000008b300000, 0x000000008b300000|100%| E|CS|TAMS 0x000000008b200000, 0x000000008b200000| Complete 
| 179|0x000000008b300000, 0x000000008b400000, 0x000000008b400000|100%| E|CS|TAMS 0x000000008b300000, 0x000000008b300000| Complete 
| 180|0x000000008b400000, 0x000000008b500000, 0x000000008b500000|100%| E|CS|TAMS 0x000000008b400000, 0x000000008b400000| Complete 
| 181|0x000000008b500000, 0x000000008b600000, 0x000000008b600000|100%| E|CS|TAMS 0x000000008b500000, 0x000000008b500000| Complete 
| 182|0x000000008b600000, 0x000000008b700000, 0x000000008b700000|100%| E|CS|TAMS 0x000000008b600000, 0x000000008b600000| Complete 
| 183|0x000000008b700000, 0x000000008b800000, 0x000000008b800000|100%| E|CS|TAMS 0x000000008b700000, 0x000000008b700000| Complete 
| 184|0x000000008b800000, 0x000000008b900000, 0x000000008b900000|100%| E|CS|TAMS 0x000000008b800000, 0x000000008b800000| Complete 
| 185|0x000000008b900000, 0x000000008ba00000, 0x000000008ba00000|100%| E|CS|TAMS 0x000000008b900000, 0x000000008b900000| Complete 
| 186|0x000000008ba00000, 0x000000008bb00000, 0x000000008bb00000|100%| E|CS|TAMS 0x000000008ba00000, 0x000000008ba00000| Complete 
| 187|0x000000008bb00000, 0x000000008bc00000, 0x000000008bc00000|100%| E|CS|TAMS 0x000000008bb00000, 0x000000008bb00000| Complete 
| 188|0x000000008bc00000, 0x000000008bd00000, 0x000000008bd00000|100%| E|CS|TAMS 0x000000008bc00000, 0x000000008bc00000| Complete 
| 189|0x000000008bd00000, 0x000000008be00000, 0x000000008be00000|100%| E|CS|TAMS 0x000000008bd00000, 0x000000008bd00000| Complete 
| 190|0x000000008be00000, 0x000000008bf00000, 0x000000008bf00000|100%| E|CS|TAMS 0x000000008be00000, 0x000000008be00000| Complete 
| 191|0x000000008bf00000, 0x000000008c000000, 0x000000008c000000|100%| E|CS|TAMS 0x000000008bf00000, 0x000000008bf00000| Complete 
| 192|0x000000008c000000, 0x000000008c100000, 0x000000008c100000|100%| E|CS|TAMS 0x000000008c000000, 0x000000008c000000| Complete 
| 193|0x000000008c100000, 0x000000008c200000, 0x000000008c200000|100%| E|CS|TAMS 0x000000008c100000, 0x000000008c100000| Complete 
| 194|0x000000008c200000, 0x000000008c300000, 0x000000008c300000|100%| E|CS|TAMS 0x000000008c200000, 0x000000008c200000| Complete 
| 195|0x000000008c300000, 0x000000008c400000, 0x000000008c400000|100%| E|CS|TAMS 0x000000008c300000, 0x000000008c300000| Complete 
| 196|0x000000008c400000, 0x000000008c500000, 0x000000008c500000|100%| E|CS|TAMS 0x000000008c400000, 0x000000008c400000| Complete 
| 197|0x000000008c500000, 0x000000008c600000, 0x000000008c600000|100%| E|CS|TAMS 0x000000008c500000, 0x000000008c500000| Complete 
| 198|0x000000008c600000, 0x000000008c700000, 0x000000008c700000|100%| E|CS|TAMS 0x000000008c600000, 0x000000008c600000| Complete 
| 199|0x000000008c700000, 0x000000008c800000, 0x000000008c800000|100%| E|CS|TAMS 0x000000008c700000, 0x000000008c700000| Complete 
| 200|0x000000008c800000, 0x000000008c900000, 0x000000008c900000|100%| E|CS|TAMS 0x000000008c800000, 0x000000008c800000| Complete 
| 201|0x000000008c900000, 0x000000008ca00000, 0x000000008ca00000|100%| E|CS|TAMS 0x000000008c900000, 0x000000008c900000| Complete 
| 202|0x000000008ca00000, 0x000000008cb00000, 0x000000008cb00000|100%| E|CS|TAMS 0x000000008ca00000, 0x000000008ca00000| Complete 
| 203|0x000000008cb00000, 0x000000008cc00000, 0x000000008cc00000|100%| E|CS|TAMS 0x000000008cb00000, 0x000000008cb00000| Complete 
| 204|0x000000008cc00000, 0x000000008cd00000, 0x000000008cd00000|100%| E|CS|TAMS 0x000000008cc00000, 0x000000008cc00000| Complete 
| 205|0x000000008cd00000, 0x000000008ce00000, 0x000000008ce00000|100%| E|CS|TAMS 0x000000008cd00000, 0x000000008cd00000| Complete 
| 206|0x000000008ce00000, 0x000000008cf00000, 0x000000008cf00000|100%| E|CS|TAMS 0x000000008ce00000, 0x000000008ce00000| Complete 
| 207|0x000000008cf00000, 0x000000008d000000, 0x000000008d000000|100%| E|CS|TAMS 0x000000008cf00000, 0x000000008cf00000| Complete 
| 208|0x000000008d000000, 0x000000008d100000, 0x000000008d100000|100%| E|CS|TAMS 0x000000008d000000, 0x000000008d000000| Complete 
| 209|0x000000008d100000, 0x000000008d200000, 0x000000008d200000|100%| E|CS|TAMS 0x000000008d100000, 0x000000008d100000| Complete 
| 210|0x000000008d200000, 0x000000008d300000, 0x000000008d300000|100%| E|CS|TAMS 0x000000008d200000, 0x000000008d200000| Complete 
| 211|0x000000008d300000, 0x000000008d400000, 0x000000008d400000|100%| E|CS|TAMS 0x000000008d300000, 0x000000008d300000| Complete 
| 212|0x000000008d400000, 0x000000008d500000, 0x000000008d500000|100%| E|CS|TAMS 0x000000008d400000, 0x000000008d400000| Complete 
| 213|0x000000008d500000, 0x000000008d600000, 0x000000008d600000|100%| E|CS|TAMS 0x000000008d500000, 0x000000008d500000| Complete 
| 214|0x000000008d600000, 0x000000008d700000, 0x000000008d700000|100%| E|CS|TAMS 0x000000008d600000, 0x000000008d600000| Complete 
| 215|0x000000008d700000, 0x000000008d800000, 0x000000008d800000|100%| E|CS|TAMS 0x000000008d700000, 0x000000008d700000| Complete 
| 216|0x000000008d800000, 0x000000008d900000, 0x000000008d900000|100%| E|CS|TAMS 0x000000008d800000, 0x000000008d800000| Complete 
| 217|0x000000008d900000, 0x000000008da00000, 0x000000008da00000|100%| E|CS|TAMS 0x000000008d900000, 0x000000008d900000| Complete 
| 218|0x000000008da00000, 0x000000008db00000, 0x000000008db00000|100%| E|CS|TAMS 0x000000008da00000, 0x000000008da00000| Complete 
| 219|0x000000008db00000, 0x000000008dc00000, 0x000000008dc00000|100%| E|CS|TAMS 0x000000008db00000, 0x000000008db00000| Complete 
| 220|0x000000008dc00000, 0x000000008dd00000, 0x000000008dd00000|100%| E|CS|TAMS 0x000000008dc00000, 0x000000008dc00000| Complete 
| 221|0x000000008dd00000, 0x000000008de00000, 0x000000008de00000|100%| E|CS|TAMS 0x000000008dd00000, 0x000000008dd00000| Complete 
| 222|0x000000008de00000, 0x000000008df00000, 0x000000008df00000|100%| E|CS|TAMS 0x000000008de00000, 0x000000008de00000| Complete 
| 223|0x000000008df00000, 0x000000008e000000, 0x000000008e000000|100%| E|CS|TAMS 0x000000008df00000, 0x000000008df00000| Complete 
| 224|0x000000008e000000, 0x000000008e100000, 0x000000008e100000|100%| E|CS|TAMS 0x000000008e000000, 0x000000008e000000| Complete 
| 225|0x000000008e100000, 0x000000008e200000, 0x000000008e200000|100%| E|CS|TAMS 0x000000008e100000, 0x000000008e100000| Complete 
| 226|0x000000008e200000, 0x000000008e300000, 0x000000008e300000|100%| E|CS|TAMS 0x000000008e200000, 0x000000008e200000| Complete 
| 227|0x000000008e300000, 0x000000008e400000, 0x000000008e400000|100%| E|CS|TAMS 0x000000008e300000, 0x000000008e300000| Complete 
| 228|0x000000008e400000, 0x000000008e500000, 0x000000008e500000|100%| E|CS|TAMS 0x000000008e400000, 0x000000008e400000| Complete 
| 229|0x000000008e500000, 0x000000008e600000, 0x000000008e600000|100%| E|CS|TAMS 0x000000008e500000, 0x000000008e500000| Complete 
| 230|0x000000008e600000, 0x000000008e700000, 0x000000008e700000|100%| E|CS|TAMS 0x000000008e600000, 0x000000008e600000| Complete 
| 231|0x000000008e700000, 0x000000008e800000, 0x000000008e800000|100%| E|CS|TAMS 0x000000008e700000, 0x000000008e700000| Complete 
| 232|0x000000008e800000, 0x000000008e900000, 0x000000008e900000|100%| E|CS|TAMS 0x000000008e800000, 0x000000008e800000| Complete 
| 233|0x000000008e900000, 0x000000008ea00000, 0x000000008ea00000|100%| E|CS|TAMS 0x000000008e900000, 0x000000008e900000| Complete 
| 234|0x000000008ea00000, 0x000000008eb00000, 0x000000008eb00000|100%| E|CS|TAMS 0x000000008ea00000, 0x000000008ea00000| Complete 
| 235|0x000000008eb00000, 0x000000008ec00000, 0x000000008ec00000|100%| E|CS|TAMS 0x000000008eb00000, 0x000000008eb00000| Complete 
| 236|0x000000008ec00000, 0x000000008ed00000, 0x000000008ed00000|100%| E|CS|TAMS 0x000000008ec00000, 0x000000008ec00000| Complete 
| 237|0x000000008ed00000, 0x000000008ee00000, 0x000000008ee00000|100%| E|CS|TAMS 0x000000008ed00000, 0x000000008ed00000| Complete 
| 238|0x000000008ee00000, 0x000000008ef00000, 0x000000008ef00000|100%| E|CS|TAMS 0x000000008ee00000, 0x000000008ee00000| Complete 
| 239|0x000000008ef00000, 0x000000008f000000, 0x000000008f000000|100%| E|CS|TAMS 0x000000008ef00000, 0x000000008ef00000| Complete 
| 240|0x000000008f000000, 0x000000008f100000, 0x000000008f100000|100%| E|CS|TAMS 0x000000008f000000, 0x000000008f000000| Complete 
| 241|0x000000008f100000, 0x000000008f200000, 0x000000008f200000|100%| E|CS|TAMS 0x000000008f100000, 0x000000008f100000| Complete 
| 242|0x000000008f200000, 0x000000008f300000, 0x000000008f300000|100%| E|CS|TAMS 0x000000008f200000, 0x000000008f200000| Complete 
| 243|0x000000008f300000, 0x000000008f400000, 0x000000008f400000|100%| E|CS|TAMS 0x000000008f300000, 0x000000008f300000| Complete 
| 244|0x000000008f400000, 0x000000008f500000, 0x000000008f500000|100%| E|CS|TAMS 0x000000008f400000, 0x000000008f400000| Complete 
| 245|0x000000008f500000, 0x000000008f600000, 0x000000008f600000|100%| E|CS|TAMS 0x000000008f500000, 0x000000008f500000| Complete 
| 246|0x000000008f600000, 0x000000008f700000, 0x000000008f700000|100%| E|CS|TAMS 0x000000008f600000, 0x000000008f600000| Complete 
| 247|0x000000008f700000, 0x000000008f800000, 0x000000008f800000|100%| E|CS|TAMS 0x000000008f700000, 0x000000008f700000| Complete 
| 248|0x000000008f800000, 0x000000008f900000, 0x000000008f900000|100%| E|CS|TAMS 0x000000008f800000, 0x000000008f800000| Complete 
| 249|0x000000008f900000, 0x000000008fa00000, 0x000000008fa00000|100%| E|CS|TAMS 0x000000008f900000, 0x000000008f900000| Complete 
| 250|0x000000008fa00000, 0x000000008fb00000, 0x000000008fb00000|100%| E|CS|TAMS 0x000000008fa00000, 0x000000008fa00000| Complete 
| 251|0x000000008fb00000, 0x000000008fc00000, 0x000000008fc00000|100%| E|CS|TAMS 0x000000008fb00000, 0x000000008fb00000| Complete 
| 252|0x000000008fc00000, 0x000000008fd00000, 0x000000008fd00000|100%| E|CS|TAMS 0x000000008fc00000, 0x000000008fc00000| Complete 
| 253|0x000000008fd00000, 0x000000008fe00000, 0x000000008fe00000|100%| E|CS|TAMS 0x000000008fd00000, 0x000000008fd00000| Complete 
| 254|0x000000008fe00000, 0x000000008ff00000, 0x000000008ff00000|100%| E|CS|TAMS 0x000000008fe00000, 0x000000008fe00000| Complete 
| 255|0x000000008ff00000, 0x0000000090000000, 0x0000000090000000|100%| E|CS|TAMS 0x000000008ff00000, 0x000000008ff00000| Complete 
| 256|0x0000000090000000, 0x0000000090100000, 0x0000000090100000|100%| E|CS|TAMS 0x0000000090000000, 0x0000000090000000| Complete 
| 257|0x0000000090100000, 0x0000000090200000, 0x0000000090200000|100%| E|CS|TAMS 0x0000000090100000, 0x0000000090100000| Complete 
| 258|0x0000000090200000, 0x0000000090300000, 0x0000000090300000|100%| E|CS|TAMS 0x0000000090200000, 0x0000000090200000| Complete 
| 259|0x0000000090300000, 0x0000000090400000, 0x0000000090400000|100%| E|CS|TAMS 0x0000000090300000, 0x0000000090300000| Complete 
| 260|0x0000000090400000, 0x0000000090500000, 0x0000000090500000|100%| E|CS|TAMS 0x0000000090400000, 0x0000000090400000| Complete 
| 261|0x0000000090500000, 0x0000000090600000, 0x0000000090600000|100%| E|CS|TAMS 0x0000000090500000, 0x0000000090500000| Complete 
| 262|0x0000000090600000, 0x0000000090700000, 0x0000000090700000|100%| E|CS|TAMS 0x0000000090600000, 0x0000000090600000| Complete 
| 263|0x0000000090700000, 0x0000000090800000, 0x0000000090800000|100%| E|CS|TAMS 0x0000000090700000, 0x0000000090700000| Complete 
| 264|0x0000000090800000, 0x0000000090900000, 0x0000000090900000|100%| E|CS|TAMS 0x0000000090800000, 0x0000000090800000| Complete 
| 265|0x0000000090900000, 0x0000000090a00000, 0x0000000090a00000|100%| E|CS|TAMS 0x0000000090900000, 0x0000000090900000| Complete 
| 266|0x0000000090a00000, 0x0000000090b00000, 0x0000000090b00000|100%| E|CS|TAMS 0x0000000090a00000, 0x0000000090a00000| Complete 
| 267|0x0000000090b00000, 0x0000000090c00000, 0x0000000090c00000|100%| E|CS|TAMS 0x0000000090b00000, 0x0000000090b00000| Complete 
| 268|0x0000000090c00000, 0x0000000090d00000, 0x0000000090d00000|100%| E|CS|TAMS 0x0000000090c00000, 0x0000000090c00000| Complete 
| 269|0x0000000090d00000, 0x0000000090e00000, 0x0000000090e00000|100%| E|CS|TAMS 0x0000000090d00000, 0x0000000090d00000| Complete 
| 270|0x0000000090e00000, 0x0000000090f00000, 0x0000000090f00000|100%| E|CS|TAMS 0x0000000090e00000, 0x0000000090e00000| Complete 
| 271|0x0000000090f00000, 0x0000000091000000, 0x0000000091000000|100%| E|CS|TAMS 0x0000000090f00000, 0x0000000090f00000| Complete 
| 272|0x0000000091000000, 0x0000000091100000, 0x0000000091100000|100%| E|CS|TAMS 0x0000000091000000, 0x0000000091000000| Complete 
| 273|0x0000000091100000, 0x0000000091200000, 0x0000000091200000|100%| E|CS|TAMS 0x0000000091100000, 0x0000000091100000| Complete 
| 274|0x0000000091200000, 0x0000000091300000, 0x0000000091300000|100%| E|CS|TAMS 0x0000000091200000, 0x0000000091200000| Complete 
| 275|0x0000000091300000, 0x0000000091400000, 0x0000000091400000|100%| E|CS|TAMS 0x0000000091300000, 0x0000000091300000| Complete 
| 276|0x0000000091400000, 0x0000000091500000, 0x0000000091500000|100%| E|CS|TAMS 0x0000000091400000, 0x0000000091400000| Complete 

Card table byte_map: [0x000001753b270000,0x000001753b670000] _byte_map_base: 0x000001753ae70000

Marking Bits (Prev, Next): (CMBitMap*) 0x00000175289f6e30, (CMBitMap*) 0x00000175289f6df0
 Prev Bits: [0x000001753da70000, 0x000001753fa70000)
 Next Bits: [0x000001753ba70000, 0x000001753da70000)

Polling page: 0x00000175268d0000

Metaspace:

Usage:
  Non-class:     53.42 MB used.
      Class:      8.15 MB used.
       Both:     61.57 MB used.

Virtual space:
  Non-class space:       64.00 MB reserved,      53.75 MB ( 84%) committed,  1 nodes.
      Class space:        1.00 GB reserved,       8.38 MB ( <1%) committed,  1 nodes.
             Both:        1.06 GB reserved,      62.12 MB (  6%) committed. 

Chunk freelists:
   Non-Class:  10.16 MB
       Class:  7.66 MB
        Both:  17.81 MB

MaxMetaspaceSize: unlimited
CompressedClassSpaceSize: 1.00 GB
Initial GC threshold: 21.00 MB
Current GC threshold: 97.94 MB
CDS: off
MetaspaceReclaimPolicy: balanced
 - commit_granule_bytes: 65536.
 - commit_granule_words: 8192.
 - virtual_space_node_default_size: 8388608.
 - enlarge_chunks_in_place: 1.
 - new_chunks_are_fully_committed: 0.
 - uncommit_free_chunks: 1.
 - use_allocation_guard: 0.
 - handle_deallocations: 1.


Internal statistics:

num_allocs_failed_limit: 6.
num_arena_births: 682.
num_arena_deaths: 4.
num_vsnodes_births: 2.
num_vsnodes_deaths: 0.
num_space_committed: 994.
num_space_uncommitted: 0.
num_chunks_returned_to_freelist: 14.
num_chunks_taken_from_freelist: 2846.
num_chunk_merges: 6.
num_chunk_splits: 1882.
num_chunks_enlarged: 1327.
num_inconsistent_stats: 0.

CodeHeap 'non-profiled nmethods': size=120000Kb used=5219Kb max_used=6010Kb free=114780Kb
 bounds [0x0000017533940000, 0x0000017533f20000, 0x000001753ae70000]
CodeHeap 'profiled nmethods': size=120000Kb used=12664Kb max_used=14637Kb free=107335Kb
 bounds [0x000001752be70000, 0x000001752ccc0000, 0x00000175333a0000]
CodeHeap 'non-nmethods': size=5760Kb used=2334Kb max_used=2434Kb free=3425Kb
 bounds [0x00000175333a0000, 0x0000017533620000, 0x0000017533940000]
 total_blobs=7909 nmethods=7051 adapters=770
 compilation: enabled
              stopped_count=0, restarted_count=0
 full_count=0

Compilation events (20 events):
Event: 116.033 Thread 0x0000017541f89890 nmethod 9031 0x0000017533d23c90 code [0x0000017533d23f20, 0x0000017533d25970]
Event: 116.033 Thread 0x0000017541f89890 9034       4       org.apache.commons.compress.archivers.zip.ZipArchiveOutputStream::getGeneralPurposeBits (39 bytes)
Event: 116.034 Thread 0x0000017541f89890 nmethod 9034 0x0000017533a01290 code [0x0000017533a01420, 0x0000017533a01538]
Event: 116.034 Thread 0x0000017541f89890 9035       4       org.apache.commons.compress.archivers.zip.GeneralPurposeBit::encode (61 bytes)
Event: 116.037 Thread 0x0000017541f89890 nmethod 9035 0x0000017533a00e10 code [0x0000017533a00fa0, 0x0000017533a010f8]
Event: 116.040 Thread 0x0000017541f89890 9036       4       org.apache.commons.compress.archivers.zip.ZipArchiveEntry::hashCode (8 bytes)
Event: 116.053 Thread 0x0000017541f89890 nmethod 9036 0x0000017533c1bc10 code [0x0000017533c1bda0, 0x0000017533c1c198]
Event: 116.053 Thread 0x0000017541f89890 9037       4       org.objectweb.asm.ByteVector::enlarge (73 bytes)
Event: 116.057 Thread 0x0000017541f89890 nmethod 9037 0x0000017533d21b10 code [0x0000017533d21ca0, 0x0000017533d220d8]
Event: 116.071 Thread 0x0000017541f89890 9038       4       org.objectweb.asm.ClassWriter::visitSource (39 bytes)
Event: 116.076 Thread 0x0000017541f89890 nmethod 9038 0x0000017533d23590 code [0x0000017533d23740, 0x0000017533d23ad8]
Event: 116.100 Thread 0x0000017541f89890 9039       4       org.gradle.api.internal.runtimeshaded.RuntimeShadedJarCreator$$Lambda$1187/0x00000001007efbf8::visit (21 bytes)
Event: 116.216 Thread 0x0000017541f89890 nmethod 9039 0x0000017533d4c090 code [0x0000017533d4c3c0, 0x0000017533d4e238]
Event: 116.216 Thread 0x0000017541f89890 9044       4       java.util.zip.ZipEntry::setExtra0 (493 bytes)
Event: 116.224 Thread 0x0000017541f89890 nmethod 9044 0x0000017533d33290 code [0x0000017533d33440, 0x0000017533d33ab8]
Event: 116.224 Thread 0x0000017541f89890 9041       4       org.gradle.api.internal.runtimeshaded.RuntimeShadedJarCreator::processEntry (108 bytes)
Event: 116.319 Thread 0x0000017541f89890 nmethod 9041 0x0000017533cfaf10 code [0x0000017533cfb240, 0x0000017533cfd178]
Event: 116.319 Thread 0x0000017541f89890 9045       4       org.gradle.internal.classpath.InPlaceClasspathBuilder$ZipEntryBuilder::maybeAddParent (50 bytes)
Event: 116.530 Thread 0x0000017541fa9a10 9048       3       org.objectweb.asm.MethodWriter::visitIincInsn (135 bytes)
Event: 116.531 Thread 0x0000017541fa9a10 nmethod 9048 0x000001752c0a3510 code [0x000001752c0a3720, 0x000001752c0a3c98]

GC Heap History (20 events):
Event: 106.693 GC heap before
{Heap before GC invocations=62 (full 0):
 garbage-first heap   total 283648K, used 240445K [0x0000000080000000, 0x0000000100000000)
  region size 1024K, 166 young (169984K), 7 survivors (7168K)
 Metaspace       used 63041K, committed 63616K, reserved 1114112K
  class space    used 8347K, committed 8576K, reserved 1048576K
}
Event: 106.703 GC heap after
{Heap after GC invocations=63 (full 0):
 garbage-first heap   total 283648K, used 78487K [0x0000000080000000, 0x0000000100000000)
  region size 1024K, 8 young (8192K), 8 survivors (8192K)
 Metaspace       used 63041K, committed 63616K, reserved 1114112K
  class space    used 8347K, committed 8576K, reserved 1048576K
}
Event: 107.402 GC heap before
{Heap before GC invocations=63 (full 0):
 garbage-first heap   total 283648K, used 240279K [0x0000000080000000, 0x0000000100000000)
  region size 1024K, 166 young (169984K), 8 survivors (8192K)
 Metaspace       used 63041K, committed 63616K, reserved 1114112K
  class space    used 8347K, committed 8576K, reserved 1048576K
}
Event: 107.409 GC heap after
{Heap after GC invocations=64 (full 0):
 garbage-first heap   total 283648K, used 79210K [0x0000000080000000, 0x0000000100000000)
  region size 1024K, 9 young (9216K), 9 survivors (9216K)
 Metaspace       used 63041K, committed 63616K, reserved 1114112K
  class space    used 8347K, committed 8576K, reserved 1048576K
}
Event: 108.367 GC heap before
{Heap before GC invocations=64 (full 0):
 garbage-first heap   total 283648K, used 239978K [0x0000000080000000, 0x0000000100000000)
  region size 1024K, 166 young (169984K), 9 survivors (9216K)
 Metaspace       used 63041K, committed 63616K, reserved 1114112K
  class space    used 8347K, committed 8576K, reserved 1048576K
}
Event: 108.374 GC heap after
{Heap after GC invocations=65 (full 0):
 garbage-first heap   total 283648K, used 79715K [0x0000000080000000, 0x0000000100000000)
  region size 1024K, 9 young (9216K), 9 survivors (9216K)
 Metaspace       used 63041K, committed 63616K, reserved 1114112K
  class space    used 8347K, committed 8576K, reserved 1048576K
}
Event: 109.104 GC heap before
{Heap before GC invocations=65 (full 0):
 garbage-first heap   total 283648K, used 240483K [0x0000000080000000, 0x0000000100000000)
  region size 1024K, 166 young (169984K), 9 survivors (9216K)
 Metaspace       used 63041K, committed 63616K, reserved 1114112K
  class space    used 8347K, committed 8576K, reserved 1048576K
}
Event: 109.112 GC heap after
{Heap after GC invocations=66 (full 0):
 garbage-first heap   total 283648K, used 80583K [0x0000000080000000, 0x0000000100000000)
  region size 1024K, 9 young (9216K), 9 survivors (9216K)
 Metaspace       used 63041K, committed 63616K, reserved 1114112K
  class space    used 8347K, committed 8576K, reserved 1048576K
}
Event: 110.250 GC heap before
{Heap before GC invocations=66 (full 0):
 garbage-first heap   total 283648K, used 241351K [0x0000000080000000, 0x0000000100000000)
  region size 1024K, 166 young (169984K), 9 survivors (9216K)
 Metaspace       used 63041K, committed 63616K, reserved 1114112K
  class space    used 8347K, committed 8576K, reserved 1048576K
}
Event: 110.260 GC heap after
{Heap after GC invocations=67 (full 0):
 garbage-first heap   total 283648K, used 81187K [0x0000000080000000, 0x0000000100000000)
  region size 1024K, 9 young (9216K), 9 survivors (9216K)
 Metaspace       used 63041K, committed 63616K, reserved 1114112K
  class space    used 8347K, committed 8576K, reserved 1048576K
}
Event: 111.216 GC heap before
{Heap before GC invocations=67 (full 0):
 garbage-first heap   total 283648K, used 241955K [0x0000000080000000, 0x0000000100000000)
  region size 1024K, 166 young (169984K), 9 survivors (9216K)
 Metaspace       used 63044K, committed 63616K, reserved 1114112K
  class space    used 8347K, committed 8576K, reserved 1048576K
}
Event: 111.224 GC heap after
{Heap after GC invocations=68 (full 0):
 garbage-first heap   total 283648K, used 82014K [0x0000000080000000, 0x0000000100000000)
  region size 1024K, 10 young (10240K), 10 survivors (10240K)
 Metaspace       used 63044K, committed 63616K, reserved 1114112K
  class space    used 8347K, committed 8576K, reserved 1048576K
}
Event: 112.354 GC heap before
{Heap before GC invocations=68 (full 0):
 garbage-first heap   total 283648K, used 241758K [0x0000000080000000, 0x0000000100000000)
  region size 1024K, 166 young (169984K), 10 survivors (10240K)
 Metaspace       used 63045K, committed 63616K, reserved 1114112K
  class space    used 8347K, committed 8576K, reserved 1048576K
}
Event: 112.363 GC heap after
{Heap after GC invocations=69 (full 0):
 garbage-first heap   total 283648K, used 83148K [0x0000000080000000, 0x0000000100000000)
  region size 1024K, 10 young (10240K), 10 survivors (10240K)
 Metaspace       used 63045K, committed 63616K, reserved 1114112K
  class space    used 8347K, committed 8576K, reserved 1048576K
}
Event: 114.064 GC heap before
{Heap before GC invocations=69 (full 0):
 garbage-first heap   total 283648K, used 242892K [0x0000000080000000, 0x0000000100000000)
  region size 1024K, 166 young (169984K), 10 survivors (10240K)
 Metaspace       used 63045K, committed 63616K, reserved 1114112K
  class space    used 8347K, committed 8576K, reserved 1048576K
}
Event: 114.073 GC heap after
{Heap after GC invocations=70 (full 0):
 garbage-first heap   total 283648K, used 84291K [0x0000000080000000, 0x0000000100000000)
  region size 1024K, 11 young (11264K), 11 survivors (11264K)
 Metaspace       used 63045K, committed 63616K, reserved 1114112K
  class space    used 8347K, committed 8576K, reserved 1048576K
}
Event: 115.278 GC heap before
{Heap before GC invocations=70 (full 0):
 garbage-first heap   total 283648K, used 243011K [0x0000000080000000, 0x0000000100000000)
  region size 1024K, 166 young (169984K), 11 survivors (11264K)
 Metaspace       used 63045K, committed 63616K, reserved 1114112K
  class space    used 8347K, committed 8576K, reserved 1048576K
}
Event: 115.290 GC heap after
{Heap after GC invocations=71 (full 0):
 garbage-first heap   total 283648K, used 85621K [0x0000000080000000, 0x0000000100000000)
  region size 1024K, 12 young (12288K), 12 survivors (12288K)
 Metaspace       used 63045K, committed 63616K, reserved 1114112K
  class space    used 8347K, committed 8576K, reserved 1048576K
}
Event: 116.173 GC heap before
{Heap before GC invocations=71 (full 0):
 garbage-first heap   total 283648K, used 241269K [0x0000000080000000, 0x0000000100000000)
  region size 1024K, 164 young (167936K), 12 survivors (12288K)
 Metaspace       used 63045K, committed 63616K, reserved 1114112K
  class space    used 8347K, committed 8576K, reserved 1048576K
}
Event: 116.188 GC heap after
{Heap after GC invocations=72 (full 0):
 garbage-first heap   total 283648K, used 86642K [0x0000000080000000, 0x0000000100000000)
  region size 1024K, 13 young (13312K), 13 survivors (13312K)
 Metaspace       used 63045K, committed 63616K, reserved 1114112K
  class space    used 8347K, committed 8576K, reserved 1048576K
}

Dll operation events (3 events):
Event: 0.132 Loaded shared library C:\Program Files\Android\Android Studio\jbr\bin\java.dll
Event: 1.056 Loaded shared library C:\Program Files\Android\Android Studio\jbr\bin\zip.dll
Event: 23.100 Loaded shared library C:\Program Files\Android\Android Studio\jbr\bin\verify.dll

Deoptimization events (20 events):
Event: 114.437 Thread 0x00000175471a8ef0 DEOPT PACKING pc=0x000001752cca0e51 sp=0x00000038df8f81f0
Event: 114.437 Thread 0x00000175471a8ef0 DEOPT UNPACKING pc=0x00000175333f7143 sp=0x00000038df8f7900 mode 0
Event: 114.469 Thread 0x00000175471a8ef0 DEOPT PACKING pc=0x000001752cca0e51 sp=0x00000038df8f81f0
Event: 114.469 Thread 0x00000175471a8ef0 DEOPT UNPACKING pc=0x00000175333f7143 sp=0x00000038df8f7900 mode 0
Event: 114.499 Thread 0x00000175471a8ef0 DEOPT PACKING pc=0x000001752cca0e51 sp=0x00000038df8f81f0
Event: 114.499 Thread 0x00000175471a8ef0 DEOPT UNPACKING pc=0x00000175333f7143 sp=0x00000038df8f7900 mode 0
Event: 114.536 Thread 0x00000175471a8ef0 DEOPT PACKING pc=0x000001752cca0e51 sp=0x00000038df8f81f0
Event: 114.536 Thread 0x00000175471a8ef0 DEOPT UNPACKING pc=0x00000175333f7143 sp=0x00000038df8f7900 mode 0
Event: 114.615 Thread 0x00000175471a8ef0 DEOPT PACKING pc=0x000001752cca0e51 sp=0x00000038df8f81f0
Event: 114.615 Thread 0x00000175471a8ef0 DEOPT UNPACKING pc=0x00000175333f7143 sp=0x00000038df8f7900 mode 0
Event: 114.663 Thread 0x00000175471a8ef0 DEOPT PACKING pc=0x000001752cca01d8 sp=0x00000038df8f81f0
Event: 114.663 Thread 0x00000175471a8ef0 DEOPT UNPACKING pc=0x00000175333f7143 sp=0x00000038df8f7900 mode 0
Event: 114.709 Thread 0x00000175471a8ef0 DEOPT PACKING pc=0x000001752cca0e51 sp=0x00000038df8f81f0
Event: 114.709 Thread 0x00000175471a8ef0 DEOPT UNPACKING pc=0x00000175333f7143 sp=0x00000038df8f7900 mode 0
Event: 115.420 Thread 0x00000175471a8ef0 DEOPT PACKING pc=0x000001752c9c3a4a sp=0x00000038df8f83d0
Event: 115.420 Thread 0x00000175471a8ef0 DEOPT UNPACKING pc=0x00000175333f7143 sp=0x00000038df8f78a0 mode 0
Event: 116.577 Thread 0x00000175471a8ef0 Uncommon trap: trap_request=0xffffffe4 fr.pc=0x0000017533e16d28 relative=0x0000000000001128
Event: 116.577 Thread 0x00000175471a8ef0 Uncommon trap: reason=range_check action=make_not_entrant pc=0x0000017533e16d28 method=org.objectweb.asm.ClassReader.readUnsignedShort(I)I @ 19 c2
Event: 116.577 Thread 0x00000175471a8ef0 DEOPT PACKING pc=0x0000017533e16d28 sp=0x00000038df8f8540
Event: 116.577 Thread 0x00000175471a8ef0 DEOPT UNPACKING pc=0x00000175333f69a3 sp=0x00000038df8f8488 mode 2

Classes unloaded (5 events):
Event: 60.250 Thread 0x00000175420f31c0 Unloading class 0x0000000100600000 '_BuildScript_$_run_closure1'
Event: 60.250 Thread 0x00000175420f31c0 Unloading class 0x00000001005f0800 '_BuildScript_'
Event: 64.068 Thread 0x00000175420f31c0 Unloading class 0x00000001006ac410 '_BuildScript_$_run_closure1$_closure2'
Event: 64.068 Thread 0x00000175420f31c0 Unloading class 0x00000001006ac000 '_BuildScript_$_run_closure1'
Event: 64.068 Thread 0x00000175420f31c0 Unloading class 0x00000001006a6800 '_BuildScript_'

Classes redefined (0 events):
No events

Internal exceptions (20 events):
Event: 94.277 Thread 0x00000175471a8ef0 Exception <a 'java/lang/ClassNotFoundException'{0x00000000894c79a8}: SetupUtpTestResultListenerActionCustomizer> (0x00000000894c79a8) 
thrown [s\src\hotspot\share\classfile\systemDictionary.cpp, line 256]
Event: 94.306 Thread 0x00000175471a8ef0 Exception <a 'java/lang/ClassNotFoundException'{0x00000000893461a8}: org/gradle/execution/taskgraph/DefaultTaskExecutionGraphBeanInfo> (0x00000000893461a8) 
thrown [s\src\hotspot\share\classfile\systemDictionary.cpp, line 256]
Event: 94.307 Thread 0x00000175471a8ef0 Exception <a 'java/lang/ClassNotFoundException'{0x00000000893552e8}: org/gradle/execution/taskgraph/DefaultTaskExecutionGraphCustomizer> (0x00000000893552e8) 
thrown [s\src\hotspot\share\classfile\systemDictionary.cpp, line 256]
Event: 94.443 Thread 0x00000175471a8ef0 Exception <a 'sun/nio/fs/WindowsException'{0x0000000089123500}> (0x0000000089123500) 
thrown [s\src\hotspot\share\prims\jni.cpp, line 531]
Event: 94.444 Thread 0x00000175471a8ef0 Exception <a 'sun/nio/fs/WindowsException'{0x0000000089124ab8}> (0x0000000089124ab8) 
thrown [s\src\hotspot\share\prims\jni.cpp, line 531]
Event: 94.445 Thread 0x00000175471a8ef0 Exception <a 'sun/nio/fs/WindowsException'{0x0000000089126040}> (0x0000000089126040) 
thrown [s\src\hotspot\share\prims\jni.cpp, line 531]
Event: 94.446 Thread 0x00000175471a8ef0 Exception <a 'sun/nio/fs/WindowsException'{0x00000000891275e8}> (0x00000000891275e8) 
thrown [s\src\hotspot\share\prims\jni.cpp, line 531]
Event: 94.461 Thread 0x00000175471a8ef0 Exception <a 'java/lang/NoSuchMethodError'{0x000000008913cc60}: 'java.lang.Object java.lang.invoke.Invokers$Holder.invoker(java.lang.Object, java.lang.Object, java.lang.Object, java.lang.Object, java.lang.Object, java.lang.Object)'> (0x000000008913cc60) 
thrown [s\src\hotspot\share\interpreter\linkResolver.cpp, line 771]
Event: 94.560 Thread 0x00000175471a8ef0 Exception <a 'java/lang/NoSuchMethodError'{0x0000000089060460}: 'java.lang.Object java.lang.invoke.DelegatingMethodHandle$Holder.reinvoke_L(java.lang.Object, java.lang.Object, java.lang.Object, java.lang.Object, java.lang.Object, java.lang.Object, java.lang.Object, java.lang.Object, java.lang.Object, java.lang.Object, java.lang.Object, java.lang.Object, java.lang.Object, java.lang.Object, java.lang.Object, java.lang.Object, java.lang.Object, java.lang.Object, java.lang.Object, java.lang.Object, java.lang.O
Event: 94.561 Thread 0x00000175471a8ef0 Exception <a 'java/lang/NoSuchMethodError'{0x000000008906c768}: 'java.lang.Object java.lang.invoke.Invokers$Holder.invoker(java.lang.Object, java.lang.Object, java.lang.Object, java.lang.Object, java.lang.Object, java.lang.Object, java.lang.Object, java.lang.Object, java.lang.Object, java.lang.Object, java.lang.Object, java.lang.Object, java.lang.Object, java.lang.Object, java.lang.Object, java.lang.Object, java.lang.Object, java.lang.Object, java.lang.Object, java.lang.Object, java.lang.Object, java.lang.
Event: 94.562 Thread 0x00000175471a8ef0 Exception <a 'java/lang/NoSuchMethodError'{0x0000000089073388}: 'java.lang.Object java.lang.invoke.DelegatingMethodHandle$Holder.delegate(java.lang.Object, java.lang.Object, java.lang.Object, java.lang.Object, java.lang.Object, java.lang.Object, java.lang.Object, java.lang.Object, java.lang.Object, java.lang.Object, java.lang.Object, java.lang.Object, java.lang.Object, java.lang.Object, java.lang.Object, java.lang.Object, java.lang.Object, java.lang.Object, java.lang.Object, java.lang.Object, java.lang.Obj
Event: 94.606 Thread 0x00000175471a8ef0 Exception <a 'java/lang/NoSuchMethodError'{0x0000000088f42d58}: 'java.lang.Object java.lang.invoke.DirectMethodHandle$Holder.invokeStatic(java.lang.Object, java.lang.Object, java.lang.Object, java.lang.Object, java.lang.Object, java.lang.Object, java.lang.Object, java.lang.Object, java.lang.Object, java.lang.Object, java.lang.Object, java.lang.Object, java.lang.Object, java.lang.Object, java.lang.Object, java.lang.Object, java.lang.Object, java.lang.Object, java.lang.Object, java.lang.Object, java.lang.Obj
Event: 94.612 Thread 0x00000175471a8ef0 Exception <a 'java/lang/NoSuchMethodError'{0x0000000088f770b0}: 'java.lang.Object java.lang.invoke.DirectMethodHandle$Holder.invokeStatic(java.lang.Object, java.lang.Object, java.lang.Object, java.lang.Object, java.lang.Object, java.lang.Object, java.lang.Object, java.lang.Object, java.lang.Object, java.lang.Object, java.lang.Object, java.lang.Object, java.lang.Object, java.lang.Object, java.lang.Object, java.lang.Object, java.lang.Object, java.lang.Object, java.lang.Object, java.lang.Object, java.lang.Obj
Event: 94.627 Thread 0x00000175471a8ef0 Exception <a 'java/lang/NoSuchMethodError'{0x0000000088facfa8}: 'java.lang.Object java.lang.invoke.DirectMethodHandle$Holder.invokeStatic(java.lang.Object, java.lang.Object, java.lang.Object, java.lang.Object, java.lang.Object, java.lang.Object, java.lang.Object, java.lang.Object, java.lang.Object, java.lang.Object, java.lang.Object, java.lang.Object, java.lang.Object, java.lang.Object, java.lang.Object, java.lang.Object, java.lang.Object, java.lang.Object, java.lang.Object, java.lang.Object, java.lang.Obj
Event: 95.254 Thread 0x00000175471a8ef0 Exception <a 'sun/nio/fs/WindowsException'{0x00000000871eb400}> (0x00000000871eb400) 
thrown [s\src\hotspot\share\prims\jni.cpp, line 531]
Event: 95.254 Thread 0x00000175471a8ef0 Exception <a 'sun/nio/fs/WindowsException'{0x00000000871ec9c0}> (0x00000000871ec9c0) 
thrown [s\src\hotspot\share\prims\jni.cpp, line 531]
Event: 95.266 Thread 0x00000175471a8ef0 Implicit null exception at 0x0000017533c1ba20 to 0x0000017533c1beac
Event: 95.266 Thread 0x00000175471a8ef0 Implicit null exception at 0x0000017533d23000 to 0x0000017533d24dcc
Event: 95.266 Thread 0x00000175471a8ef0 Implicit null exception at 0x0000017533d2176d to 0x0000017533d21da8
Event: 95.266 Thread 0x00000175471a8ef0 Implicit null exception at 0x0000017533d33065 to 0x0000017533d33800

VM Operations (20 events):
Event: 111.215 Executing VM operation: G1CollectForAllocation
Event: 111.225 Executing VM operation: G1CollectForAllocation done
Event: 112.231 Executing VM operation: Cleanup
Event: 112.231 Executing VM operation: Cleanup done
Event: 112.354 Executing VM operation: G1CollectForAllocation
Event: 112.363 Executing VM operation: G1CollectForAllocation done
Event: 113.374 Executing VM operation: Cleanup
Event: 113.375 Executing VM operation: Cleanup done
Event: 114.064 Executing VM operation: G1CollectForAllocation
Event: 114.073 Executing VM operation: G1CollectForAllocation done
Event: 115.278 Executing VM operation: G1CollectForAllocation
Event: 115.290 Executing VM operation: G1CollectForAllocation done
Event: 115.658 Executing VM operation: HandshakeAllThreads
Event: 115.658 Executing VM operation: HandshakeAllThreads done
Event: 115.976 Executing VM operation: HandshakeAllThreads
Event: 115.976 Executing VM operation: HandshakeAllThreads done
Event: 115.994 Executing VM operation: HandshakeAllThreads
Event: 115.994 Executing VM operation: HandshakeAllThreads done
Event: 116.173 Executing VM operation: G1CollectForAllocation
Event: 116.189 Executing VM operation: G1CollectForAllocation done

Events (20 events):
Event: 116.008 Thread 0x000001754217fc60 flushing nmethod 0x000001752ca4ac10
Event: 116.008 Thread 0x000001754217fc60 flushing nmethod 0x000001752cab4e10
Event: 116.008 Thread 0x000001754217fc60 flushing nmethod 0x000001752cab5510
Event: 116.008 Thread 0x000001754217fc60 flushing nmethod 0x000001752cab7990
Event: 116.008 Thread 0x000001754217fc60 flushing nmethod 0x000001752cabf410
Event: 116.008 Thread 0x000001754217fc60 flushing nmethod 0x000001752cabfa10
Event: 116.008 Thread 0x000001754217fc60 flushing nmethod 0x000001752cac0590
Event: 116.008 Thread 0x000001754217fc60 flushing nmethod 0x000001752cac6810
Event: 116.008 Thread 0x000001754217fc60 flushing nmethod 0x000001752cacd610
Event: 116.010 Thread 0x000001754217fc60 flushing nmethod 0x000001752cc52790
Event: 116.010 Thread 0x000001754217fc60 flushing nmethod 0x000001752cc6e310
Event: 116.010 Thread 0x000001754217fc60 flushing nmethod 0x000001752cc7d290
Event: 116.010 Thread 0x000001754217fc60 flushing nmethod 0x000001752cc7e190
Event: 116.010 Thread 0x000001754217fc60 flushing nmethod 0x000001752cc7ea90
Event: 116.010 Thread 0x000001754217fc60 flushing nmethod 0x000001752cc7f310
Event: 116.010 Thread 0x000001754217fc60 flushing nmethod 0x000001752cc7fb90
Event: 116.010 Thread 0x000001754217fc60 flushing nmethod 0x000001752cc86490
Event: 116.010 Thread 0x000001754217fc60 flushing nmethod 0x000001752cc8f390
Event: 116.010 Thread 0x000001754217fc60 flushing nmethod 0x000001752ccafa10
Event: 116.010 Thread 0x000001754217fc60 flushing nmethod 0x000001752ccb6290


Dynamic libraries:
0x00007ff7db8b0000 - 0x00007ff7db8ba000 	C:\Program Files\Android\Android Studio\jbr\bin\java.exe
0x00007ffe3b5b0000 - 0x00007ffe3b7a8000 	C:\WINDOWS\SYSTEM32\ntdll.dll
0x00007ffe0e130000 - 0x00007ffe0e150000 	C:\Program Files\Avast Software\Avast\aswhook.dll
0x00007ffe3b4a0000 - 0x00007ffe3b562000 	C:\WINDOWS\System32\KERNEL32.DLL
0x00007ffe38e10000 - 0x00007ffe39106000 	C:\WINDOWS\System32\KERNELBASE.dll
0x00007ffe39350000 - 0x00007ffe39450000 	C:\WINDOWS\System32\ucrtbase.dll
0x00007ffdf6d80000 - 0x00007ffdf6d97000 	C:\Program Files\Android\Android Studio\jbr\bin\jli.dll
0x00007ffdf6da0000 - 0x00007ffdf6dbb000 	C:\Program Files\Android\Android Studio\jbr\bin\VCRUNTIME140.dll
0x00007ffe397e0000 - 0x00007ffe39981000 	C:\WINDOWS\System32\USER32.dll
0x00007ffe38d60000 - 0x00007ffe38d82000 	C:\WINDOWS\System32\win32u.dll
0x00007ffe3a9b0000 - 0x00007ffe3a9db000 	C:\WINDOWS\System32\GDI32.dll
0x00007ffe1eb80000 - 0x00007ffe1ee1b000 	C:\WINDOWS\WinSxS\amd64_microsoft.windows.common-controls_6595b64144ccf1df_6.0.19041.6456_none_60b8a6cb71f64256\COMCTL32.dll
0x00007ffe39d80000 - 0x00007ffe39e1e000 	C:\WINDOWS\System32\msvcrt.dll
0x00007ffe38c40000 - 0x00007ffe38d59000 	C:\WINDOWS\System32\gdi32full.dll
0x00007ffe39450000 - 0x00007ffe394ed000 	C:\WINDOWS\System32\msvcp_win.dll
0x00007ffe3a9e0000 - 0x00007ffe3aa0f000 	C:\WINDOWS\System32\IMM32.DLL
0x00007ffdfc340000 - 0x00007ffdfc34c000 	C:\Program Files\Android\Android Studio\jbr\bin\vcruntime140_1.dll
0x00007ffdf68c0000 - 0x00007ffdf694d000 	C:\Program Files\Android\Android Studio\jbr\bin\msvcp140.dll
0x00007ffda2af0000 - 0x00007ffda3773000 	C:\Program Files\Android\Android Studio\jbr\bin\server\jvm.dll
0x00007ffe3a7b0000 - 0x00007ffe3a861000 	C:\WINDOWS\System32\ADVAPI32.dll
0x00007ffe39b90000 - 0x00007ffe39c2f000 	C:\WINDOWS\System32\sechost.dll
0x00007ffe3a870000 - 0x00007ffe3a990000 	C:\WINDOWS\System32\RPCRT4.dll
0x00007ffe395a0000 - 0x00007ffe395c7000 	C:\WINDOWS\System32\bcrypt.dll
0x00007ffe381d0000 - 0x00007ffe3821b000 	C:\WINDOWS\SYSTEM32\POWRPROF.dll
0x00007ffe281a0000 - 0x00007ffe281a9000 	C:\WINDOWS\SYSTEM32\WSOCK32.dll
0x00007ffe39d10000 - 0x00007ffe39d7b000 	C:\WINDOWS\System32\WS2_32.dll
0x00007ffe1ee20000 - 0x00007ffe1ee47000 	C:\WINDOWS\SYSTEM32\WINMM.dll
0x00007ffe32280000 - 0x00007ffe3228a000 	C:\WINDOWS\SYSTEM32\VERSION.dll
0x00007ffe38040000 - 0x00007ffe38052000 	C:\WINDOWS\SYSTEM32\UMPDC.dll
0x00007ffe37450000 - 0x00007ffe37462000 	C:\WINDOWS\SYSTEM32\kernel.appcore.dll
0x00007ffdf7a90000 - 0x00007ffdf7a9a000 	C:\Program Files\Android\Android Studio\jbr\bin\jimage.dll
0x00007ffe35980000 - 0x00007ffe35b81000 	C:\WINDOWS\SYSTEM32\DBGHELP.DLL
0x00007ffe2fc30000 - 0x00007ffe2fc64000 	C:\WINDOWS\SYSTEM32\dbgcore.DLL
0x00007ffe39110000 - 0x00007ffe39192000 	C:\WINDOWS\System32\bcryptPrimitives.dll
0x00007ffdf6d20000 - 0x00007ffdf6d2e000 	C:\Program Files\Android\Android Studio\jbr\bin\instrument.dll
0x00007ffdf6d50000 - 0x00007ffdf6d75000 	C:\Program Files\Android\Android Studio\jbr\bin\java.dll
0x00007ffdf6d30000 - 0x00007ffdf6d48000 	C:\Program Files\Android\Android Studio\jbr\bin\zip.dll
0x00007ffe39fd0000 - 0x00007ffe3a740000 	C:\WINDOWS\System32\SHELL32.dll
0x00007ffe36c60000 - 0x00007ffe37405000 	C:\WINDOWS\SYSTEM32\windows.storage.dll
0x00007ffe3aa10000 - 0x00007ffe3ad64000 	C:\WINDOWS\System32\combase.dll
0x00007ffe38670000 - 0x00007ffe3869b000 	C:\WINDOWS\SYSTEM32\Wldp.dll
0x00007ffe39990000 - 0x00007ffe39a5d000 	C:\WINDOWS\System32\OLEAUT32.dll
0x00007ffe3b3f0000 - 0x00007ffe3b49d000 	C:\WINDOWS\System32\SHCORE.dll
0x00007ffe39cb0000 - 0x00007ffe39d0b000 	C:\WINDOWS\System32\shlwapi.dll
0x00007ffe38b70000 - 0x00007ffe38b94000 	C:\WINDOWS\SYSTEM32\profapi.dll
0x00007ffdf6d00000 - 0x00007ffdf6d19000 	C:\Program Files\Android\Android Studio\jbr\bin\net.dll
0x00007ffe35e40000 - 0x00007ffe35f4a000 	C:\WINDOWS\SYSTEM32\WINHTTP.dll
0x00007ffe383d0000 - 0x00007ffe3843a000 	C:\WINDOWS\system32\mswsock.dll
0x00007ffdf68a0000 - 0x00007ffdf68b6000 	C:\Program Files\Android\Android Studio\jbr\bin\nio.dll
0x00007ffdf6890000 - 0x00007ffdf68a0000 	C:\Program Files\Android\Android Studio\jbr\bin\verify.dll
0x00007ffdfc6e0000 - 0x00007ffdfc707000 	C:\Users\lenovo\.gradle\native\1def1411415f61bf3af743bc5b6707747c0891f09f0c88961ee8f79bc544acac\windows-amd64\native-platform.dll
0x00007ffdfc9a0000 - 0x00007ffdfca18000 	C:\Users\lenovo\.gradle\native\0.2.7\x86_64-windows-gnu\gradle-fileevents.dll
0x00007ffe34e40000 - 0x00007ffe34e49000 	C:\Program Files\Android\Android Studio\jbr\bin\management.dll
0x00007ffe34e30000 - 0x00007ffe34e3b000 	C:\Program Files\Android\Android Studio\jbr\bin\management_ext.dll
0x00007ffe396f0000 - 0x00007ffe396f8000 	C:\WINDOWS\System32\PSAPI.DLL
0x00007ffe38060000 - 0x00007ffe3809b000 	C:\WINDOWS\SYSTEM32\IPHLPAPI.DLL
0x00007ffe3a7a0000 - 0x00007ffe3a7a8000 	C:\WINDOWS\System32\NSI.dll
0x00007ffe2f290000 - 0x00007ffe2f2a7000 	C:\WINDOWS\SYSTEM32\dhcpcsvc6.DLL
0x00007ffe2fdd0000 - 0x00007ffe2fded000 	C:\WINDOWS\SYSTEM32\dhcpcsvc.DLL
0x00007ffe380b0000 - 0x00007ffe3817a000 	C:\WINDOWS\SYSTEM32\DNSAPI.dll
0x00007ffe34e20000 - 0x00007ffe34e29000 	C:\Program Files\Android\Android Studio\jbr\bin\extnet.dll
0x00007ffe385c0000 - 0x00007ffe385d8000 	C:\WINDOWS\SYSTEM32\CRYPTSP.dll
0x00007ffe37c80000 - 0x00007ffe37cb8000 	C:\WINDOWS\system32\rsaenh.dll
0x00007ffe38b30000 - 0x00007ffe38b5e000 	C:\WINDOWS\SYSTEM32\USERENV.dll
0x00007ffe385e0000 - 0x00007ffe385ec000 	C:\WINDOWS\SYSTEM32\CRYPTBASE.dll
0x00007ffe1f400000 - 0x00007ffe1f407000 	C:\WINDOWS\system32\wshunix.dll
0x00007ffe37ed0000 - 0x00007ffe37f03000 	C:\WINDOWS\SYSTEM32\ntmarta.dll

dbghelp: loaded successfully - version: 4.0.5 - missing functions: none
symbol engine: initialized successfully - sym options: 0x614 - pdb path: .;C:\Program Files\Android\Android Studio\jbr\bin;C:\WINDOWS\SYSTEM32;C:\Program Files\Avast Software\Avast;C:\WINDOWS\WinSxS\amd64_microsoft.windows.common-controls_6595b64144ccf1df_6.0.19041.6456_none_60b8a6cb71f64256;C:\Program Files\Android\Android Studio\jbr\bin\server;C:\Users\lenovo\.gradle\native\1def1411415f61bf3af743bc5b6707747c0891f09f0c88961ee8f79bc544acac\windows-amd64;C:\Users\lenovo\.gradle\native\0.2.7\x86_64-windows-gnu

VM Arguments:
jvm_args: --add-opens=java.base/java.lang=ALL-UNNAMED --add-opens=java.base/java.lang.invoke=ALL-UNNAMED --add-opens=java.base/java.util=ALL-UNNAMED --add-opens=java.prefs/java.util.prefs=ALL-UNNAMED --add-exports=jdk.compiler/com.sun.tools.javac.api=ALL-UNNAMED --add-exports=jdk.compiler/com.sun.tools.javac.util=ALL-UNNAMED --add-opens=java.base/java.util=ALL-UNNAMED --add-opens=java.prefs/java.util.prefs=ALL-UNNAMED --add-opens=java.base/java.nio.charset=ALL-UNNAMED --add-opens=java.base/java.net=ALL-UNNAMED --add-opens=java.base/java.util.concurrent.atomic=ALL-UNNAMED --add-opens=java.xml/javax.xml.namespace=ALL-UNNAMED -Xmx2048m -Dfile.encoding=UTF-8 -Duser.country=US -Duser.language=en -Duser.variant -javaagent:C:\Users\lenovo\.gradle\wrapper\dists\gradle-8.13-all\54h0s9kvb6g2sinako7ub77ku\gradle-8.13\lib\agents\gradle-instrumentation-agent-8.13.jar 
java_command: org.gradle.launcher.daemon.bootstrap.GradleDaemon 8.13
java_class_path (initial): C:\Users\lenovo\.gradle\wrapper\dists\gradle-8.13-all\54h0s9kvb6g2sinako7ub77ku\gradle-8.13\lib\gradle-daemon-main-8.13.jar
Launcher Type: SUN_STANDARD

[Global flags]
     intx CICompilerCount                          = 3                                         {product} {ergonomic}
     uint ConcGCThreads                            = 1                                         {product} {ergonomic}
     uint G1ConcRefinementThreads                  = 4                                         {product} {ergonomic}
   size_t G1HeapRegionSize                         = 1048576                                   {product} {ergonomic}
    uintx GCDrainStackTargetSize                   = 64                                        {product} {ergonomic}
   size_t InitialHeapSize                          = 127926272                                 {product} {ergonomic}
   size_t MarkStackSize                            = 4194304                                   {product} {ergonomic}
   size_t MaxHeapSize                              = 2147483648                                {product} {command line}
   size_t MaxNewSize                               = 1287651328                                {product} {ergonomic}
   size_t MinHeapDeltaBytes                        = 1048576                                   {product} {ergonomic}
   size_t MinHeapSize                              = 8388608                                   {product} {ergonomic}
    uintx NonNMethodCodeHeapSize                   = 5832780                                {pd product} {ergonomic}
    uintx NonProfiledCodeHeapSize                  = 122912730                              {pd product} {ergonomic}
    uintx ProfiledCodeHeapSize                     = 122912730                              {pd product} {ergonomic}
    uintx ReservedCodeCacheSize                    = 251658240                              {pd product} {ergonomic}
     bool SegmentedCodeCache                       = true                                      {product} {ergonomic}
   size_t SoftMaxHeapSize                          = 2147483648                             {manageable} {ergonomic}
     bool UseCompressedClassPointers               = true                           {product lp64_product} {ergonomic}
     bool UseCompressedOops                        = true                           {product lp64_product} {ergonomic}
     bool UseG1GC                                  = true                                      {product} {ergonomic}
     bool UseLargePagesIndividualAllocation        = false                                  {pd product} {ergonomic}

Logging:
Log output configuration:
 #0: stdout all=warning uptime,level,tags
 #1: stderr all=off uptime,level,tags

Environment Variables:
JAVA_HOME=C:\Program Files\Android\Android Studio\jbr
PATH=C:\Program Files\Eclipse Adoptium\jdk-17.0.16.8-hotspot\bin;C:\flutter\flutter\bin;C:\Program Files (x86)\Common Files\Oracle\Java\java8path;C:\Program Files (x86)\Common Files\Oracle\Java\javapath;C:\Program Files\OpenLogic\jdk-21.0.3.9-hotspot\bin;C:\Windows\system32;C:\Windows;C:\Windows\System32\Wbem;C:\Windows\System32\WindowsPowerShell\v1.0\;C:\Windows\System32\OpenSSH\;C:\Program Files\dotnet\;C:\flutter\bin;C:\Program Files\Git\cmd;C:\Users\lenovo\AppData\Local\Programs\Python\Python313\Scripts\;C:\Users\lenovo\AppData\Local\Programs\Python\Python313\;C:\Program Files\Common Files\Oracle\Java\javapath;C:\Users\lenovo\AppData\Local\Microsoft\WindowsApps;C:\Program Files\JetBrains\PyCharm 2024.2\bin;C:\flutter_windows_3.29.1-stable\bin;C:\Program Files\PostgreSQL\17\bin;C:\WINDOWS\system32;C:\WINDOWS;C:\WINDOWS\System32\Wbem;C:\WINDOWS\System32\WindowsPowerShell\v1.0\;C:\WINDOWS\System32\OpenSSH\;C:\Program Files\nodejs\;C:\ProgramData\chocolatey\bin;C:\Users\lenovo\AppData\Local\Pub\Cache\bin;C:\Program Files\Eclipse Adoptium\jdk-17.0.16.8-hotspot\bin;C:\flutter\flutter\bin;C:\Program Files (x86)\Common Files\Oracle\Java\java8path;C:\Program Files (x86)\Common Files\Oracle\Java\javapath;C:\Program Files\OpenLogic\jdk-21.0.3.9-hotspot\bin;C:\Windows\system32;C:\Windows;C:\Windows\System32\Wbem;C:\Windows\System32\WindowsPowerShell\v1.0\;C:\Windows\System32\OpenSSH\;C:\Program Files\dotnet\;C:\flutter\bin;C:\Program Files\Git\cmd;C:\Users\lenovo\AppData\Local\Programs\Python\Python313\Scripts\;C:\Users\lenovo\AppData\Local\Programs\Python\Python313\;C:\Program Files\Common Files\Oracle\Java\javapath;C:\Users\lenovo\AppData\Local\Microsoft\WindowsApps;C:\Program Files\JetBrains\PyCharm 2024.2\bin;C:\flutter_windows_3.29.1-stable\bin;C:\Program Files\PostgreSQL\17\bin;C:\WINDOWS\system32;C:\WINDOWS;C:\WINDOWS\System32\Wbem;C:\WINDOWS\System32\WindowsPowerShell\v1.0\;C:\WINDOWS\System32\OpenSSH\;C:\Program Files\nodejs\;C:\ProgramData\chocolatey\bin;C:\Users\len
USERNAME=lenovo
OS=Windows_NT
PROCESSOR_IDENTIFIER=Intel64 Family 6 Model 142 Stepping 9, GenuineIntel
TMP=C:\Users\lenovo\AppData\Local\Temp
TEMP=C:\Users\lenovo\AppData\Local\Temp



Periodic native trim disabled

JNI global refs:
JNI global refs: 25, weak refs: 4

JNI global refs memory usage: 843, weak refs: 841

Process memory usage:
Resident Set Size: 420836K (5% of 7981676K total physical memory with 299016K free physical memory)

OOME stack traces (most recent first):
Classloader memory used:
Loader org.gradle.internal.classloader.VisitableURLClassLoader                         : 4434K
Loader bootstrap                                                                       : 2505K
Loader org.gradle.initialization.MixInLegacyTypesClassLoader                           : 812K
Loader jdk.internal.loader.ClassLoaders$PlatformClassLoader                            : 65888B
Loader jdk.internal.loader.ClassLoaders$AppClassLoader                                 : 29349B
Loader org.gradle.groovy.scripts.internal.DefaultScriptCompilationHandler$ScriptClassLoader: 11964B
Loader jdk.internal.reflect.DelegatingClassLoader                                      : 10947B
Loader groovy.lang.GroovyClassLoader$InnerLoader                                       : 10697B
Loader org.gradle.internal.classloader.VisitableURLClassLoader$InstrumentingVisitableURLClassLoader: 1924B
Loader org.codehaus.groovy.runtime.callsite.CallSiteClassLoader                        : 1232B

Classes loaded by more than one classloader:
Class _BuildScript_                                                                   : loaded 4 times (x 171B)
Class _BuildScript_$_run_closure1$_closure2                                           : loaded 3 times (x 130B)
Class _BuildScript_$_run_closure1                                                     : loaded 3 times (x 130B)
Class ijJvmDebugger1_1k1ydxvr3rkrw6fl7zis70ryz$_run_closure1                          : loaded 2 times (x 137B)
Class org.gradle.api.Action                                                           : loaded 2 times (x 68B)
Class ijKotlinCoroutineJvmDebugInit1_97bwpsz7b6v1tvekjmz9esdna$_run_closure1          : loaded 2 times (x 137B)
Class org.gradle.api.internal.classpath.DefaultModuleRegistry                         : loaded 2 times (x 84B)
Class org.gradle.internal.installation.GradleInstallation$1                           : loaded 2 times (x 73B)
Class org.gradle.internal.classloader.FilteringClassLoader                            : loaded 2 times (x 103B)
Class org.gradle.internal.classpath.DefaultClassPath$ImmutableUniqueList$Builder      : loaded 2 times (x 73B)
Class org.gradle.internal.classloader.ClassLoaderVisitor                              : loaded 2 times (x 74B)
Class org.gradle.internal.classpath.ClassPath                                         : loaded 2 times (x 68B)
Class org.gradle.api.internal.DefaultClassPathProvider                                : loaded 2 times (x 74B)
Class org.gradle.internal.service.DefaultServiceLocator                               : loaded 2 times (x 81B)
Class org.gradle.internal.service.UnknownServiceException                             : loaded 2 times (x 81B)
Class org.gradle.internal.classloader.DefaultClassLoaderFactory                       : loaded 2 times (x 80B)
Class org.gradle.internal.classloader.VisitableURLClassLoader$Spec                    : loaded 2 times (x 72B)
Class org.gradle.api.GradleException                                                  : loaded 2 times (x 80B)
Class org.gradle.api.internal.classpath.ModuleRegistry                                : loaded 2 times (x 68B)
Class org.gradle.api.internal.ClassPathProvider                                       : loaded 2 times (x 68B)
Class org.gradle.internal.classloader.ClasspathUtil$1                                 : loaded 2 times (x 74B)
Class ijJvmDebugger1_1k1ydxvr3rkrw6fl7zis70ryz                                        : loaded 2 times (x 177B)
Class org.gradle.internal.classloader.ClassLoaderFactory                              : loaded 2 times (x 68B)
Class org.gradle.api.internal.classpath.ManifestUtil                                  : loaded 2 times (x 69B)
Class org.gradle.api.specs.Spec                                                       : loaded 2 times (x 68B)
Class org.gradle.internal.IoActions                                                   : loaded 2 times (x 69B)
Class org.gradle.api.internal.classpath.EffectiveClassPath                            : loaded 2 times (x 88B)
Class org.gradle.internal.installation.CurrentGradleInstallation                      : loaded 2 times (x 71B)
Class org.gradle.internal.installation.CurrentGradleInstallationLocator               : loaded 2 times (x 69B)
Class org.gradle.api.internal.classpath.Module                                        : loaded 2 times (x 68B)
Class org.gradle.internal.service.CachingServiceLocator                               : loaded 2 times (x 80B)
Class org.gradle.internal.classpath.DefaultClassPath                                  : loaded 2 times (x 88B)
Class org.gradle.internal.classloader.SystemClassLoaderSpec                           : loaded 2 times (x 69B)
Class org.gradle.api.UncheckedIOException                                             : loaded 2 times (x 80B)
Class org.gradle.api.internal.classpath.GlobalCacheRootsProvider                      : loaded 2 times (x 68B)
Class org.gradle.internal.classloader.ClasspathUtil                                   : loaded 2 times (x 69B)
Class org.gradle.api.internal.DefaultClassPathRegistry                                : loaded 2 times (x 74B)
Class org.gradle.api.internal.classpath.DefaultModuleRegistry$DefaultModule           : loaded 2 times (x 84B)
Class org.gradle.api.internal.classpath.UnknownModuleException                        : loaded 2 times (x 80B)
Class org.gradle.internal.service.ServiceLookupException                              : loaded 2 times (x 80B)
Class [Lorg.gradle.api.internal.ClassPathProvider;                                    : loaded 2 times (x 67B)
Class org.gradle.util.internal.GUtil                                                  : loaded 2 times (x 69B)
Class org.gradle.internal.classloader.ClassLoaderSpec                                 : loaded 2 times (x 69B)
Class org.gradle.internal.classloader.InstrumentingClassLoader                        : loaded 2 times (x 68B)
Class org.gradle.internal.installation.GradleInstallation                             : loaded 2 times (x 73B)
Class org.gradle.internal.classloader.VisitableURLClassLoader                         : loaded 2 times (x 115B)
Class org.gradle.internal.Cast                                                        : loaded 2 times (x 69B)
Class org.gradle.api.internal.ClassPathRegistry                                       : loaded 2 times (x 68B)
Class org.gradle.internal.classloader.VisitableURLClassLoader$InstrumentingVisitableURLClassLoader: loaded 2 times (x 121B)
Class org.gradle.internal.classloader.ClassLoaderHierarchy                            : loaded 2 times (x 68B)
Class SetupUtpTestResultListenerAction                                                : loaded 2 times (x 94B)
Class org.gradle.internal.InternalTransformer                                         : loaded 2 times (x 68B)
Class org.gradle.internal.service.ServiceLocator                                      : loaded 2 times (x 68B)
Class org.gradle.internal.classpath.DefaultClassPath$ImmutableUniqueList              : loaded 2 times (x 159B)
Class ijKotlinCoroutineJvmDebugInit1_97bwpsz7b6v1tvekjmz9esdna                        : loaded 2 times (x 177B)
Class org.gradle.internal.classpath.TransformedClassPath                              : loaded 2 times (x 94B)


---------------  S Y S T E M  ---------------

OS:
 Windows 10 , 64 bit Build 19041 (10.0.19041.5915)
OS uptime: 0 days 1:30 hours

CPU: total 4 (initial active 4) (2 cores per cpu, 2 threads per core) family 6 model 142 stepping 9 microcode 0xb4, cx8, cmov, fxsr, ht, mmx, 3dnowpref, sse, sse2, sse3, ssse3, sse4.1, sse4.2, popcnt, lzcnt, tsc, tscinvbit, avx, avx2, aes, erms, clmul, bmi1, bmi2, rtm, adx, fma, vzeroupper, clflush, clflushopt
Processor Information for processor 0
  Max Mhz: 2712, Current Mhz: 1406, Mhz Limit: 2603
Processor Information for processor 1
  Max Mhz: 2712, Current Mhz: 1406, Mhz Limit: 2603
Processor Information for processor 2
  Max Mhz: 2712, Current Mhz: 2611, Mhz Limit: 2603
Processor Information for processor 3
  Max Mhz: 2712, Current Mhz: 2611, Mhz Limit: 2603

Memory: 4k page, system-wide physical 7794M (293M free)
TotalPageFile size 15521M (AvailPageFile size 6M)
current process WorkingSet (physical memory assigned to process): 411M, peak: 442M
current process commit charge ("private bytes"): 511M, peak: 513M

vm_info: OpenJDK 64-Bit Server VM (17.0.11+0--11852314) for windows-amd64 JRE (17.0.11+0--11852314), built on May 16 2024 21:29:20 by "androidbuild" with MS VC++ 16.10 / 16.11 (VS2019)

END.
