#
# There is insufficient memory for the Java Runtime Environment to continue.
# Native memory allocation (malloc) failed to allocate 2591376 bytes. Error detail: Chunk::new
# Possible reasons:
#   The system is out of physical RAM or swap space
#   This process is running with CompressedOops enabled, and the Java Heap may be blocking the growth of the native heap
# Possible solutions:
#   Reduce memory load on the system
#   Increase physical memory or swap space
#   Check if swap backing store is full
#   Decrease Java heap size (-Xmx/-Xms)
#   Decrease number of Java threads
#   Decrease Java thread stack sizes (-Xss)
#   Set larger code cache with -XX:ReservedCodeCacheSize=
#   JVM is running with Unscaled Compressed Oops mode in which the Java heap is
#     placed in the first 4GB address space. The Java Heap base address is the
#     maximum limit for the native heap growth. Please use -XX:HeapBaseMinAddress
#     to set the Java Heap base and to place the Java Heap above 4GB virtual address.
# This output file may be truncated or incomplete.
#
#  Out of Memory Error (arena.cpp:191), pid=10116, tid=17992
#
# JRE version: OpenJDK Runtime Environment (17.0.11) (build 17.0.11+0--11852314)
# Java VM: OpenJDK 64-Bit Server VM (17.0.11+0--11852314, mixed mode, tiered, compressed oops, compressed class ptrs, g1 gc, windows-amd64)
# No core dump will be written. Minidumps are not enabled by default on client versions of Windows
#

---------------  S U M M A R Y ------------

Command Line: --add-opens=java.base/java.util=ALL-UNNAMED --add-opens=java.base/java.lang=ALL-UNNAMED --add-opens=java.base/java.lang.invoke=ALL-UNNAMED --add-opens=java.prefs/java.util.prefs=ALL-UNNAMED --add-exports=jdk.compiler/com.sun.tools.javac.api=ALL-UNNAMED --add-exports=jdk.compiler/com.sun.tools.javac.util=ALL-UNNAMED --add-opens=java.base/java.nio.charset=ALL-UNNAMED --add-opens=java.base/java.net=ALL-UNNAMED --add-opens=java.base/java.util.concurrent.atomic=ALL-UNNAMED -Xmx2048m -Dfile.encoding=UTF-8 -Duser.country=US -Duser.language=en -Duser.variant -javaagent:C:\Users\lenovo\.gradle\wrapper\dists\gradle-8.10-bin\deqhafrv1ntovfmgh0nh3npr9\gradle-8.10\lib\agents\gradle-instrumentation-agent-8.10.jar org.gradle.launcher.daemon.bootstrap.GradleDaemon 8.10

Host: Intel(R) Core(TM) i5-7300U CPU @ 2.60GHz, 4 cores, 7G,  Windows 10 , 64 bit Build 19041 (10.0.19041.5915)
Time: Fri Oct 31 10:25:51 2025 E. Africa Standard Time elapsed time: 35.709566 seconds (0d 0h 0m 35s)

---------------  T H R E A D  ---------------

Current thread (0x0000020df06e58a0):  JavaThread "C2 CompilerThread1" daemon [_thread_in_native, id=17992, stack(0x0000007bcf600000,0x0000007bcf700000)]


Current CompileTask:
C2:  35709 7058       4       org.objectweb.asm.ClassReader::readCode (5117 bytes)

Stack: [0x0000007bcf600000,0x0000007bcf700000]
Native frames: (J=compiled Java code, j=interpreted, Vv=VM code, C=native code)
V  [jvm.dll+0x687bb9]
V  [jvm.dll+0x84142a]
V  [jvm.dll+0x8430ae]
V  [jvm.dll+0x843713]
V  [jvm.dll+0x24a35f]
V  [jvm.dll+0xac544]
V  [jvm.dll+0xacb8c]
V  [jvm.dll+0x369be2]
V  [jvm.dll+0x33416a]
V  [jvm.dll+0x33360a]
V  [jvm.dll+0x21bed1]
V  [jvm.dll+0x21b311]
V  [jvm.dll+0x1a63ed]
V  [jvm.dll+0x22b1ee]
V  [jvm.dll+0x229375]
V  [jvm.dll+0x7f5647]
V  [jvm.dll+0x7efa4a]
V  [jvm.dll+0x686a35]
C  [ucrtbase.dll+0x21bb2]
C  [KERNEL32.DLL+0x17374]
C  [ntdll.dll+0x4cc91]


---------------  P R O C E S S  ---------------

Threads class SMR info:
_java_thread_list=0x0000020df18d3e20, length=42, elements={
0x0000020dcf4aa9b0, 0x0000020de8a7c8f0, 0x0000020de8bf24d0, 0x0000020de8a9a3c0,
0x0000020de8a9c000, 0x0000020de8a9cd60, 0x0000020de8c1bd40, 0x0000020de8c1daf0,
0x0000020de8c1e5a0, 0x0000020de8c29780, 0x0000020de8aae830, 0x0000020de8efac40,
0x0000020dedef2460, 0x0000020dedf29250, 0x0000020dedc5c5d0, 0x0000020dedbf0270,
0x0000020dee6b0980, 0x0000020dee8ca670, 0x0000020dee8cd910, 0x0000020dee8cb5a0,
0x0000020dee8cbfc0, 0x0000020dee8cb090, 0x0000020dee8ca160, 0x0000020dee8cab80,
0x0000020dee8cbab0, 0x0000020dee8cc4d0, 0x0000020dee8cc9e0, 0x0000020dee8ccef0,
0x0000020def1d5990, 0x0000020def1d4550, 0x0000020def1d5480, 0x0000020def1d1cd0,
0x0000020def1cef40, 0x0000020def1d3110, 0x0000020def1d0380, 0x0000020def1d4f70,
0x0000020def1d0890, 0x0000020def1d4a60, 0x0000020def1cf450, 0x0000020def1d12b0,
0x0000020def1d21e0, 0x0000020df06e58a0
}

Java Threads: ( => current thread )
  0x0000020dcf4aa9b0 JavaThread "main" [_thread_blocked, id=13340, stack(0x0000007bcc200000,0x0000007bcc300000)]
  0x0000020de8a7c8f0 JavaThread "Reference Handler" daemon [_thread_blocked, id=3096, stack(0x0000007bcc900000,0x0000007bcca00000)]
  0x0000020de8bf24d0 JavaThread "Finalizer" daemon [_thread_blocked, id=13372, stack(0x0000007bcca00000,0x0000007bccb00000)]
  0x0000020de8a9a3c0 JavaThread "Signal Dispatcher" daemon [_thread_blocked, id=13348, stack(0x0000007bccb00000,0x0000007bccc00000)]
  0x0000020de8a9c000 JavaThread "Attach Listener" daemon [_thread_blocked, id=13820, stack(0x0000007bccc00000,0x0000007bccd00000)]
  0x0000020de8a9cd60 JavaThread "Service Thread" daemon [_thread_blocked, id=14088, stack(0x0000007bccd00000,0x0000007bcce00000)]
  0x0000020de8c1bd40 JavaThread "Monitor Deflation Thread" daemon [_thread_blocked, id=14696, stack(0x0000007bcce00000,0x0000007bccf00000)]
  0x0000020de8c1daf0 JavaThread "C2 CompilerThread0" daemon [_thread_in_native, id=17008, stack(0x0000007bccf00000,0x0000007bcd000000)]
  0x0000020de8c1e5a0 JavaThread "C1 CompilerThread0" daemon [_thread_blocked, id=5048, stack(0x0000007bcd000000,0x0000007bcd100000)]
  0x0000020de8c29780 JavaThread "Sweeper thread" daemon [_thread_blocked, id=3456, stack(0x0000007bcd100000,0x0000007bcd200000)]
  0x0000020de8aae830 JavaThread "Common-Cleaner" daemon [_thread_blocked, id=6316, stack(0x0000007bcd200000,0x0000007bcd300000)]
  0x0000020de8efac40 JavaThread "Notification Thread" daemon [_thread_blocked, id=2752, stack(0x0000007bcd300000,0x0000007bcd400000)]
  0x0000020dedef2460 JavaThread "Daemon health stats" [_thread_blocked, id=13644, stack(0x0000007bcd700000,0x0000007bcd800000)]
  0x0000020dedf29250 JavaThread "Incoming local TCP Connector on port 58329" [_thread_in_native, id=18344, stack(0x0000007bcda00000,0x0000007bcdb00000)]
  0x0000020dedc5c5d0 JavaThread "Daemon periodic checks" [_thread_blocked, id=12540, stack(0x0000007bcdb00000,0x0000007bcdc00000)]
  0x0000020dedbf0270 JavaThread "Daemon" [_thread_blocked, id=576, stack(0x0000007bcdc00000,0x0000007bcdd00000)]
  0x0000020dee6b0980 JavaThread "Handler for socket connection from /127.0.0.1:58329 to /127.0.0.1:58330" [_thread_in_native, id=3228, stack(0x0000007bcdd00000,0x0000007bcde00000)]
  0x0000020dee8ca670 JavaThread "Cancel handler" [_thread_blocked, id=13736, stack(0x0000007bcde00000,0x0000007bcdf00000)]
  0x0000020dee8cd910 JavaThread "Daemon worker" [_thread_blocked, id=9452, stack(0x0000007bcdf00000,0x0000007bce000000)]
  0x0000020dee8cb5a0 JavaThread "Asynchronous log dispatcher for DefaultDaemonConnection: socket connection from /127.0.0.1:58329 to /127.0.0.1:58330" [_thread_blocked, id=16676, stack(0x0000007bce000000,0x0000007bce100000)]
  0x0000020dee8cbfc0 JavaThread "Stdin handler" [_thread_blocked, id=18400, stack(0x0000007bce100000,0x0000007bce200000)]
  0x0000020dee8cb090 JavaThread "Daemon client event forwarder" [_thread_blocked, id=12088, stack(0x0000007bce200000,0x0000007bce300000)]
  0x0000020dee8ca160 JavaThread "Cache worker for journal cache (C:\Users\lenovo\.gradle\caches\journal-1)" [_thread_blocked, id=3268, stack(0x0000007bce300000,0x0000007bce400000)]
  0x0000020dee8cab80 JavaThread "File lock request listener" [_thread_in_native, id=12516, stack(0x0000007bce400000,0x0000007bce500000)]
  0x0000020dee8cbab0 JavaThread "Cache worker for file hash cache (C:\Users\lenovo\.gradle\caches\8.10\fileHashes)" [_thread_blocked, id=13396, stack(0x0000007bce500000,0x0000007bce600000)]
  0x0000020dee8cc4d0 JavaThread "Cache worker for file hash cache (C:\Users\lenovo\StudioProjects\GiphySearchApp\.gradle\8.10\fileHashes)" [_thread_blocked, id=108, stack(0x0000007bce600000,0x0000007bce700000)]
  0x0000020dee8cc9e0 JavaThread "Cache worker for Build Output Cleanup Cache (C:\Users\lenovo\StudioProjects\GiphySearchApp\.gradle\buildOutputCleanup)" [_thread_blocked, id=14244, stack(0x0000007bce700000,0x0000007bce800000)]
  0x0000020dee8ccef0 JavaThread "File watcher server" daemon [_thread_in_native, id=2996, stack(0x0000007bce900000,0x0000007bcea00000)]
  0x0000020def1d5990 JavaThread "File watcher consumer" daemon [_thread_blocked, id=15268, stack(0x0000007bcea00000,0x0000007bceb00000)]
  0x0000020def1d4550 JavaThread "jar transforms" [_thread_blocked, id=15820, stack(0x0000007bce800000,0x0000007bce900000)]
  0x0000020def1d5480 JavaThread "jar transforms Thread 2" [_thread_blocked, id=11928, stack(0x0000007bceb00000,0x0000007bcec00000)]
  0x0000020def1d1cd0 JavaThread "jar transforms Thread 3" [_thread_blocked, id=5316, stack(0x0000007bcec00000,0x0000007bced00000)]
  0x0000020def1cef40 JavaThread "jar transforms Thread 4" [_thread_blocked, id=11700, stack(0x0000007bced00000,0x0000007bcee00000)]
  0x0000020def1d3110 JavaThread "Cache worker for checksums cache (C:\Users\lenovo\StudioProjects\GiphySearchApp\.gradle\8.10\checksums)" [_thread_blocked, id=4768, stack(0x0000007bcef00000,0x0000007bcf000000)]
  0x0000020def1d0380 JavaThread "Cache worker for file content cache (C:\Users\lenovo\.gradle\caches\8.10\fileContent)" [_thread_blocked, id=12028, stack(0x0000007bcf000000,0x0000007bcf100000)]
  0x0000020def1d4f70 JavaThread "Cache worker for cache directory md-rule (C:\Users\lenovo\.gradle\caches\8.10\md-rule)" [_thread_blocked, id=6816, stack(0x0000007bcf100000,0x0000007bcf200000)]
  0x0000020def1d0890 JavaThread "Cache worker for cache directory md-supplier (C:\Users\lenovo\.gradle\caches\8.10\md-supplier)" [_thread_blocked, id=15320, stack(0x0000007bcf200000,0x0000007bcf300000)]
  0x0000020def1d4a60 JavaThread "Unconstrained build operations" [_thread_blocked, id=17944, stack(0x0000007bcf300000,0x0000007bcf400000)]
  0x0000020def1cf450 JavaThread "Unconstrained build operations Thread 2" [_thread_blocked, id=11824, stack(0x0000007bcf400000,0x0000007bcf500000)]
  0x0000020def1d12b0 JavaThread "Unconstrained build operations Thread 3" [_thread_in_Java, id=1320, stack(0x0000007bcee00000,0x0000007bcef00000)]
  0x0000020def1d21e0 JavaThread "Unconstrained build operations Thread 4" [_thread_blocked, id=16600, stack(0x0000007bcf500000,0x0000007bcf600000)]
=>0x0000020df06e58a0 JavaThread "C2 CompilerThread1" daemon [_thread_in_native, id=17992, stack(0x0000007bcf600000,0x0000007bcf700000)]

Other Threads:
  0x0000020de8a75af0 VMThread "VM Thread" [stack: 0x0000007bcc800000,0x0000007bcc900000] [id=16788]
  0x0000020dcf4ab970 WatcherThread [stack: 0x0000007bcd400000,0x0000007bcd500000] [id=1592]
  0x0000020dcf503840 GCTaskThread "GC Thread#0" [stack: 0x0000007bcc300000,0x0000007bcc400000] [id=5072]
  0x0000020de8fc3880 GCTaskThread "GC Thread#1" [stack: 0x0000007bcd500000,0x0000007bcd600000] [id=7228]
  0x0000020ded22dca0 GCTaskThread "GC Thread#2" [stack: 0x0000007bcd600000,0x0000007bcd700000] [id=14236]
  0x0000020dedaa8bc0 GCTaskThread "GC Thread#3" [stack: 0x0000007bcd800000,0x0000007bcd900000] [id=2208]
  0x0000020dcf514790 ConcurrentGCThread "G1 Main Marker" [stack: 0x0000007bcc400000,0x0000007bcc500000] [id=10368]
  0x0000020dcf516a30 ConcurrentGCThread "G1 Conc#0" [stack: 0x0000007bcc500000,0x0000007bcc600000] [id=8912]
  0x0000020de88d20b0 ConcurrentGCThread "G1 Refine#0" [stack: 0x0000007bcc600000,0x0000007bcc700000] [id=11404]
  0x0000020dee205060 ConcurrentGCThread "G1 Refine#1" [stack: 0x0000007bcd900000,0x0000007bcda00000] [id=10452]
  0x0000020def4d7060 ConcurrentGCThread "G1 Refine#2" [stack: 0x0000007bcf700000,0x0000007bcf800000] [id=5352]
  0x0000020de88d2ae0 ConcurrentGCThread "G1 Service" [stack: 0x0000007bcc700000,0x0000007bcc800000] [id=2576]

Threads with active compile tasks:
C2 CompilerThread0    35790 7036       4       org.gradle.internal.classpath.generated.InterceptorDeclaration_PropertyUpgradesJvmBytecode_CoreApi::visitMethodInsn (64 bytes)
C2 CompilerThread1    35790 7058       4       org.objectweb.asm.ClassReader::readCode (5117 bytes)

VM state: not at safepoint (normal execution)

VM Mutex/Monitor currently owned by a thread: None

Heap address: 0x0000000080000000, size: 2048 MB, Compressed Oops mode: 32-bit

CDS archive(s) not mapped
Compressed class space mapped at: 0x0000000100000000-0x0000000140000000, reserved size: 1073741824
Narrow klass base: 0x0000000000000000, Narrow klass shift: 3, Narrow klass range: 0x140000000

GC Precious Log:
 CPUs: 4 total, 4 available
 Memory: 7794M
 Large Page Support: Disabled
 NUMA Support: Disabled
 Compressed Oops: Enabled (32-bit)
 Heap Region Size: 1M
 Heap Min Capacity: 8M
 Heap Initial Capacity: 122M
 Heap Max Capacity: 2G
 Pre-touch: Disabled
 Parallel Workers: 4
 Concurrent Workers: 1
 Concurrent Refinement Workers: 4
 Periodic GC: Disabled

Heap:
 garbage-first heap   total 199680K, used 105989K [0x0000000080000000, 0x0000000100000000)
  region size 1024K, 33 young (33792K), 4 survivors (4096K)
 Metaspace       used 60362K, committed 60800K, reserved 1114112K
  class space    used 8197K, committed 8384K, reserved 1048576K

Heap Regions: E=young(eden), S=young(survivor), O=old, HS=humongous(starts), HC=humongous(continues), CS=collection set, F=free, OA=open archive, CA=closed archive, TAMS=top-at-mark-start (previous, next)
|   0|0x0000000080000000, 0x0000000080100000, 0x0000000080100000|100%|HS|  |TAMS 0x0000000080100000, 0x0000000080000000| Complete 
|   1|0x0000000080100000, 0x0000000080200000, 0x0000000080200000|100%|HC|  |TAMS 0x0000000080200000, 0x0000000080100000| Complete 
|   2|0x0000000080200000, 0x0000000080300000, 0x0000000080300000|100%|HC|  |TAMS 0x0000000080300000, 0x0000000080200000| Complete 
|   3|0x0000000080300000, 0x0000000080400000, 0x0000000080400000|100%|HC|  |TAMS 0x0000000080400000, 0x0000000080300000| Complete 
|   4|0x0000000080400000, 0x0000000080500000, 0x0000000080500000|100%| O|  |TAMS 0x0000000080500000, 0x0000000080400000| Untracked 
|   5|0x0000000080500000, 0x0000000080600000, 0x0000000080600000|100%| O|  |TAMS 0x0000000080600000, 0x0000000080500000| Untracked 
|   6|0x0000000080600000, 0x0000000080700000, 0x0000000080700000|100%| O|  |TAMS 0x0000000080700000, 0x0000000080600000| Untracked 
|   7|0x0000000080700000, 0x0000000080800000, 0x0000000080800000|100%| O|  |TAMS 0x0000000080800000, 0x0000000080700000| Untracked 
|   8|0x0000000080800000, 0x0000000080900000, 0x0000000080900000|100%|HS|  |TAMS 0x0000000080900000, 0x0000000080800000| Complete 
|   9|0x0000000080900000, 0x0000000080a00000, 0x0000000080a00000|100%| O|  |TAMS 0x0000000080a00000, 0x0000000080900000| Untracked 
|  10|0x0000000080a00000, 0x0000000080b00000, 0x0000000080b00000|100%| O|  |TAMS 0x0000000080b00000, 0x0000000080a00000| Untracked 
|  11|0x0000000080b00000, 0x0000000080c00000, 0x0000000080c00000|100%| O|  |TAMS 0x0000000080c00000, 0x0000000080b00000| Untracked 
|  12|0x0000000080c00000, 0x0000000080d00000, 0x0000000080d00000|100%| O|  |TAMS 0x0000000080d00000, 0x0000000080c00000| Untracked 
|  13|0x0000000080d00000, 0x0000000080e00000, 0x0000000080e00000|100%| O|  |TAMS 0x0000000080e00000, 0x0000000080d00000| Untracked 
|  14|0x0000000080e00000, 0x0000000080f00000, 0x0000000080f00000|100%| O|  |TAMS 0x0000000080f00000, 0x0000000080e00000| Untracked 
|  15|0x0000000080f00000, 0x0000000081000000, 0x0000000081000000|100%| O|  |TAMS 0x0000000081000000, 0x0000000080f00000| Untracked 
|  16|0x0000000081000000, 0x0000000081100000, 0x0000000081100000|100%| O|  |TAMS 0x0000000081100000, 0x0000000081000000| Untracked 
|  17|0x0000000081100000, 0x0000000081200000, 0x0000000081200000|100%|HS|  |TAMS 0x0000000081200000, 0x0000000081100000| Complete 
|  18|0x0000000081200000, 0x0000000081300000, 0x0000000081300000|100%| O|  |TAMS 0x0000000081300000, 0x0000000081200000| Untracked 
|  19|0x0000000081300000, 0x0000000081400000, 0x0000000081400000|100%| O|  |TAMS 0x0000000081400000, 0x0000000081300000| Untracked 
|  20|0x0000000081400000, 0x0000000081500000, 0x0000000081500000|100%| O|  |TAMS 0x0000000081500000, 0x0000000081400000| Untracked 
|  21|0x0000000081500000, 0x0000000081600000, 0x0000000081600000|100%| O|  |TAMS 0x0000000081600000, 0x0000000081500000| Untracked 
|  22|0x0000000081600000, 0x0000000081700000, 0x0000000081700000|100%| O|  |TAMS 0x0000000081700000, 0x0000000081600000| Untracked 
|  23|0x0000000081700000, 0x0000000081800000, 0x0000000081800000|100%|HS|  |TAMS 0x0000000081800000, 0x0000000081700000| Complete 
|  24|0x0000000081800000, 0x0000000081900000, 0x0000000081900000|100%|HC|  |TAMS 0x0000000081900000, 0x0000000081800000| Complete 
|  25|0x0000000081900000, 0x0000000081a00000, 0x0000000081a00000|100%|HC|  |TAMS 0x0000000081a00000, 0x0000000081900000| Complete 
|  26|0x0000000081a00000, 0x0000000081b00000, 0x0000000081b00000|100%|HC|  |TAMS 0x0000000081b00000, 0x0000000081a00000| Complete 
|  27|0x0000000081b00000, 0x0000000081c00000, 0x0000000081c00000|100%|HC|  |TAMS 0x0000000081c00000, 0x0000000081b00000| Complete 
|  28|0x0000000081c00000, 0x0000000081d00000, 0x0000000081d00000|100%|HS|  |TAMS 0x0000000081d00000, 0x0000000081c00000| Complete 
|  29|0x0000000081d00000, 0x0000000081e00000, 0x0000000081e00000|100%|HC|  |TAMS 0x0000000081e00000, 0x0000000081d00000| Complete 
|  30|0x0000000081e00000, 0x0000000081f00000, 0x0000000081f00000|100%|HC|  |TAMS 0x0000000081f00000, 0x0000000081e00000| Complete 
|  31|0x0000000081f00000, 0x0000000082000000, 0x0000000082000000|100%|HS|  |TAMS 0x0000000082000000, 0x0000000081f00000| Complete 
|  32|0x0000000082000000, 0x0000000082100000, 0x0000000082100000|100%|HC|  |TAMS 0x0000000082100000, 0x0000000082000000| Complete 
|  33|0x0000000082100000, 0x0000000082200000, 0x0000000082200000|100%|HC|  |TAMS 0x0000000082200000, 0x0000000082100000| Complete 
|  34|0x0000000082200000, 0x0000000082300000, 0x0000000082300000|100%| O|  |TAMS 0x0000000082300000, 0x0000000082200000| Untracked 
|  35|0x0000000082300000, 0x0000000082400000, 0x0000000082400000|100%| O|  |TAMS 0x0000000082400000, 0x0000000082300000| Untracked 
|  36|0x0000000082400000, 0x0000000082500000, 0x0000000082500000|100%| O|  |TAMS 0x0000000082500000, 0x0000000082400000| Untracked 
|  37|0x0000000082500000, 0x0000000082600000, 0x0000000082600000|100%| O|  |TAMS 0x0000000082600000, 0x0000000082500000| Untracked 
|  38|0x0000000082600000, 0x0000000082700000, 0x0000000082700000|100%| O|  |TAMS 0x0000000082700000, 0x0000000082600000| Untracked 
|  39|0x0000000082700000, 0x0000000082800000, 0x0000000082800000|100%| O|  |TAMS 0x0000000082800000, 0x0000000082700000| Untracked 
|  40|0x0000000082800000, 0x0000000082900000, 0x0000000082900000|100%| O|  |TAMS 0x0000000082900000, 0x0000000082800000| Untracked 
|  41|0x0000000082900000, 0x0000000082a00000, 0x0000000082a00000|100%| O|  |TAMS 0x0000000082a00000, 0x0000000082900000| Untracked 
|  42|0x0000000082a00000, 0x0000000082b00000, 0x0000000082b00000|100%| O|  |TAMS 0x0000000082b00000, 0x0000000082a00000| Untracked 
|  43|0x0000000082b00000, 0x0000000082c00000, 0x0000000082c00000|100%| O|  |TAMS 0x0000000082c00000, 0x0000000082b00000| Untracked 
|  44|0x0000000082c00000, 0x0000000082d00000, 0x0000000082d00000|100%| O|  |TAMS 0x0000000082d00000, 0x0000000082c00000| Untracked 
|  45|0x0000000082d00000, 0x0000000082e00000, 0x0000000082e00000|100%| O|  |TAMS 0x0000000082e00000, 0x0000000082d00000| Untracked 
|  46|0x0000000082e00000, 0x0000000082f00000, 0x0000000082f00000|100%| O|  |TAMS 0x0000000082f00000, 0x0000000082e00000| Untracked 
|  47|0x0000000082f00000, 0x0000000083000000, 0x0000000083000000|100%| O|  |TAMS 0x0000000083000000, 0x0000000082f00000| Untracked 
|  48|0x0000000083000000, 0x0000000083100000, 0x0000000083100000|100%| O|  |TAMS 0x0000000083100000, 0x0000000083000000| Untracked 
|  49|0x0000000083100000, 0x0000000083200000, 0x0000000083200000|100%| O|  |TAMS 0x0000000083200000, 0x0000000083100000| Untracked 
|  50|0x0000000083200000, 0x0000000083300000, 0x0000000083300000|100%| O|  |TAMS 0x0000000083300000, 0x0000000083200000| Untracked 
|  51|0x0000000083300000, 0x0000000083400000, 0x0000000083400000|100%| O|  |TAMS 0x0000000083400000, 0x0000000083300000| Untracked 
|  52|0x0000000083400000, 0x0000000083500000, 0x0000000083500000|100%| O|  |TAMS 0x0000000083500000, 0x0000000083400000| Untracked 
|  53|0x0000000083500000, 0x0000000083600000, 0x0000000083600000|100%| O|  |TAMS 0x0000000083600000, 0x0000000083500000| Untracked 
|  54|0x0000000083600000, 0x0000000083700000, 0x0000000083700000|100%| O|  |TAMS 0x0000000083700000, 0x0000000083600000| Untracked 
|  55|0x0000000083700000, 0x0000000083800000, 0x0000000083800000|100%| O|  |TAMS 0x0000000083800000, 0x0000000083700000| Untracked 
|  56|0x0000000083800000, 0x0000000083900000, 0x0000000083900000|100%| O|  |TAMS 0x0000000083900000, 0x0000000083800000| Untracked 
|  57|0x0000000083900000, 0x0000000083a00000, 0x0000000083a00000|100%| O|  |TAMS 0x0000000083a00000, 0x0000000083900000| Untracked 
|  58|0x0000000083a00000, 0x0000000083b00000, 0x0000000083b00000|100%| O|  |TAMS 0x0000000083b00000, 0x0000000083a00000| Untracked 
|  59|0x0000000083b00000, 0x0000000083c00000, 0x0000000083c00000|100%| O|  |TAMS 0x0000000083c00000, 0x0000000083b00000| Untracked 
|  60|0x0000000083c00000, 0x0000000083d00000, 0x0000000083d00000|100%|HS|  |TAMS 0x0000000083d00000, 0x0000000083c00000| Complete 
|  61|0x0000000083d00000, 0x0000000083e00000, 0x0000000083e00000|100%|HC|  |TAMS 0x0000000083e00000, 0x0000000083d00000| Complete 
|  62|0x0000000083e00000, 0x0000000083f00000, 0x0000000083f00000|100%|HC|  |TAMS 0x0000000083f00000, 0x0000000083e00000| Complete 
|  63|0x0000000083f00000, 0x0000000083f00000, 0x0000000084000000|  0%| F|  |TAMS 0x0000000083f00000, 0x0000000083f00000| Untracked 
|  64|0x0000000084000000, 0x0000000084000000, 0x0000000084100000|  0%| F|  |TAMS 0x0000000084000000, 0x0000000084000000| Untracked 
|  65|0x0000000084100000, 0x0000000084200000, 0x0000000084200000|100%| O|  |TAMS 0x0000000084200000, 0x0000000084100000| Untracked 
|  66|0x0000000084200000, 0x0000000084300000, 0x0000000084300000|100%| O|  |TAMS 0x0000000084300000, 0x0000000084200000| Untracked 
|  67|0x0000000084300000, 0x0000000084400000, 0x0000000084400000|100%| O|  |TAMS 0x0000000084400000, 0x0000000084300000| Untracked 
|  68|0x0000000084400000, 0x0000000084500000, 0x0000000084500000|100%| O|  |TAMS 0x0000000084500000, 0x0000000084400000| Untracked 
|  69|0x0000000084500000, 0x0000000084600000, 0x0000000084600000|100%| O|  |TAMS 0x0000000084600000, 0x0000000084500000| Untracked 
|  70|0x0000000084600000, 0x0000000084700000, 0x0000000084700000|100%| O|  |TAMS 0x0000000084700000, 0x0000000084600000| Untracked 
|  71|0x0000000084700000, 0x0000000084800000, 0x0000000084800000|100%| O|  |TAMS 0x0000000084800000, 0x0000000084700000| Untracked 
|  72|0x0000000084800000, 0x0000000084900000, 0x0000000084900000|100%| O|  |TAMS 0x0000000084900000, 0x0000000084800000| Untracked 
|  73|0x0000000084900000, 0x0000000084a00000, 0x0000000084a00000|100%| O|  |TAMS 0x0000000084a00000, 0x0000000084900000| Untracked 
|  74|0x0000000084a00000, 0x0000000084a3ae00, 0x0000000084b00000| 22%| O|  |TAMS 0x0000000084a3ae00, 0x0000000084a00000| Untracked 
|  75|0x0000000084b00000, 0x0000000084b00000, 0x0000000084c00000|  0%| F|  |TAMS 0x0000000084b00000, 0x0000000084b00000| Untracked 
|  76|0x0000000084c00000, 0x0000000084c00000, 0x0000000084d00000|  0%| F|  |TAMS 0x0000000084c00000, 0x0000000084c00000| Untracked 
|  77|0x0000000084d00000, 0x0000000084d00000, 0x0000000084e00000|  0%| F|  |TAMS 0x0000000084d00000, 0x0000000084d00000| Untracked 
|  78|0x0000000084e00000, 0x0000000084e00000, 0x0000000084f00000|  0%| F|  |TAMS 0x0000000084e00000, 0x0000000084e00000| Untracked 
|  79|0x0000000084f00000, 0x0000000084f00000, 0x0000000085000000|  0%| F|  |TAMS 0x0000000084f00000, 0x0000000084f00000| Untracked 
|  80|0x0000000085000000, 0x0000000085000000, 0x0000000085100000|  0%| F|  |TAMS 0x0000000085000000, 0x0000000085000000| Untracked 
|  81|0x0000000085100000, 0x0000000085100000, 0x0000000085200000|  0%| F|  |TAMS 0x0000000085100000, 0x0000000085100000| Untracked 
|  82|0x0000000085200000, 0x0000000085200000, 0x0000000085300000|  0%| F|  |TAMS 0x0000000085200000, 0x0000000085200000| Untracked 
|  83|0x0000000085300000, 0x0000000085300000, 0x0000000085400000|  0%| F|  |TAMS 0x0000000085300000, 0x0000000085300000| Untracked 
|  84|0x0000000085400000, 0x0000000085400000, 0x0000000085500000|  0%| F|  |TAMS 0x0000000085400000, 0x0000000085400000| Untracked 
|  85|0x0000000085500000, 0x0000000085500000, 0x0000000085600000|  0%| F|  |TAMS 0x0000000085500000, 0x0000000085500000| Untracked 
|  86|0x0000000085600000, 0x0000000085600000, 0x0000000085700000|  0%| F|  |TAMS 0x0000000085600000, 0x0000000085600000| Untracked 
|  87|0x0000000085700000, 0x0000000085700000, 0x0000000085800000|  0%| F|  |TAMS 0x0000000085700000, 0x0000000085700000| Untracked 
|  88|0x0000000085800000, 0x0000000085800000, 0x0000000085900000|  0%| F|  |TAMS 0x0000000085800000, 0x0000000085800000| Untracked 
|  89|0x0000000085900000, 0x0000000085900000, 0x0000000085a00000|  0%| F|  |TAMS 0x0000000085900000, 0x0000000085900000| Untracked 
|  90|0x0000000085a00000, 0x0000000085a00000, 0x0000000085b00000|  0%| F|  |TAMS 0x0000000085a00000, 0x0000000085a00000| Untracked 
|  91|0x0000000085b00000, 0x0000000085b00000, 0x0000000085c00000|  0%| F|  |TAMS 0x0000000085b00000, 0x0000000085b00000| Untracked 
|  92|0x0000000085c00000, 0x0000000085c00000, 0x0000000085d00000|  0%| F|  |TAMS 0x0000000085c00000, 0x0000000085c00000| Untracked 
|  93|0x0000000085d00000, 0x0000000085d00000, 0x0000000085e00000|  0%| F|  |TAMS 0x0000000085d00000, 0x0000000085d00000| Untracked 
|  94|0x0000000085e00000, 0x0000000085e00000, 0x0000000085f00000|  0%| F|  |TAMS 0x0000000085e00000, 0x0000000085e00000| Untracked 
|  95|0x0000000085f00000, 0x0000000085f00000, 0x0000000086000000|  0%| F|  |TAMS 0x0000000085f00000, 0x0000000085f00000| Untracked 
|  96|0x0000000086000000, 0x0000000086000000, 0x0000000086100000|  0%| F|  |TAMS 0x0000000086000000, 0x0000000086000000| Untracked 
|  97|0x0000000086100000, 0x0000000086100000, 0x0000000086200000|  0%| F|  |TAMS 0x0000000086100000, 0x0000000086100000| Untracked 
|  98|0x0000000086200000, 0x0000000086200000, 0x0000000086300000|  0%| F|  |TAMS 0x0000000086200000, 0x0000000086200000| Untracked 
|  99|0x0000000086300000, 0x0000000086346998, 0x0000000086400000| 27%| S|CS|TAMS 0x0000000086300000, 0x0000000086300000| Complete 
| 100|0x0000000086400000, 0x0000000086500000, 0x0000000086500000|100%| S|CS|TAMS 0x0000000086400000, 0x0000000086400000| Complete 
| 101|0x0000000086500000, 0x0000000086600000, 0x0000000086600000|100%| S|CS|TAMS 0x0000000086500000, 0x0000000086500000| Complete 
| 102|0x0000000086600000, 0x0000000086600000, 0x0000000086700000|  0%| F|  |TAMS 0x0000000086600000, 0x0000000086600000| Untracked 
| 103|0x0000000086700000, 0x0000000086700000, 0x0000000086800000|  0%| F|  |TAMS 0x0000000086700000, 0x0000000086700000| Untracked 
| 104|0x0000000086800000, 0x0000000086800000, 0x0000000086900000|  0%| F|  |TAMS 0x0000000086800000, 0x0000000086800000| Untracked 
| 105|0x0000000086900000, 0x0000000086a00000, 0x0000000086a00000|100%| S|CS|TAMS 0x0000000086900000, 0x0000000086900000| Complete 
| 106|0x0000000086a00000, 0x0000000086a00000, 0x0000000086b00000|  0%| F|  |TAMS 0x0000000086a00000, 0x0000000086a00000| Untracked 
| 107|0x0000000086b00000, 0x0000000086b00000, 0x0000000086c00000|  0%| F|  |TAMS 0x0000000086b00000, 0x0000000086b00000| Untracked 
| 108|0x0000000086c00000, 0x0000000086c00000, 0x0000000086d00000|  0%| F|  |TAMS 0x0000000086c00000, 0x0000000086c00000| Untracked 
| 109|0x0000000086d00000, 0x0000000086d00000, 0x0000000086e00000|  0%| F|  |TAMS 0x0000000086d00000, 0x0000000086d00000| Untracked 
| 110|0x0000000086e00000, 0x0000000086e00000, 0x0000000086f00000|  0%| F|  |TAMS 0x0000000086e00000, 0x0000000086e00000| Untracked 
| 111|0x0000000086f00000, 0x0000000086f00000, 0x0000000087000000|  0%| F|  |TAMS 0x0000000086f00000, 0x0000000086f00000| Untracked 
| 112|0x0000000087000000, 0x0000000087000000, 0x0000000087100000|  0%| F|  |TAMS 0x0000000087000000, 0x0000000087000000| Untracked 
| 113|0x0000000087100000, 0x0000000087100000, 0x0000000087200000|  0%| F|  |TAMS 0x0000000087100000, 0x0000000087100000| Untracked 
| 114|0x0000000087200000, 0x0000000087200000, 0x0000000087300000|  0%| F|  |TAMS 0x0000000087200000, 0x0000000087200000| Untracked 
| 115|0x0000000087300000, 0x0000000087300000, 0x0000000087400000|  0%| F|  |TAMS 0x0000000087300000, 0x0000000087300000| Untracked 
| 116|0x0000000087400000, 0x0000000087400000, 0x0000000087500000|  0%| F|  |TAMS 0x0000000087400000, 0x0000000087400000| Untracked 
| 117|0x0000000087500000, 0x0000000087500000, 0x0000000087600000|  0%| F|  |TAMS 0x0000000087500000, 0x0000000087500000| Untracked 
| 118|0x0000000087600000, 0x0000000087600000, 0x0000000087700000|  0%| F|  |TAMS 0x0000000087600000, 0x0000000087600000| Untracked 
| 119|0x0000000087700000, 0x0000000087700000, 0x0000000087800000|  0%| F|  |TAMS 0x0000000087700000, 0x0000000087700000| Untracked 
| 120|0x0000000087800000, 0x0000000087800000, 0x0000000087900000|  0%| F|  |TAMS 0x0000000087800000, 0x0000000087800000| Untracked 
| 121|0x0000000087900000, 0x0000000087900000, 0x0000000087a00000|  0%| F|  |TAMS 0x0000000087900000, 0x0000000087900000| Untracked 
| 122|0x0000000087a00000, 0x0000000087a00000, 0x0000000087b00000|  0%| F|  |TAMS 0x0000000087a00000, 0x0000000087a00000| Untracked 
| 123|0x0000000087b00000, 0x0000000087b00000, 0x0000000087c00000|  0%| F|  |TAMS 0x0000000087b00000, 0x0000000087b00000| Untracked 
| 124|0x0000000087c00000, 0x0000000087c00000, 0x0000000087d00000|  0%| F|  |TAMS 0x0000000087c00000, 0x0000000087c00000| Untracked 
| 125|0x0000000087d00000, 0x0000000087d00000, 0x0000000087e00000|  0%| F|  |TAMS 0x0000000087d00000, 0x0000000087d00000| Untracked 
| 126|0x0000000087e00000, 0x0000000087e00000, 0x0000000087f00000|  0%| F|  |TAMS 0x0000000087e00000, 0x0000000087e00000| Untracked 
| 127|0x0000000087f00000, 0x0000000087f00000, 0x0000000088000000|  0%| F|  |TAMS 0x0000000087f00000, 0x0000000087f00000| Untracked 
| 128|0x0000000088000000, 0x0000000088000000, 0x0000000088100000|  0%| F|  |TAMS 0x0000000088000000, 0x0000000088000000| Untracked 
| 129|0x0000000088100000, 0x0000000088100000, 0x0000000088200000|  0%| F|  |TAMS 0x0000000088100000, 0x0000000088100000| Untracked 
| 130|0x0000000088200000, 0x0000000088200000, 0x0000000088300000|  0%| F|  |TAMS 0x0000000088200000, 0x0000000088200000| Untracked 
| 131|0x0000000088300000, 0x0000000088300000, 0x0000000088400000|  0%| F|  |TAMS 0x0000000088300000, 0x0000000088300000| Untracked 
| 132|0x0000000088400000, 0x0000000088400000, 0x0000000088500000|  0%| F|  |TAMS 0x0000000088400000, 0x0000000088400000| Untracked 
| 133|0x0000000088500000, 0x0000000088500000, 0x0000000088600000|  0%| F|  |TAMS 0x0000000088500000, 0x0000000088500000| Untracked 
| 134|0x0000000088600000, 0x0000000088600000, 0x0000000088700000|  0%| F|  |TAMS 0x0000000088600000, 0x0000000088600000| Untracked 
| 135|0x0000000088700000, 0x0000000088700000, 0x0000000088800000|  0%| F|  |TAMS 0x0000000088700000, 0x0000000088700000| Untracked 
| 136|0x0000000088800000, 0x0000000088800000, 0x0000000088900000|  0%| F|  |TAMS 0x0000000088800000, 0x0000000088800000| Untracked 
| 137|0x0000000088900000, 0x0000000088900000, 0x0000000088a00000|  0%| F|  |TAMS 0x0000000088900000, 0x0000000088900000| Untracked 
| 138|0x0000000088a00000, 0x0000000088a00000, 0x0000000088b00000|  0%| F|  |TAMS 0x0000000088a00000, 0x0000000088a00000| Untracked 
| 139|0x0000000088b00000, 0x0000000088b00000, 0x0000000088c00000|  0%| F|  |TAMS 0x0000000088b00000, 0x0000000088b00000| Untracked 
| 140|0x0000000088c00000, 0x0000000088c00000, 0x0000000088d00000|  0%| F|  |TAMS 0x0000000088c00000, 0x0000000088c00000| Untracked 
| 141|0x0000000088d00000, 0x0000000088d00000, 0x0000000088e00000|  0%| F|  |TAMS 0x0000000088d00000, 0x0000000088d00000| Untracked 
| 142|0x0000000088e00000, 0x0000000088e00000, 0x0000000088f00000|  0%| F|  |TAMS 0x0000000088e00000, 0x0000000088e00000| Untracked 
| 143|0x0000000088f00000, 0x0000000088f00000, 0x0000000089000000|  0%| F|  |TAMS 0x0000000088f00000, 0x0000000088f00000| Untracked 
| 144|0x0000000089000000, 0x0000000089000000, 0x0000000089100000|  0%| F|  |TAMS 0x0000000089000000, 0x0000000089000000| Untracked 
| 145|0x0000000089100000, 0x0000000089100000, 0x0000000089200000|  0%| F|  |TAMS 0x0000000089100000, 0x0000000089100000| Untracked 
| 146|0x0000000089200000, 0x0000000089200000, 0x0000000089300000|  0%| F|  |TAMS 0x0000000089200000, 0x0000000089200000| Untracked 
| 147|0x0000000089300000, 0x0000000089300000, 0x0000000089400000|  0%| F|  |TAMS 0x0000000089300000, 0x0000000089300000| Untracked 
| 148|0x0000000089400000, 0x0000000089400000, 0x0000000089500000|  0%| F|  |TAMS 0x0000000089400000, 0x0000000089400000| Untracked 
| 149|0x0000000089500000, 0x0000000089500000, 0x0000000089600000|  0%| F|  |TAMS 0x0000000089500000, 0x0000000089500000| Untracked 
| 150|0x0000000089600000, 0x0000000089600000, 0x0000000089700000|  0%| F|  |TAMS 0x0000000089600000, 0x0000000089600000| Untracked 
| 151|0x0000000089700000, 0x0000000089700000, 0x0000000089800000|  0%| F|  |TAMS 0x0000000089700000, 0x0000000089700000| Untracked 
| 152|0x0000000089800000, 0x0000000089800000, 0x0000000089900000|  0%| F|  |TAMS 0x0000000089800000, 0x0000000089800000| Untracked 
| 153|0x0000000089900000, 0x0000000089900000, 0x0000000089a00000|  0%| F|  |TAMS 0x0000000089900000, 0x0000000089900000| Untracked 
| 154|0x0000000089a00000, 0x0000000089a00000, 0x0000000089b00000|  0%| F|  |TAMS 0x0000000089a00000, 0x0000000089a00000| Untracked 
| 155|0x0000000089b00000, 0x0000000089b00000, 0x0000000089c00000|  0%| F|  |TAMS 0x0000000089b00000, 0x0000000089b00000| Untracked 
| 156|0x0000000089c00000, 0x0000000089c00000, 0x0000000089d00000|  0%| F|  |TAMS 0x0000000089c00000, 0x0000000089c00000| Untracked 
| 157|0x0000000089d00000, 0x0000000089d00000, 0x0000000089e00000|  0%| F|  |TAMS 0x0000000089d00000, 0x0000000089d00000| Untracked 
| 158|0x0000000089e00000, 0x0000000089e00000, 0x0000000089f00000|  0%| F|  |TAMS 0x0000000089e00000, 0x0000000089e00000| Untracked 
| 159|0x0000000089f00000, 0x0000000089f00000, 0x000000008a000000|  0%| F|  |TAMS 0x0000000089f00000, 0x0000000089f00000| Untracked 
| 160|0x000000008a000000, 0x000000008a000000, 0x000000008a100000|  0%| F|  |TAMS 0x000000008a000000, 0x000000008a000000| Untracked 
| 161|0x000000008a100000, 0x000000008a100000, 0x000000008a200000|  0%| F|  |TAMS 0x000000008a100000, 0x000000008a100000| Untracked 
| 162|0x000000008a200000, 0x000000008a200000, 0x000000008a300000|  0%| F|  |TAMS 0x000000008a200000, 0x000000008a200000| Untracked 
| 163|0x000000008a300000, 0x000000008a300000, 0x000000008a400000|  0%| F|  |TAMS 0x000000008a300000, 0x000000008a300000| Untracked 
| 164|0x000000008a400000, 0x000000008a400000, 0x000000008a500000|  0%| F|  |TAMS 0x000000008a400000, 0x000000008a400000| Untracked 
| 165|0x000000008a500000, 0x000000008a580800, 0x000000008a600000| 50%| E|  |TAMS 0x000000008a500000, 0x000000008a500000| Complete 
| 166|0x000000008a600000, 0x000000008a700000, 0x000000008a700000|100%| E|CS|TAMS 0x000000008a600000, 0x000000008a600000| Complete 
| 167|0x000000008a700000, 0x000000008a800000, 0x000000008a800000|100%| E|CS|TAMS 0x000000008a700000, 0x000000008a700000| Complete 
| 168|0x000000008a800000, 0x000000008a900000, 0x000000008a900000|100%| E|CS|TAMS 0x000000008a800000, 0x000000008a800000| Complete 
| 169|0x000000008a900000, 0x000000008aa00000, 0x000000008aa00000|100%| E|CS|TAMS 0x000000008a900000, 0x000000008a900000| Complete 
| 170|0x000000008aa00000, 0x000000008ab00000, 0x000000008ab00000|100%| E|CS|TAMS 0x000000008aa00000, 0x000000008aa00000| Complete 
| 171|0x000000008ab00000, 0x000000008ac00000, 0x000000008ac00000|100%| E|CS|TAMS 0x000000008ab00000, 0x000000008ab00000| Complete 
| 172|0x000000008ac00000, 0x000000008ad00000, 0x000000008ad00000|100%| E|CS|TAMS 0x000000008ac00000, 0x000000008ac00000| Complete 
| 173|0x000000008ad00000, 0x000000008ae00000, 0x000000008ae00000|100%| E|CS|TAMS 0x000000008ad00000, 0x000000008ad00000| Complete 
| 174|0x000000008ae00000, 0x000000008af00000, 0x000000008af00000|100%| E|CS|TAMS 0x000000008ae00000, 0x000000008ae00000| Complete 
| 175|0x000000008af00000, 0x000000008b000000, 0x000000008b000000|100%| E|CS|TAMS 0x000000008af00000, 0x000000008af00000| Complete 
| 176|0x000000008b000000, 0x000000008b100000, 0x000000008b100000|100%| E|CS|TAMS 0x000000008b000000, 0x000000008b000000| Complete 
| 177|0x000000008b100000, 0x000000008b200000, 0x000000008b200000|100%| E|CS|TAMS 0x000000008b100000, 0x000000008b100000| Complete 
| 178|0x000000008b200000, 0x000000008b300000, 0x000000008b300000|100%| E|CS|TAMS 0x000000008b200000, 0x000000008b200000| Complete 
| 179|0x000000008b300000, 0x000000008b400000, 0x000000008b400000|100%| E|CS|TAMS 0x000000008b300000, 0x000000008b300000| Complete 
| 180|0x000000008b400000, 0x000000008b500000, 0x000000008b500000|100%| E|CS|TAMS 0x000000008b400000, 0x000000008b400000| Complete 
| 181|0x000000008b500000, 0x000000008b600000, 0x000000008b600000|100%| E|CS|TAMS 0x000000008b500000, 0x000000008b500000| Complete 
| 182|0x000000008b600000, 0x000000008b700000, 0x000000008b700000|100%| E|CS|TAMS 0x000000008b600000, 0x000000008b600000| Complete 
| 183|0x000000008b700000, 0x000000008b800000, 0x000000008b800000|100%| E|CS|TAMS 0x000000008b700000, 0x000000008b700000| Complete 
| 184|0x000000008b800000, 0x000000008b900000, 0x000000008b900000|100%| E|CS|TAMS 0x000000008b800000, 0x000000008b800000| Complete 
| 185|0x000000008b900000, 0x000000008ba00000, 0x000000008ba00000|100%| E|CS|TAMS 0x000000008b900000, 0x000000008b900000| Complete 
| 186|0x000000008ba00000, 0x000000008bb00000, 0x000000008bb00000|100%| E|CS|TAMS 0x000000008ba00000, 0x000000008ba00000| Complete 
| 187|0x000000008bb00000, 0x000000008bc00000, 0x000000008bc00000|100%| E|CS|TAMS 0x000000008bb00000, 0x000000008bb00000| Complete 
| 188|0x000000008bc00000, 0x000000008bd00000, 0x000000008bd00000|100%| E|CS|TAMS 0x000000008bc00000, 0x000000008bc00000| Complete 
| 189|0x000000008bd00000, 0x000000008be00000, 0x000000008be00000|100%| E|CS|TAMS 0x000000008bd00000, 0x000000008bd00000| Complete 
| 190|0x000000008be00000, 0x000000008bf00000, 0x000000008bf00000|100%| E|CS|TAMS 0x000000008be00000, 0x000000008be00000| Complete 
| 191|0x000000008bf00000, 0x000000008c000000, 0x000000008c000000|100%| E|CS|TAMS 0x000000008bf00000, 0x000000008bf00000| Complete 
| 192|0x000000008c000000, 0x000000008c100000, 0x000000008c100000|100%| E|CS|TAMS 0x000000008c000000, 0x000000008c000000| Complete 
| 193|0x000000008c100000, 0x000000008c200000, 0x000000008c200000|100%| E|CS|TAMS 0x000000008c100000, 0x000000008c100000| Complete 
| 194|0x000000008c200000, 0x000000008c300000, 0x000000008c300000|100%| E|CS|TAMS 0x000000008c200000, 0x000000008c200000| Complete 

Card table byte_map: [0x0000020de1d80000,0x0000020de2180000] _byte_map_base: 0x0000020de1980000

Marking Bits (Prev, Next): (CMBitMap*) 0x0000020dcf503ea0, (CMBitMap*) 0x0000020dcf503e60
 Prev Bits: [0x0000020de4580000, 0x0000020de6580000)
 Next Bits: [0x0000020de2580000, 0x0000020de4580000)

Polling page: 0x0000020dcd3f0000

Metaspace:

Usage:
  Non-class:     50.94 MB used.
      Class:      8.00 MB used.
       Both:     58.95 MB used.

Virtual space:
  Non-class space:       64.00 MB reserved,      51.19 MB ( 80%) committed,  1 nodes.
      Class space:        1.00 GB reserved,       8.19 MB ( <1%) committed,  1 nodes.
             Both:        1.06 GB reserved,      59.38 MB (  5%) committed. 

Chunk freelists:
   Non-Class:  12.21 MB
       Class:  7.63 MB
        Both:  19.84 MB

MaxMetaspaceSize: unlimited
CompressedClassSpaceSize: 1.00 GB
Initial GC threshold: 21.00 MB
Current GC threshold: 99.00 MB
CDS: off
MetaspaceReclaimPolicy: balanced
 - commit_granule_bytes: 65536.
 - commit_granule_words: 8192.
 - virtual_space_node_default_size: 8388608.
 - enlarge_chunks_in_place: 1.
 - new_chunks_are_fully_committed: 0.
 - uncommit_free_chunks: 1.
 - use_allocation_guard: 0.
 - handle_deallocations: 1.


Internal statistics:

num_allocs_failed_limit: 6.
num_arena_births: 610.
num_arena_deaths: 4.
num_vsnodes_births: 2.
num_vsnodes_deaths: 0.
num_space_committed: 950.
num_space_uncommitted: 0.
num_chunks_returned_to_freelist: 13.
num_chunks_taken_from_freelist: 2639.
num_chunk_merges: 6.
num_chunk_splits: 1741.
num_chunks_enlarged: 1197.
num_inconsistent_stats: 0.

CodeHeap 'non-profiled nmethods': size=120000Kb used=4626Kb max_used=4626Kb free=115373Kb
 bounds [0x0000020dda450000, 0x0000020dda8e0000, 0x0000020de1980000]
CodeHeap 'profiled nmethods': size=120000Kb used=12227Kb max_used=12227Kb free=107772Kb
 bounds [0x0000020dd2980000, 0x0000020dd3580000, 0x0000020dd9eb0000]
CodeHeap 'non-nmethods': size=5760Kb used=2326Kb max_used=2421Kb free=3433Kb
 bounds [0x0000020dd9eb0000, 0x0000020dda120000, 0x0000020dda450000]
 total_blobs=7119 nmethods=6272 adapters=759
 compilation: enabled
              stopped_count=0, restarted_count=0
 full_count=0

Compilation events (20 events):
Event: 35.536 Thread 0x0000020de8c1daf0 nmethod 7012 0x0000020dda8c2790 code [0x0000020dda8c2960, 0x0000020dda8c2e50]
Event: 35.536 Thread 0x0000020de8c1daf0 7025       4       org.objectweb.asm.MethodVisitor::visitFrame (22 bytes)
Event: 35.537 Thread 0x0000020de8c1daf0 nmethod 7025 0x0000020dda8c3290 code [0x0000020dda8c3400, 0x0000020dda8c34d8]
Event: 35.537 Thread 0x0000020de8c1daf0 7026       4       org.gradle.internal.classpath.transforms.AdhocInterceptors::visitMethodInsn (56 bytes)
Event: 35.564 Thread 0x0000020de8c1e5a0 7064 %     3       org.objectweb.asm.AnnotationWriter::computeParameterAnnotationsSize @ 10 (51 bytes)
Event: 35.565 Thread 0x0000020de8c1e5a0 nmethod 7064% 0x0000020dd355e910 code [0x0000020dd355eac0, 0x0000020dd355ede8]
Event: 35.579 Thread 0x0000020de8c1daf0 nmethod 7026 0x0000020dda8c3590 code [0x0000020dda8c3860, 0x0000020dda8c5438]
Event: 35.579 Thread 0x0000020de8c1daf0 7063       4       org.objectweb.asm.AnnotationWriter::putParameterAnnotations (173 bytes)
Event: 35.620 Thread 0x0000020de8c1daf0 nmethod 7063 0x0000020dda8c6510 code [0x0000020dda8c6700, 0x0000020dda8c7588]
Event: 35.620 Thread 0x0000020de8c1daf0 7031       4       org.gradle.internal.classpath.generated.InterceptorDeclaration_ConfigCacheJvmBytecode::visitMethodInsn (4411 bytes)
Event: 35.660 Thread 0x0000020de8c1e5a0 7069       2       java.util.Formatter$FormatSpecifier::print (230 bytes)
Event: 35.661 Thread 0x0000020de8c1e5a0 nmethod 7069 0x0000020dd355ef90 code [0x0000020dd355f1e0, 0x0000020dd355f6a8]
Event: 35.671 Thread 0x0000020de8c1daf0 nmethod 7031 0x0000020dda8c7e90 code [0x0000020dda8c8660, 0x0000020dda8cb4a8]
Event: 35.671 Thread 0x0000020de8c1daf0 7068       4       org.objectweb.asm.ClassReader::createDebugLabel (23 bytes)
Event: 35.676 Thread 0x0000020de8c1daf0 nmethod 7068 0x0000020dda8cd410 code [0x0000020dda8cd5a0, 0x0000020dda8cd7d8]
Event: 35.676 Thread 0x0000020de8c1daf0 7033       4       org.gradle.internal.classpath.generated.InterceptorDeclaration_PropertyUpgradesJvmBytecode_TestingJvm::visitMethodInsn (110 bytes)
Event: 35.696 Thread 0x0000020de8c1daf0 nmethod 7033 0x0000020dda8cd910 code [0x0000020dda8cdb40, 0x0000020dda8ce720]
Event: 35.696 Thread 0x0000020de8c1daf0 7072       4       java.util.Arrays::binarySearch0 (74 bytes)
Event: 35.697 Thread 0x0000020de8c1daf0 nmethod 7072 0x0000020dda8cec90 code [0x0000020dda8cee00, 0x0000020dda8cef38]
Event: 35.697 Thread 0x0000020de8c1daf0 7015       4       org.gradle.internal.classpath.transforms.InstrumentingBackwardsCompatibilityVisitor::visitField (19 bytes)

GC Heap History (20 events):
Event: 28.076 GC heap before
{Heap before GC invocations=17 (full 0):
 garbage-first heap   total 165888K, used 130930K [0x0000000080000000, 0x0000000100000000)
  region size 1024K, 81 young (82944K), 2 survivors (2048K)
 Metaspace       used 55032K, committed 55488K, reserved 1114112K
  class space    used 7403K, committed 7616K, reserved 1048576K
}
Event: 28.087 GC heap after
{Heap after GC invocations=18 (full 0):
 garbage-first heap   total 165888K, used 51841K [0x0000000080000000, 0x0000000100000000)
  region size 1024K, 8 young (8192K), 8 survivors (8192K)
 Metaspace       used 55032K, committed 55488K, reserved 1114112K
  class space    used 7403K, committed 7616K, reserved 1048576K
}
Event: 29.563 GC heap before
{Heap before GC invocations=18 (full 0):
 garbage-first heap   total 165888K, used 132737K [0x0000000080000000, 0x0000000100000000)
  region size 1024K, 83 young (84992K), 8 survivors (8192K)
 Metaspace       used 58839K, committed 59328K, reserved 1114112K
  class space    used 8048K, committed 8256K, reserved 1048576K
}
Event: 29.576 GC heap after
{Heap after GC invocations=19 (full 0):
 garbage-first heap   total 165888K, used 59178K [0x0000000080000000, 0x0000000100000000)
  region size 1024K, 5 young (5120K), 5 survivors (5120K)
 Metaspace       used 58839K, committed 59328K, reserved 1114112K
  class space    used 8048K, committed 8256K, reserved 1048576K
}
Event: 30.012 GC heap before
{Heap before GC invocations=19 (full 0):
 garbage-first heap   total 165888K, used 131882K [0x0000000080000000, 0x0000000100000000)
  region size 1024K, 76 young (77824K), 5 survivors (5120K)
 Metaspace       used 58839K, committed 59328K, reserved 1114112K
  class space    used 8048K, committed 8256K, reserved 1048576K
}
Event: 30.021 GC heap after
{Heap after GC invocations=20 (full 0):
 garbage-first heap   total 165888K, used 61970K [0x0000000080000000, 0x0000000100000000)
  region size 1024K, 7 young (7168K), 7 survivors (7168K)
 Metaspace       used 58839K, committed 59328K, reserved 1114112K
  class space    used 8048K, committed 8256K, reserved 1048576K
}
Event: 30.763 GC heap before
{Heap before GC invocations=20 (full 0):
 garbage-first heap   total 165888K, used 132626K [0x0000000080000000, 0x0000000100000000)
  region size 1024K, 77 young (78848K), 7 survivors (7168K)
 Metaspace       used 59138K, committed 59584K, reserved 1114112K
  class space    used 8090K, committed 8320K, reserved 1048576K
}
Event: 30.774 GC heap after
{Heap after GC invocations=21 (full 0):
 garbage-first heap   total 165888K, used 62984K [0x0000000080000000, 0x0000000100000000)
  region size 1024K, 8 young (8192K), 8 survivors (8192K)
 Metaspace       used 59138K, committed 59584K, reserved 1114112K
  class space    used 8090K, committed 8320K, reserved 1048576K
}
Event: 31.267 GC heap before
{Heap before GC invocations=21 (full 0):
 garbage-first heap   total 165888K, used 131592K [0x0000000080000000, 0x0000000100000000)
  region size 1024K, 76 young (77824K), 8 survivors (8192K)
 Metaspace       used 59814K, committed 60352K, reserved 1114112K
  class space    used 8159K, committed 8384K, reserved 1048576K
}
Event: 31.286 GC heap after
{Heap after GC invocations=22 (full 0):
 garbage-first heap   total 165888K, used 70908K [0x0000000080000000, 0x0000000100000000)
  region size 1024K, 10 young (10240K), 10 survivors (10240K)
 Metaspace       used 59814K, committed 60352K, reserved 1114112K
  class space    used 8159K, committed 8384K, reserved 1048576K
}
Event: 32.225 GC heap before
{Heap before GC invocations=22 (full 0):
 garbage-first heap   total 165888K, used 135420K [0x0000000080000000, 0x0000000100000000)
  region size 1024K, 69 young (70656K), 10 survivors (10240K)
 Metaspace       used 60162K, committed 60608K, reserved 1114112K
  class space    used 8179K, committed 8384K, reserved 1048576K
}
Event: 32.242 GC heap after
{Heap after GC invocations=23 (full 0):
 garbage-first heap   total 165888K, used 75455K [0x0000000080000000, 0x0000000100000000)
  region size 1024K, 2 young (2048K), 2 survivors (2048K)
 Metaspace       used 60162K, committed 60608K, reserved 1114112K
  class space    used 8179K, committed 8384K, reserved 1048576K
}
Event: 33.080 GC heap before
{Heap before GC invocations=23 (full 0):
 garbage-first heap   total 165888K, used 133823K [0x0000000080000000, 0x0000000100000000)
  region size 1024K, 59 young (60416K), 2 survivors (2048K)
 Metaspace       used 60322K, committed 60800K, reserved 1114112K
  class space    used 8202K, committed 8384K, reserved 1048576K
}
Event: 33.083 GC heap after
{Heap after GC invocations=24 (full 0):
 garbage-first heap   total 199680K, used 75584K [0x0000000080000000, 0x0000000100000000)
  region size 1024K, 2 young (2048K), 2 survivors (2048K)
 Metaspace       used 60322K, committed 60800K, reserved 1114112K
  class space    used 8202K, committed 8384K, reserved 1048576K
}
Event: 34.058 GC heap before
{Heap before GC invocations=25 (full 0):
 garbage-first heap   total 199680K, used 162624K [0x0000000080000000, 0x0000000100000000)
  region size 1024K, 87 young (89088K), 2 survivors (2048K)
 Metaspace       used 60304K, committed 60800K, reserved 1114112K
  class space    used 8196K, committed 8384K, reserved 1048576K
}
Event: 34.061 GC heap after
{Heap after GC invocations=26 (full 0):
 garbage-first heap   total 199680K, used 75718K [0x0000000080000000, 0x0000000100000000)
  region size 1024K, 2 young (2048K), 2 survivors (2048K)
 Metaspace       used 60304K, committed 60800K, reserved 1114112K
  class space    used 8196K, committed 8384K, reserved 1048576K
}
Event: 34.760 GC heap before
{Heap before GC invocations=26 (full 0):
 garbage-first heap   total 199680K, used 165830K [0x0000000080000000, 0x0000000100000000)
  region size 1024K, 90 young (92160K), 2 survivors (2048K)
 Metaspace       used 60331K, committed 60800K, reserved 1114112K
  class space    used 8197K, committed 8384K, reserved 1048576K
}
Event: 34.763 GC heap after
{Heap after GC invocations=27 (full 0):
 garbage-first heap   total 199680K, used 76355K [0x0000000080000000, 0x0000000100000000)
  region size 1024K, 3 young (3072K), 3 survivors (3072K)
 Metaspace       used 60331K, committed 60800K, reserved 1114112K
  class space    used 8197K, committed 8384K, reserved 1048576K
}
Event: 35.511 GC heap before
{Heap before GC invocations=27 (full 0):
 garbage-first heap   total 199680K, used 167491K [0x0000000080000000, 0x0000000100000000)
  region size 1024K, 92 young (94208K), 3 survivors (3072K)
 Metaspace       used 60354K, committed 60800K, reserved 1114112K
  class space    used 8197K, committed 8384K, reserved 1048576K
}
Event: 35.514 GC heap after
{Heap after GC invocations=28 (full 0):
 garbage-first heap   total 199680K, used 77317K [0x0000000080000000, 0x0000000100000000)
  region size 1024K, 4 young (4096K), 4 survivors (4096K)
 Metaspace       used 60354K, committed 60800K, reserved 1114112K
  class space    used 8197K, committed 8384K, reserved 1048576K
}

Dll operation events (3 events):
Event: 0.039 Loaded shared library C:\Program Files\Android\Android Studio\jbr\bin\java.dll
Event: 0.214 Loaded shared library C:\Program Files\Android\Android Studio\jbr\bin\zip.dll
Event: 11.267 Loaded shared library C:\Program Files\Android\Android Studio\jbr\bin\verify.dll

Deoptimization events (20 events):
Event: 35.515 Thread 0x0000020def1d12b0 DEOPT PACKING pc=0x0000020dd32418da sp=0x0000007bceefa500
Event: 35.515 Thread 0x0000020def1d12b0 DEOPT UNPACKING pc=0x0000020dd9f07143 sp=0x0000007bceef9c10 mode 0
Event: 35.516 Thread 0x0000020def1d12b0 DEOPT PACKING pc=0x0000020dd347c12c sp=0x0000007bceefaae0
Event: 35.516 Thread 0x0000020def1d12b0 DEOPT UNPACKING pc=0x0000020dd9f07143 sp=0x0000007bceefa090 mode 0
Event: 35.541 Thread 0x0000020def1d12b0 DEOPT PACKING pc=0x0000020dd32418da sp=0x0000007bceefa500
Event: 35.541 Thread 0x0000020def1d12b0 DEOPT UNPACKING pc=0x0000020dd9f07143 sp=0x0000007bceef9c10 mode 0
Event: 35.572 Thread 0x0000020def1d12b0 DEOPT PACKING pc=0x0000020dd32418da sp=0x0000007bceefa500
Event: 35.572 Thread 0x0000020def1d12b0 DEOPT UNPACKING pc=0x0000020dd9f07143 sp=0x0000007bceef9c10 mode 0
Event: 35.620 Thread 0x0000020def1d12b0 DEOPT PACKING pc=0x0000020dd32418da sp=0x0000007bceefa500
Event: 35.620 Thread 0x0000020def1d12b0 DEOPT UNPACKING pc=0x0000020dd9f07143 sp=0x0000007bceef9c10 mode 0
Event: 35.633 Thread 0x0000020def1d12b0 DEOPT PACKING pc=0x0000020dd32418da sp=0x0000007bceefa500
Event: 35.633 Thread 0x0000020def1d12b0 DEOPT UNPACKING pc=0x0000020dd9f07143 sp=0x0000007bceef9c10 mode 0
Event: 35.648 Thread 0x0000020def1d12b0 DEOPT PACKING pc=0x0000020dd32418da sp=0x0000007bceefa500
Event: 35.648 Thread 0x0000020def1d12b0 DEOPT UNPACKING pc=0x0000020dd9f07143 sp=0x0000007bceef9c10 mode 0
Event: 35.657 Thread 0x0000020def1d12b0 DEOPT PACKING pc=0x0000020dd32418da sp=0x0000007bceefa500
Event: 35.657 Thread 0x0000020def1d12b0 DEOPT UNPACKING pc=0x0000020dd9f07143 sp=0x0000007bceef9c10 mode 0
Event: 35.679 Thread 0x0000020def1d12b0 DEOPT PACKING pc=0x0000020dd32418da sp=0x0000007bceefa500
Event: 35.679 Thread 0x0000020def1d12b0 DEOPT UNPACKING pc=0x0000020dd9f07143 sp=0x0000007bceef9c10 mode 0
Event: 35.702 Thread 0x0000020def1d12b0 DEOPT PACKING pc=0x0000020dd32418da sp=0x0000007bceefa500
Event: 35.702 Thread 0x0000020def1d12b0 DEOPT UNPACKING pc=0x0000020dd9f07143 sp=0x0000007bceef9c10 mode 0

Classes unloaded (5 events):
Event: 33.248 Thread 0x0000020de8a75af0 Unloading class 0x000000010073c410 '_BuildScript_$_run_closure1$_closure2'
Event: 33.248 Thread 0x0000020de8a75af0 Unloading class 0x000000010073c000 '_BuildScript_$_run_closure1'
Event: 33.248 Thread 0x0000020de8a75af0 Unloading class 0x0000000100736800 '_BuildScript_'
Event: 33.248 Thread 0x0000020de8a75af0 Unloading class 0x00000001006b0558 '_BuildScript_$_run_closure1'
Event: 33.248 Thread 0x0000020de8a75af0 Unloading class 0x00000001006b0000 '_BuildScript_'

Classes redefined (0 events):
No events

Internal exceptions (20 events):
Event: 28.358 Thread 0x0000020dee8cd910 Exception <a 'java/lang/NoSuchMethodError'{0x0000000089b5c2a8}: 'java.lang.Object java.lang.invoke.DirectMethodHandle$Holder.invokeSpecial(java.lang.Object, java.lang.Object, java.lang.Object, java.lang.Object, long)'> (0x0000000089b5c2a8) 
thrown [s\src\hotspot\share\interpreter\linkResolver.cpp, line 771]
Event: 28.358 Thread 0x0000020dee8cd910 Exception <a 'java/lang/NoSuchMethodError'{0x0000000089b60c78}: 'java.lang.Object java.lang.invoke.Invokers$Holder.linkToTargetMethod(java.lang.Object, java.lang.Object, long, java.lang.Object)'> (0x0000000089b60c78) 
thrown [s\src\hotspot\share\interpreter\linkResolver.cpp, line 771]
Event: 28.517 Thread 0x0000020dee8cd910 Implicit null exception at 0x0000020dda658eec to 0x0000020dda658f90
Event: 28.540 Thread 0x0000020dee8cd910 Exception <a 'java/lang/ClassNotFoundException'{0x00000000896f7248}: org/gradle/api/internal/artifacts/dsl/dependencies/DefaultDependencyHandler_DecoratedBeanInfo> (0x00000000896f7248) 
thrown [s\src\hotspot\share\classfile\systemDictionary.cpp, line 256]
Event: 28.542 Thread 0x0000020dee8cd910 Exception <a 'java/lang/ClassNotFoundException'{0x000000008950ef68}: org/gradle/api/internal/artifacts/dsl/dependencies/DefaultDependencyHandlerBeanInfo> (0x000000008950ef68) 
thrown [s\src\hotspot\share\classfile\systemDictionary.cpp, line 256]
Event: 28.543 Thread 0x0000020dee8cd910 Exception <a 'java/lang/ClassNotFoundException'{0x00000000895269d8}: org/gradle/api/internal/artifacts/dsl/dependencies/DefaultDependencyHandlerCustomizer> (0x00000000895269d8) 
thrown [s\src\hotspot\share\classfile\systemDictionary.cpp, line 256]
Event: 28.546 Thread 0x0000020dee8cd910 Exception <a 'java/lang/ClassNotFoundException'{0x0000000089567cd8}: org/gradle/api/internal/artifacts/dsl/dependencies/DefaultDependencyHandler_DecoratedCustomizer> (0x0000000089567cd8) 
thrown [s\src\hotspot\share\classfile\systemDictionary.cpp, line 256]
Event: 28.552 Thread 0x0000020dee8cd910 Exception <a 'java/lang/ClassNotFoundException'{0x00000000895ac6c8}: sync_studio_tooling10_5ojvpuotiiomwh4bmjzw2cufg$_run_closure1BeanInfo> (0x00000000895ac6c8) 
thrown [s\src\hotspot\share\classfile\systemDictionary.cpp, line 256]
Event: 28.553 Thread 0x0000020dee8cd910 Exception <a 'java/lang/ClassNotFoundException'{0x00000000895b3dc0}: sync_studio_tooling10_5ojvpuotiiomwh4bmjzw2cufg$_run_closure1Customizer> (0x00000000895b3dc0) 
thrown [s\src\hotspot\share\classfile\systemDictionary.cpp, line 256]
Event: 28.609 Thread 0x0000020dee8cd910 Exception <a 'java/lang/NoSuchMethodError'{0x000000008926f4a8}: 'java.lang.Object java.lang.invoke.DirectMethodHandle$Holder.newInvokeSpecial(java.lang.Object, int, java.lang.Object)'> (0x000000008926f4a8) 
thrown [s\src\hotspot\share\interpreter\linkResolver.cpp, line 771]
Event: 28.867 Thread 0x0000020dee8cd910 Exception <a 'java/lang/NoSuchMethodError'{0x0000000088a1ef58}: 'java.lang.Object java.lang.invoke.DirectMethodHandle$Holder.invokeSpecial(java.lang.Object, java.lang.Object, long, java.lang.Object, java.lang.Object)'> (0x0000000088a1ef58) 
thrown [s\src\hotspot\share\interpreter\linkResolver.cpp, line 771]
Event: 29.094 Thread 0x0000020dee8cd910 Exception <a 'java/lang/NoSuchMethodError'{0x0000000088607528}: 'int java.lang.invoke.DirectMethodHandle$Holder.invokeInterface(java.lang.Object, java.lang.Object, java.lang.Object, java.lang.Object, java.lang.Object)'> (0x0000000088607528) 
thrown [s\src\hotspot\share\interpreter\linkResolver.cpp, line 771]
Event: 29.096 Thread 0x0000020dee8cd910 Exception <a 'java/lang/IncompatibleClassChangeError'{0x0000000088611d88}: Found class java.lang.Object, but interface was expected> (0x0000000088611d88) 
thrown [s\src\hotspot\share\interpreter\linkResolver.cpp, line 838]
Event: 29.145 Thread 0x0000020dee8cd910 Exception <a 'java/lang/NoSuchMethodError'{0x0000000088564560}: 'java.lang.Object java.lang.invoke.DirectMethodHandle$Holder.newInvokeSpecial(java.lang.Object, java.lang.Object, java.lang.Object, java.lang.Object, int, java.lang.Object)'> (0x0000000088564560) 
thrown [s\src\hotspot\share\interpreter\linkResolver.cpp, line 771]
Event: 29.146 Thread 0x0000020dee8cd910 Exception <a 'java/lang/NoSuchMethodError'{0x000000008856d3f0}: 'java.lang.Object java.lang.invoke.Invokers$Holder.linkToTargetMethod(java.lang.Object, java.lang.Object, java.lang.Object, int, java.lang.Object, java.lang.Object)'> (0x000000008856d3f0) 
thrown [s\src\hotspot\share\interpreter\linkResolver.cpp, line 771]
Event: 30.216 Thread 0x0000020dee8cd910 Implicit null exception at 0x0000020dda7326e3 to 0x0000020dda732b4f
Event: 30.556 Thread 0x0000020dee8cd910 Exception <a 'java/lang/NoSuchMethodError'{0x0000000086246b50}: 'java.lang.Object java.lang.invoke.DirectMethodHandle$Holder.invokeSpecialIFC(java.lang.Object, java.lang.Object, java.lang.Object)'> (0x0000000086246b50) 
thrown [s\src\hotspot\share\interpreter\linkResolver.cpp, line 771]
Event: 31.017 Thread 0x0000020dee8cd910 Exception <a 'sun/nio/fs/WindowsException'{0x0000000087306f00}> (0x0000000087306f00) 
thrown [s\src\hotspot\share\prims\jni.cpp, line 531]
Event: 31.442 Thread 0x0000020def1d12b0 Exception <a 'sun/nio/fs/WindowsException'{0x000000008a03a900}> (0x000000008a03a900) 
thrown [s\src\hotspot\share\prims\jni.cpp, line 531]
Event: 31.992 Thread 0x0000020dee8cd910 Exception <a 'sun/nio/fs/WindowsException'{0x0000000087890748}> (0x0000000087890748) 
thrown [s\src\hotspot\share\prims\jni.cpp, line 531]

VM Operations (20 events):
Event: 32.225 Executing VM operation: G1CollectForAllocation
Event: 32.244 Executing VM operation: G1CollectForAllocation done
Event: 32.294 Executing VM operation: HandshakeAllThreads
Event: 32.294 Executing VM operation: HandshakeAllThreads done
Event: 32.532 Executing VM operation: HandshakeAllThreads
Event: 32.532 Executing VM operation: HandshakeAllThreads done
Event: 32.621 Executing VM operation: HandshakeAllThreads
Event: 32.621 Executing VM operation: HandshakeAllThreads done
Event: 33.080 Executing VM operation: G1CollectForAllocation
Event: 33.083 Executing VM operation: G1CollectForAllocation done
Event: 33.247 Executing VM operation: G1PauseRemark
Event: 33.266 Executing VM operation: G1PauseRemark done
Event: 33.325 Executing VM operation: G1PauseCleanup
Event: 33.332 Executing VM operation: G1PauseCleanup done
Event: 34.058 Executing VM operation: G1CollectForAllocation
Event: 34.061 Executing VM operation: G1CollectForAllocation done
Event: 34.760 Executing VM operation: G1CollectForAllocation
Event: 34.763 Executing VM operation: G1CollectForAllocation done
Event: 35.511 Executing VM operation: G1CollectForAllocation
Event: 35.514 Executing VM operation: G1CollectForAllocation done

Events (20 events):
Event: 30.049 loading class java/util/concurrent/LinkedBlockingDeque$AbstractItr done
Event: 30.049 loading class java/util/concurrent/LinkedBlockingDeque$Itr done
Event: 30.179 Thread 0x0000020def778ab0 Thread exited: 0x0000020def778ab0
Event: 30.558 Thread 0x0000020def1d12b0 Thread added: 0x0000020def1d12b0
Event: 30.559 Thread 0x0000020def1d21e0 Thread added: 0x0000020def1d21e0
Event: 30.846 Thread 0x0000020df06e58a0 Thread added: 0x0000020df06e58a0
Event: 31.044 loading class java/nio/charset/UnsupportedCharsetException
Event: 31.044 loading class java/nio/charset/UnsupportedCharsetException done
Event: 31.050 loading class java/util/Collections$UnmodifiableSortedMap
Event: 31.051 loading class java/util/Collections$UnmodifiableSortedMap done
Event: 31.053 loading class java/util/zip/Deflater
Event: 31.054 loading class java/util/zip/Deflater done
Event: 31.055 loading class java/util/zip/Deflater$DeflaterZStreamRef
Event: 31.055 loading class java/util/zip/Deflater$DeflaterZStreamRef done
Event: 31.107 loading class java/nio/StringCharBuffer
Event: 31.107 loading class java/nio/StringCharBuffer done
Event: 31.469 loading class java/security/Key
Event: 31.470 loading class java/security/Key done
Event: 33.865 loading class jdk/internal/access/foreign/MemorySegmentProxy
Event: 33.865 loading class jdk/internal/access/foreign/MemorySegmentProxy done


Dynamic libraries:
0x00007ff6ba0e0000 - 0x00007ff6ba0ea000 	C:\Program Files\Android\Android Studio\jbr\bin\java.exe
0x00007ffbf0010000 - 0x00007ffbf0208000 	C:\WINDOWS\SYSTEM32\ntdll.dll
0x00007ffbc2d60000 - 0x00007ffbc2d80000 	C:\Program Files\Avast Software\Avast\aswhook.dll
0x00007ffbeedf0000 - 0x00007ffbeeeb2000 	C:\WINDOWS\System32\KERNEL32.DLL
0x00007ffbed8d0000 - 0x00007ffbedbc6000 	C:\WINDOWS\System32\KERNELBASE.dll
0x00007ffbedbd0000 - 0x00007ffbedcd0000 	C:\WINDOWS\System32\ucrtbase.dll
0x00007ffbdb250000 - 0x00007ffbdb267000 	C:\Program Files\Android\Android Studio\jbr\bin\jli.dll
0x00007ffbdda60000 - 0x00007ffbdda7b000 	C:\Program Files\Android\Android Studio\jbr\bin\VCRUNTIME140.dll
0x00007ffbef1d0000 - 0x00007ffbef371000 	C:\WINDOWS\System32\USER32.dll
0x00007ffbedf60000 - 0x00007ffbedf82000 	C:\WINDOWS\System32\win32u.dll
0x00007ffbee950000 - 0x00007ffbee97b000 	C:\WINDOWS\System32\GDI32.dll
0x00007ffbd2800000 - 0x00007ffbd2a9b000 	C:\WINDOWS\WinSxS\amd64_microsoft.windows.common-controls_6595b64144ccf1df_6.0.19041.6456_none_60b8a6cb71f64256\COMCTL32.dll
0x00007ffbedcd0000 - 0x00007ffbedde9000 	C:\WINDOWS\System32\gdi32full.dll
0x00007ffbee5c0000 - 0x00007ffbee65e000 	C:\WINDOWS\System32\msvcrt.dll
0x00007ffbedf90000 - 0x00007ffbee02d000 	C:\WINDOWS\System32\msvcp_win.dll
0x00007ffbef1a0000 - 0x00007ffbef1cf000 	C:\WINDOWS\System32\IMM32.DLL
0x00007ffbdda50000 - 0x00007ffbdda5c000 	C:\Program Files\Android\Android Studio\jbr\bin\vcruntime140_1.dll
0x00007ffbdd9c0000 - 0x00007ffbdda4d000 	C:\Program Files\Android\Android Studio\jbr\bin\msvcp140.dll
0x00007ffb465b0000 - 0x00007ffb47233000 	C:\Program Files\Android\Android Studio\jbr\bin\server\jvm.dll
0x00007ffbee030000 - 0x00007ffbee0e1000 	C:\WINDOWS\System32\ADVAPI32.dll
0x00007ffbee660000 - 0x00007ffbee6ff000 	C:\WINDOWS\System32\sechost.dll
0x00007ffbee830000 - 0x00007ffbee950000 	C:\WINDOWS\System32\RPCRT4.dll
0x00007ffbeddf0000 - 0x00007ffbede17000 	C:\WINDOWS\System32\bcrypt.dll
0x00007ffbd2ea0000 - 0x00007ffbd2ec7000 	C:\WINDOWS\SYSTEM32\WINMM.dll
0x00007ffbe5aa0000 - 0x00007ffbe5aaa000 	C:\WINDOWS\SYSTEM32\VERSION.dll
0x00007ffbecbe0000 - 0x00007ffbecc2b000 	C:\WINDOWS\SYSTEM32\POWRPROF.dll
0x00007ffbdcdf0000 - 0x00007ffbdcdf9000 	C:\WINDOWS\SYSTEM32\WSOCK32.dll
0x00007ffbee4f0000 - 0x00007ffbee55b000 	C:\WINDOWS\System32\WS2_32.dll
0x00007ffbecaa0000 - 0x00007ffbecab2000 	C:\WINDOWS\SYSTEM32\UMPDC.dll
0x00007ffbebeb0000 - 0x00007ffbebec2000 	C:\WINDOWS\SYSTEM32\kernel.appcore.dll
0x00007ffbe9d30000 - 0x00007ffbe9d3a000 	C:\Program Files\Android\Android Studio\jbr\bin\jimage.dll
0x00007ffbea3e0000 - 0x00007ffbea5e1000 	C:\WINDOWS\SYSTEM32\DBGHELP.DLL
0x00007ffbe4ac0000 - 0x00007ffbe4af4000 	C:\WINDOWS\SYSTEM32\dbgcore.DLL
0x00007ffbede20000 - 0x00007ffbedea2000 	C:\WINDOWS\System32\bcryptPrimitives.dll
0x00007ffbdb270000 - 0x00007ffbdb27e000 	C:\Program Files\Android\Android Studio\jbr\bin\instrument.dll
0x00007ffbdd8a0000 - 0x00007ffbdd8c5000 	C:\Program Files\Android\Android Studio\jbr\bin\java.dll
0x00007ffbdd880000 - 0x00007ffbdd898000 	C:\Program Files\Android\Android Studio\jbr\bin\zip.dll
0x00007ffbef460000 - 0x00007ffbefbd0000 	C:\WINDOWS\System32\SHELL32.dll
0x00007ffbeb6e0000 - 0x00007ffbebe85000 	C:\WINDOWS\SYSTEM32\windows.storage.dll
0x00007ffbefbe0000 - 0x00007ffbeff34000 	C:\WINDOWS\System32\combase.dll
0x00007ffbed0d0000 - 0x00007ffbed0fb000 	C:\WINDOWS\SYSTEM32\Wldp.dll
0x00007ffbeeec0000 - 0x00007ffbeef8d000 	C:\WINDOWS\System32\OLEAUT32.dll
0x00007ffbeefb0000 - 0x00007ffbef05d000 	C:\WINDOWS\System32\SHCORE.dll
0x00007ffbee490000 - 0x00007ffbee4eb000 	C:\WINDOWS\System32\shlwapi.dll
0x00007ffbed5d0000 - 0x00007ffbed5f4000 	C:\WINDOWS\SYSTEM32\profapi.dll
0x00007ffbdd7b0000 - 0x00007ffbdd7c9000 	C:\Program Files\Android\Android Studio\jbr\bin\net.dll
0x00007ffbea780000 - 0x00007ffbea88a000 	C:\WINDOWS\SYSTEM32\WINHTTP.dll
0x00007ffbece30000 - 0x00007ffbece9a000 	C:\WINDOWS\system32\mswsock.dll
0x00007ffbdc8b0000 - 0x00007ffbdc8c6000 	C:\Program Files\Android\Android Studio\jbr\bin\nio.dll
0x00007ffbdc430000 - 0x00007ffbdc440000 	C:\Program Files\Android\Android Studio\jbr\bin\verify.dll
0x00007ffbdda80000 - 0x00007ffbddaa7000 	C:\Users\lenovo\.gradle\native\c067742578af261105cb4f569cf0c3c89f3d7b1fecec35dd04571415982c5e48\windows-amd64\native-platform.dll
0x00007ffbdc4f0000 - 0x00007ffbdc634000 	C:\Users\lenovo\.gradle\native\100fb08df4bc3b14c8652ba06237920a3bd2aa13389f12d3474272988ae205f9\windows-amd64\native-platform-file-events.dll
0x00007ffbdc8a0000 - 0x00007ffbdc8a9000 	C:\Program Files\Android\Android Studio\jbr\bin\management.dll
0x00007ffbdc460000 - 0x00007ffbdc46b000 	C:\Program Files\Android\Android Studio\jbr\bin\management_ext.dll
0x00007ffbef060000 - 0x00007ffbef068000 	C:\WINDOWS\System32\PSAPI.DLL
0x00007ffbed030000 - 0x00007ffbed048000 	C:\WINDOWS\SYSTEM32\CRYPTSP.dll
0x00007ffbec6e0000 - 0x00007ffbec718000 	C:\WINDOWS\system32\rsaenh.dll
0x00007ffbed590000 - 0x00007ffbed5be000 	C:\WINDOWS\SYSTEM32\USERENV.dll
0x00007ffbed020000 - 0x00007ffbed02c000 	C:\WINDOWS\SYSTEM32\CRYPTBASE.dll
0x00007ffbecac0000 - 0x00007ffbecafb000 	C:\WINDOWS\SYSTEM32\IPHLPAPI.DLL
0x00007ffbefbd0000 - 0x00007ffbefbd8000 	C:\WINDOWS\System32\NSI.dll
0x00007ffbe3190000 - 0x00007ffbe31a7000 	C:\WINDOWS\SYSTEM32\dhcpcsvc6.DLL
0x00007ffbe3eb0000 - 0x00007ffbe3ecd000 	C:\WINDOWS\SYSTEM32\dhcpcsvc.DLL
0x00007ffbecb10000 - 0x00007ffbecbda000 	C:\WINDOWS\SYSTEM32\DNSAPI.dll
0x00007ffbdd780000 - 0x00007ffbdd789000 	C:\Program Files\Android\Android Studio\jbr\bin\extnet.dll
0x00007ffb7e6d0000 - 0x00007ffb7e6d7000 	C:\WINDOWS\system32\wshunix.dll
0x00007ffbec930000 - 0x00007ffbec963000 	C:\WINDOWS\SYSTEM32\ntmarta.dll

dbghelp: loaded successfully - version: 4.0.5 - missing functions: none
symbol engine: initialized successfully - sym options: 0x614 - pdb path: .;C:\Program Files\Android\Android Studio\jbr\bin;C:\WINDOWS\SYSTEM32;C:\Program Files\Avast Software\Avast;C:\WINDOWS\WinSxS\amd64_microsoft.windows.common-controls_6595b64144ccf1df_6.0.19041.6456_none_60b8a6cb71f64256;C:\Program Files\Android\Android Studio\jbr\bin\server;C:\Users\lenovo\.gradle\native\c067742578af261105cb4f569cf0c3c89f3d7b1fecec35dd04571415982c5e48\windows-amd64;C:\Users\lenovo\.gradle\native\100fb08df4bc3b14c8652ba06237920a3bd2aa13389f12d3474272988ae205f9\windows-amd64

VM Arguments:
jvm_args: --add-opens=java.base/java.util=ALL-UNNAMED --add-opens=java.base/java.lang=ALL-UNNAMED --add-opens=java.base/java.lang.invoke=ALL-UNNAMED --add-opens=java.prefs/java.util.prefs=ALL-UNNAMED --add-exports=jdk.compiler/com.sun.tools.javac.api=ALL-UNNAMED --add-exports=jdk.compiler/com.sun.tools.javac.util=ALL-UNNAMED --add-opens=java.base/java.nio.charset=ALL-UNNAMED --add-opens=java.base/java.net=ALL-UNNAMED --add-opens=java.base/java.util.concurrent.atomic=ALL-UNNAMED -Xmx2048m -Dfile.encoding=UTF-8 -Duser.country=US -Duser.language=en -Duser.variant -javaagent:C:\Users\lenovo\.gradle\wrapper\dists\gradle-8.10-bin\deqhafrv1ntovfmgh0nh3npr9\gradle-8.10\lib\agents\gradle-instrumentation-agent-8.10.jar 
java_command: org.gradle.launcher.daemon.bootstrap.GradleDaemon 8.10
java_class_path (initial): C:\Users\lenovo\.gradle\wrapper\dists\gradle-8.10-bin\deqhafrv1ntovfmgh0nh3npr9\gradle-8.10\lib\gradle-daemon-main-8.10.jar
Launcher Type: SUN_STANDARD

[Global flags]
     intx CICompilerCount                          = 3                                         {product} {ergonomic}
     uint ConcGCThreads                            = 1                                         {product} {ergonomic}
     uint G1ConcRefinementThreads                  = 4                                         {product} {ergonomic}
   size_t G1HeapRegionSize                         = 1048576                                   {product} {ergonomic}
    uintx GCDrainStackTargetSize                   = 64                                        {product} {ergonomic}
   size_t InitialHeapSize                          = 127926272                                 {product} {ergonomic}
   size_t MarkStackSize                            = 4194304                                   {product} {ergonomic}
   size_t MaxHeapSize                              = 2147483648                                {product} {command line}
   size_t MaxNewSize                               = 1287651328                                {product} {ergonomic}
   size_t MinHeapDeltaBytes                        = 1048576                                   {product} {ergonomic}
   size_t MinHeapSize                              = 8388608                                   {product} {ergonomic}
    uintx NonNMethodCodeHeapSize                   = 5832780                                {pd product} {ergonomic}
    uintx NonProfiledCodeHeapSize                  = 122912730                              {pd product} {ergonomic}
    uintx ProfiledCodeHeapSize                     = 122912730                              {pd product} {ergonomic}
    uintx ReservedCodeCacheSize                    = 251658240                              {pd product} {ergonomic}
     bool SegmentedCodeCache                       = true                                      {product} {ergonomic}
   size_t SoftMaxHeapSize                          = 2147483648                             {manageable} {ergonomic}
     bool UseCompressedClassPointers               = true                           {product lp64_product} {ergonomic}
     bool UseCompressedOops                        = true                           {product lp64_product} {ergonomic}
     bool UseG1GC                                  = true                                      {product} {ergonomic}
     bool UseLargePagesIndividualAllocation        = false                                  {pd product} {ergonomic}

Logging:
Log output configuration:
 #0: stdout all=warning uptime,level,tags
 #1: stderr all=off uptime,level,tags

Environment Variables:
JAVA_HOME=C:\Program Files\Android\Android Studio\jbr
PATH=C:\Program Files\Eclipse Adoptium\jdk-17.0.16.8-hotspot\bin;C:\flutter\flutter\bin;C:\Program Files (x86)\Common Files\Oracle\Java\java8path;C:\Program Files (x86)\Common Files\Oracle\Java\javapath;C:\Program Files\OpenLogic\jdk-21.0.3.9-hotspot\bin;C:\Windows\system32;C:\Windows;C:\Windows\System32\Wbem;C:\Windows\System32\WindowsPowerShell\v1.0\;C:\Windows\System32\OpenSSH\;C:\Program Files\dotnet\;C:\flutter\bin;C:\Program Files\Git\cmd;C:\Users\lenovo\AppData\Local\Programs\Python\Python313\Scripts\;C:\Users\lenovo\AppData\Local\Programs\Python\Python313\;C:\Program Files\Common Files\Oracle\Java\javapath;C:\Users\lenovo\AppData\Local\Microsoft\WindowsApps;C:\Program Files\JetBrains\PyCharm 2024.2\bin;C:\flutter_windows_3.29.1-stable\bin;C:\Users\lenovo\AppData\Local\Muse Hub\lib;C:\Program Files\PostgreSQL\17\bin;C:\WINDOWS\system32;C:\WINDOWS;C:\WINDOWS\System32\Wbem;C:\WINDOWS\System32\WindowsPowerShell\v1.0\;C:\WINDOWS\System32\OpenSSH\;C:\Program Files\nodejs\;C:\ProgramData\chocolatey\bin;C:\Users\lenovo\AppData\Local\Pub\Cache\bin;C:\Program Files\Eclipse Adoptium\jdk-17.0.16.8-hotspot\bin;C:\flutter\flutter\bin;C:\Program Files (x86)\Common Files\Oracle\Java\java8path;C:\Program Files (x86)\Common Files\Oracle\Java\javapath;C:\Program Files\OpenLogic\jdk-21.0.3.9-hotspot\bin;C:\Windows\system32;C:\Windows;C:\Windows\System32\Wbem;C:\Windows\System32\WindowsPowerShell\v1.0\;C:\Windows\System32\OpenSSH\;C:\Program Files\dotnet\;C:\flutter\bin;C:\Program Files\Git\cmd;C:\Users\lenovo\AppData\Local\Programs\Python\Python313\Scripts\;C:\Users\lenovo\AppData\Local\Programs\Python\Python313\;C:\Program Files\Common Files\Oracle\Java\javapath;C:\Users\lenovo\AppData\Local\Microsoft\WindowsApps;C:\Program Files\JetBrains\PyCharm 2024.2\bin;C:\flutter_windows_3.29.1-stable\bin;C:\Users\lenovo\AppData\Local\Muse Hub\lib;C:\Program Files\PostgreSQL\17\bin;C:\WINDOWS\system32;C:\WINDOWS;C:\WINDOWS\System32\Wbem;C:\WINDOWS\System32\WindowsPowerShell\v1.0\;C:\WINDOWS
USERNAME=lenovo
OS=Windows_NT
PROCESSOR_IDENTIFIER=Intel64 Family 6 Model 142 Stepping 9, GenuineIntel
TMP=C:\Users\lenovo\AppData\Local\Temp
TEMP=C:\Users\lenovo\AppData\Local\Temp



Periodic native trim disabled

JNI global refs:
JNI global refs: 27, weak refs: 5

JNI global refs memory usage: 843, weak refs: 841

Process memory usage:
Resident Set Size: 407624K (5% of 7981676K total physical memory with 339608K free physical memory)

OOME stack traces (most recent first):
Classloader memory used:
Loader org.gradle.internal.classloader.VisitableURLClassLoader                         : 4037K
Loader bootstrap                                                                       : 2486K
Loader org.gradle.initialization.MixInLegacyTypesClassLoader                           : 811K
Loader org.gradle.internal.classloader.VisitableURLClassLoader                         : 88112B
Loader jdk.internal.loader.ClassLoaders$PlatformClassLoader                            : 65699B
Loader jdk.internal.loader.ClassLoaders$AppClassLoader                                 : 29223B
Loader jdk.internal.reflect.DelegatingClassLoader                                      : 27423B
Loader org.gradle.groovy.scripts.internal.DefaultScriptCompilationHandler$ScriptClassLoader: 4306B
Loader org.codehaus.groovy.runtime.callsite.CallSiteClassLoader                        : 876B

Classes loaded by more than one classloader:
Class org.gradle.api.GradleException                                                  : loaded 3 times (x 80B)
Class org.gradle.util.GradleVersion                                                   : loaded 2 times (x 81B)
Class kotlin.collections.AbstractList                                                 : loaded 2 times (x 157B)
Class kotlin.collections.AbstractCollection                                           : loaded 2 times (x 115B)
Class org.gradle.internal.classpath.ClassPath                                         : loaded 2 times (x 68B)
Class org.gradle.api.internal.classpath.DefaultModuleRegistry                         : loaded 2 times (x 84B)
Class org.gradle.internal.exceptions.NonGradleCauseExceptionsHolder                   : loaded 2 times (x 68B)
Class kotlin.enums.EnumEntries                                                        : loaded 2 times (x 68B)
Class org.gradle.api.Action                                                           : loaded 2 times (x 68B)
Class kotlin.enums.EnumEntriesKt                                                      : loaded 2 times (x 69B)
Class org.gradle.api.internal.DefaultClassPathProvider                                : loaded 2 times (x 74B)
Class org.gradle.internal.installation.GradleInstallation$1                           : loaded 2 times (x 73B)
Class org.gradle.internal.exceptions.DefaultMultiCauseException                       : loaded 2 times (x 93B)
Class org.gradle.internal.time.MonotonicClock                                         : loaded 2 times (x 75B)
Class org.gradle.internal.classloader.FilteringClassLoader                            : loaded 2 times (x 103B)
Class org.gradle.internal.classpath.DefaultClassPath$ImmutableUniqueList$Builder      : loaded 2 times (x 73B)
Class kotlin.UninitializedPropertyAccessException                                     : loaded 2 times (x 80B)
Class org.gradle.internal.classloader.ClassLoaderVisitor                              : loaded 2 times (x 74B)
Class org.gradle.internal.time.DefaultCountdownTimer                                  : loaded 2 times (x 86B)
Class org.gradle.internal.service.DefaultServiceLocator                               : loaded 2 times (x 81B)
Class org.gradle.internal.service.UnknownServiceException                             : loaded 2 times (x 81B)
Class org.gradle.internal.classloader.DefaultClassLoaderFactory                       : loaded 2 times (x 80B)
Class org.gradle.internal.classloader.VisitableURLClassLoader$Spec                    : loaded 2 times (x 72B)
Class org.gradle.tooling.model.ProjectModel                                           : loaded 2 times (x 68B)
Class org.gradle.internal.installation.GradleInstallation                             : loaded 2 times (x 73B)
Class org.gradle.api.internal.classpath.ModuleRegistry                                : loaded 2 times (x 68B)
Class kotlin.jvm.internal.markers.KMappedMarker                                       : loaded 2 times (x 68B)
Class org.gradle.api.internal.ClassPathProvider                                       : loaded 2 times (x 68B)
Class org.gradle.internal.classloader.ClasspathUtil$1                                 : loaded 2 times (x 74B)
Class org.gradle.internal.classloader.ClassLoaderFactory                              : loaded 2 times (x 68B)
Class org.gradle.api.internal.classpath.ManifestUtil                                  : loaded 2 times (x 69B)
Class org.gradle.api.specs.Spec                                                       : loaded 2 times (x 68B)
Class kotlin.jvm.internal.Intrinsics                                                  : loaded 2 times (x 69B)
Class org.gradle.internal.IoActions                                                   : loaded 2 times (x 69B)
Class org.gradle.api.internal.classpath.EffectiveClassPath                            : loaded 2 times (x 88B)
Class org.gradle.internal.exceptions.ResolutionProvider                               : loaded 2 times (x 68B)
Class org.gradle.internal.installation.CurrentGradleInstallation                      : loaded 2 times (x 71B)
Class org.gradle.internal.installation.CurrentGradleInstallationLocator               : loaded 2 times (x 69B)
Class org.gradle.api.internal.classpath.Module                                        : loaded 2 times (x 68B)
Class org.gradle.internal.service.CachingServiceLocator                               : loaded 2 times (x 80B)
Class org.gradle.internal.time.Timer                                                  : loaded 2 times (x 68B)
Class org.gradle.internal.classpath.DefaultClassPath                                  : loaded 2 times (x 88B)
Class kotlin.enums.EnumEntriesList                                                    : loaded 2 times (x 183B)
Class org.gradle.internal.time.Time                                                   : loaded 2 times (x 69B)
Class org.gradle.internal.time.TimeSource$1                                           : loaded 2 times (x 75B)
Class kotlin.KotlinNullPointerException                                               : loaded 2 times (x 81B)
Class org.gradle.internal.classloader.SystemClassLoaderSpec                           : loaded 2 times (x 69B)
Class kotlin.Function                                                                 : loaded 2 times (x 68B)
Class org.gradle.api.UncheckedIOException                                             : loaded 2 times (x 80B)
Class org.gradle.api.internal.classpath.GlobalCacheRootsProvider                      : loaded 2 times (x 68B)
Class org.gradle.internal.time.CountdownTimer                                         : loaded 2 times (x 68B)
Class org.gradle.internal.time.Clock                                                  : loaded 2 times (x 68B)
Class org.gradle.internal.classloader.ClasspathUtil                                   : loaded 2 times (x 69B)
Class org.gradle.api.internal.DefaultClassPathRegistry                                : loaded 2 times (x 74B)
Class org.gradle.api.internal.classpath.DefaultModuleRegistry$DefaultModule           : loaded 2 times (x 84B)
Class org.gradle.internal.time.TimeSource                                             : loaded 2 times (x 68B)
Class org.gradle.api.internal.classpath.UnknownModuleException                        : loaded 2 times (x 80B)
Class org.gradle.internal.service.ServiceLookupException                              : loaded 2 times (x 80B)
Class [Lorg.gradle.api.internal.ClassPathProvider;                                    : loaded 2 times (x 67B)
Class org.gradle.internal.operations.MultipleBuildOperationFailures                   : loaded 2 times (x 93B)
Class org.gradle.util.internal.GUtil                                                  : loaded 2 times (x 69B)
Class org.gradle.internal.classloader.ClassLoaderSpec                                 : loaded 2 times (x 69B)
Class org.gradle.internal.classloader.InstrumentingClassLoader                        : loaded 2 times (x 68B)
Class org.gradle.internal.classloader.VisitableURLClassLoader                         : loaded 2 times (x 115B)
Class org.gradle.internal.Cast                                                        : loaded 2 times (x 69B)
Class org.gradle.api.internal.ClassPathRegistry                                       : loaded 2 times (x 68B)
Class org.gradle.internal.classloader.VisitableURLClassLoader$InstrumentingVisitableURLClassLoader: loaded 2 times (x 121B)
Class org.gradle.internal.classloader.ClassLoaderHierarchy                            : loaded 2 times (x 68B)
Class org.gradle.internal.exceptions.MultiCauseException                              : loaded 2 times (x 68B)
Class org.gradle.internal.InternalTransformer                                         : loaded 2 times (x 68B)
Class org.gradle.internal.service.ServiceLocator                                      : loaded 2 times (x 68B)
Class org.gradle.internal.classpath.DefaultClassPath$ImmutableUniqueList              : loaded 2 times (x 159B)
Class org.gradle.internal.time.DefaultTimer                                           : loaded 2 times (x 78B)
Class org.gradle.internal.classpath.TransformedClassPath                              : loaded 2 times (x 94B)
Class kotlin.collections.AbstractList$Companion                                       : loaded 2 times (x 69B)


---------------  S Y S T E M  ---------------

OS:
 Windows 10 , 64 bit Build 19041 (10.0.19041.5915)
OS uptime: 0 days 1:51 hours

CPU: total 4 (initial active 4) (2 cores per cpu, 2 threads per core) family 6 model 142 stepping 9 microcode 0xb4, cx8, cmov, fxsr, ht, mmx, 3dnowpref, sse, sse2, sse3, ssse3, sse4.1, sse4.2, popcnt, lzcnt, tsc, tscinvbit, avx, avx2, aes, erms, clmul, bmi1, bmi2, rtm, adx, fma, vzeroupper, clflush, clflushopt
Processor Information for all 4 processors :
  Max Mhz: 2712, Current Mhz: 803, Mhz Limit: 786

Memory: 4k page, system-wide physical 7794M (335M free)
TotalPageFile size 15986M (AvailPageFile size 2M)
current process WorkingSet (physical memory assigned to process): 398M, peak: 405M
current process commit charge ("private bytes"): 428M, peak: 436M

vm_info: OpenJDK 64-Bit Server VM (17.0.11+0--11852314) for windows-amd64 JRE (17.0.11+0--11852314), built on May 16 2024 21:29:20 by "androidbuild" with MS VC++ 16.10 / 16.11 (VS2019)

END.
